[35m[1mConsolidate compiler generated dependencies of target main_run_node[0m
[ 50%] Built target send_arduino_node
[ 75%] [32mBuilding CXX object CMakeFiles/main_run_node.dir/src/main_run.cpp.o[0m
[01m[K/home/main/main_ws/src/main_motor/src/main_run.cpp:[m[K In member function ‘[01m[Kvoid MainRunNode::webDataCallback(std_msgs::msg::Int64_<std::allocator<void> >::SharedPtr)[m[K’:
[01m[K/home/main/main_ws/src/main_motor/src/main_run.cpp:146:64:[m[K [01;35m[Kwarning: [m[Kunused parameter ‘[01m[Kmsg[m[K’ [[01;35m[K]8;;https://gcc.gnu.org/onlinedocs/gcc/Warning-Options.html#index-Wunused-parameter-Wunused-parameter]8;;[m[K]
  146 |     void webDataCallback([01;35m[Kconst std_msgs::msg::Int64::SharedPtr msg[m[K)
      |                          [01;35m[K~~~~~~~~~~~~~~~~~~~~~~~~~~~~~~~~~~~~~~^~~[m[K
[100%] [32m[1mLinking CXX executable main_run_node[0m
[100%] Built target main_run_node
-- Install configuration: ""
-- Up-to-date: /home/main/main_ws/install/lib/main_motor/send_arduino_node
-- Installing: /home/main/main_ws/install/lib/main_motor/main_run_node
-- Set runtime path of "/home/main/main_ws/install/lib/main_motor/main_run_node" to ""
-- Up-to-date: /home/main/main_ws/install/share/ament_index/resource_index/package_run_dependencies/main_motor
-- Up-to-date: /home/main/main_ws/install/share/ament_index/resource_index/parent_prefix_path/main_motor
-- Up-to-date: /home/main/main_ws/install/share/main_motor/environment/ament_prefix_path.sh
-- Up-to-date: /home/main/main_ws/install/share/main_motor/environment/ament_prefix_path.dsv
-- Up-to-date: /home/main/main_ws/install/share/main_motor/environment/path.sh
-- Up-to-date: /home/main/main_ws/install/share/main_motor/environment/path.dsv
-- Up-to-date: /home/main/main_ws/install/share/main_motor/local_setup.bash
-- Up-to-date: /home/main/main_ws/install/share/main_motor/local_setup.sh
-- Up-to-date: /home/main/main_ws/install/share/main_motor/local_setup.zsh
-- Up-to-date: /home/main/main_ws/install/share/main_motor/local_setup.dsv
-- Installing: /home/main/main_ws/install/share/main_motor/package.dsv
-- Up-to-date: /home/main/main_ws/install/share/ament_index/resource_index/packages/main_motor
-- Up-to-date: /home/main/main_ws/install/share/main_motor/cmake/main_motorConfig.cmake
-- Up-to-date: /home/main/main_ws/install/share/main_motor/cmake/main_motorConfig-version.cmake
-- Up-to-date: /home/main/main_ws/install/share/main_motor/package.xml
