[35m[1mConsolidate compiler generated dependencies of target stella_ahrs_node[0m
[100%] Built target stella_ahrs_node
-- Install configuration: ""
-- Up-to-date: /home/main/main_ws/install/share/stella_ahrs//launch
-- Up-to-date: /home/main/main_ws/install/share/stella_ahrs//launch/stella_ahrs_launch.py
-- Up-to-date: /home/main/main_ws/install/share/stella_ahrs/rviz
-- Up-to-date: /home/main/main_ws/install/share/stella_ahrs/rviz/imu_test.rviz
-- Up-to-date: /home/main/main_ws/install/lib/stella_ahrs/stella_ahrs_node
-- Up-to-date: /home/main/main_ws/install/share/ament_index/resource_index/package_run_dependencies/stella_ahrs
-- Up-to-date: /home/main/main_ws/install/share/ament_index/resource_index/parent_prefix_path/stella_ahrs
-- Up-to-date: /home/main/main_ws/install/share/stella_ahrs/environment/ament_prefix_path.sh
-- Up-to-date: /home/main/main_ws/install/share/stella_ahrs/environment/ament_prefix_path.dsv
-- Up-to-date: /home/main/main_ws/install/share/stella_ahrs/environment/path.sh
-- Up-to-date: /home/main/main_ws/install/share/stella_ahrs/environment/path.dsv
-- Up-to-date: /home/main/main_ws/install/share/stella_ahrs/local_setup.bash
-- Up-to-date: /home/main/main_ws/install/share/stella_ahrs/local_setup.sh
-- Up-to-date: /home/main/main_ws/install/share/stella_ahrs/local_setup.zsh
-- Up-to-date: /home/main/main_ws/install/share/stella_ahrs/local_setup.dsv
-- Installing: /home/main/main_ws/install/share/stella_ahrs/package.dsv
-- Up-to-date: /home/main/main_ws/install/share/ament_index/resource_index/packages/stella_ahrs
-- Up-to-date: /home/main/main_ws/install/share/stella_ahrs/cmake/ament_cmake_export_include_directories-extras.cmake
-- Up-to-date: /home/main/main_ws/install/share/stella_ahrs/cmake/stella_ahrsConfig.cmake
-- Up-to-date: /home/main/main_ws/install/share/stella_ahrs/cmake/stella_ahrsConfig-version.cmake
-- Up-to-date: /home/main/main_ws/install/share/stella_ahrs/package.xml
