[0.189s] Invoking command in '/home/main/main_ws/build/stella_ahrs': CMAKE_PREFIX_PATH=${CMAKE_PREFIX_PATH}:/opt/ros/humble /usr/bin/cmake --build /home/main/main_ws/build/stella_ahrs -- -j16 -l16
[0.237s] [35m[1mConsolidate compiler generated dependencies of target stella_ahrs_node[0m
[0.261s] [100%] Built target stella_ahrs_node
[0.310s] Invoked command in '/home/main/main_ws/build/stella_ahrs' returned '0': CMAKE_PREFIX_PATH=${CMAKE_PREFIX_PATH}:/opt/ros/humble /usr/bin/cmake --build /home/main/main_ws/build/stella_ahrs -- -j16 -l16
[0.311s] Invoking command in '/home/main/main_ws/build/stella_ahrs': CMAKE_PREFIX_PATH=${CMAKE_PREFIX_PATH}:/opt/ros/humble /usr/bin/cmake --install /home/main/main_ws/build/stella_ahrs
[0.319s] -- Install configuration: ""
[0.319s] -- Up-to-date: /home/main/main_ws/install/share/stella_ahrs//launch
[0.320s] -- Up-to-date: /home/main/main_ws/install/share/stella_ahrs//launch/stella_ahrs_launch.py
[0.320s] -- Up-to-date: /home/main/main_ws/install/share/stella_ahrs/rviz
[0.320s] -- Up-to-date: /home/main/main_ws/install/share/stella_ahrs/rviz/imu_test.rviz
[0.325s] -- Up-to-date: /home/main/main_ws/install/lib/stella_ahrs/stella_ahrs_node
[0.325s] -- Up-to-date: /home/main/main_ws/install/share/ament_index/resource_index/package_run_dependencies/stella_ahrs
[0.325s] -- Up-to-date: /home/main/main_ws/install/share/ament_index/resource_index/parent_prefix_path/stella_ahrs
[0.325s] -- Up-to-date: /home/main/main_ws/install/share/stella_ahrs/environment/ament_prefix_path.sh
[0.325s] -- Up-to-date: /home/main/main_ws/install/share/stella_ahrs/environment/ament_prefix_path.dsv
[0.325s] -- Up-to-date: /home/main/main_ws/install/share/stella_ahrs/environment/path.sh
[0.326s] -- Up-to-date: /home/main/main_ws/install/share/stella_ahrs/environment/path.dsv
[0.327s] -- Up-to-date: /home/main/main_ws/install/share/stella_ahrs/local_setup.bash
[0.327s] -- Up-to-date: /home/main/main_ws/install/share/stella_ahrs/local_setup.sh
[0.327s] -- Up-to-date: /home/main/main_ws/install/share/stella_ahrs/local_setup.zsh
[0.327s] -- Up-to-date: /home/main/main_ws/install/share/stella_ahrs/local_setup.dsv
[0.327s] -- Installing: /home/main/main_ws/install/share/stella_ahrs/package.dsv
[0.327s] -- Up-to-date: /home/main/main_ws/install/share/ament_index/resource_index/packages/stella_ahrs
[0.327s] -- Up-to-date: /home/main/main_ws/install/share/stella_ahrs/cmake/ament_cmake_export_include_directories-extras.cmake
[0.327s] -- Up-to-date: /home/main/main_ws/install/share/stella_ahrs/cmake/stella_ahrsConfig.cmake
[0.328s] -- Up-to-date: /home/main/main_ws/install/share/stella_ahrs/cmake/stella_ahrsConfig-version.cmake
[0.328s] -- Up-to-date: /home/main/main_ws/install/share/stella_ahrs/package.xml
[0.381s] Invoked command in '/home/main/main_ws/build/stella_ahrs' returned '0': CMAKE_PREFIX_PATH=${CMAKE_PREFIX_PATH}:/opt/ros/humble /usr/bin/cmake --install /home/main/main_ws/build/stella_ahrs
