[0.725s] Invoking command in '/home/main/main_ws/src/mqtt': PYTHONPATH=/home/main/main_ws/build/mqtt/prefix_override:/usr/lib/python3/dist-packages/colcon_core/task/python/colcon_distutils_commands:/home/main/main_ws/install/lib/python3.10/site-packages:${PYTHONPATH} /usr/bin/python3 -W ignore:setup.py install is deprecated -W ignore:easy_install command is deprecated setup.py egg_info --egg-base ../../build/mqtt build --build-base /home/main/main_ws/build/mqtt/build install --record /home/main/main_ws/build/mqtt/install.log --single-version-externally-managed install_data
[0.885s] running egg_info
[0.886s] writing ../../build/mqtt/mqtt.egg-info/PKG-INFO
[0.886s] writing dependency_links to ../../build/mqtt/mqtt.egg-info/dependency_links.txt
[0.886s] writing entry points to ../../build/mqtt/mqtt.egg-info/entry_points.txt
[0.886s] writing requirements to ../../build/mqtt/mqtt.egg-info/requires.txt
[0.886s] writing top-level names to ../../build/mqtt/mqtt.egg-info/top_level.txt
[0.887s] reading manifest file '../../build/mqtt/mqtt.egg-info/SOURCES.txt'
[0.888s] writing manifest file '../../build/mqtt/mqtt.egg-info/SOURCES.txt'
[0.888s] running build
[0.888s] running build_py
[0.888s] running install
[0.888s] running install_lib
[0.889s] running install_data
[0.889s] running install_egg_info
[0.891s] removing '/home/main/main_ws/install/lib/python3.10/site-packages/mqtt-0.0.0-py3.10.egg-info' (and everything under it)
[0.891s] Copying ../../build/mqtt/mqtt.egg-info to /home/main/main_ws/install/lib/python3.10/site-packages/mqtt-0.0.0-py3.10.egg-info
[0.892s] running install_scripts
[0.907s] Installing sub script to /home/main/main_ws/install/lib/mqtt
[0.907s] writing list of installed files to '/home/main/main_ws/build/mqtt/install.log'
[0.930s] Invoked command in '/home/main/main_ws/src/mqtt' returned '0': PYTHONPATH=/home/main/main_ws/build/mqtt/prefix_override:/usr/lib/python3/dist-packages/colcon_core/task/python/colcon_distutils_commands:/home/main/main_ws/install/lib/python3.10/site-packages:${PYTHONPATH} /usr/bin/python3 -W ignore:setup.py install is deprecated -W ignore:easy_install command is deprecated setup.py egg_info --egg-base ../../build/mqtt build --build-base /home/main/main_ws/build/mqtt/build install --record /home/main/main_ws/build/mqtt/install.log --single-version-externally-managed install_data
