[35m[1mConsolidate compiler generated dependencies of target test_node[0m
[ 66%] Built target main_run_node
[ 83%] [32mBuilding CXX object CMakeFiles/test_node.dir/src/test.cpp.o[0m
[ 66%] Built target send_arduino_node
In file included from [01m[K/opt/ros/humble/include/rclcpp/rclcpp/logging.hpp:24[m[K,
                 from [01m[K/opt/ros/humble/include/rclcpp/rclcpp/client.hpp:40[m[K,
                 from [01m[K/opt/ros/humble/include/rclcpp/rclcpp/callback_group.hpp:24[m[K,
                 from [01m[K/opt/ros/humble/include/rclcpp/rclcpp/any_executable.hpp:20[m[K,
                 from [01m[K/opt/ros/humble/include/rclcpp/rclcpp/memory_strategy.hpp:25[m[K,
                 from [01m[K/opt/ros/humble/include/rclcpp/rclcpp/memory_strategies.hpp:18[m[K,
                 from [01m[K/opt/ros/humble/include/rclcpp/rclcpp/executor_options.hpp:20[m[K,
                 from [01m[K/opt/ros/humble/include/rclcpp/rclcpp/executor.hpp:37[m[K,
                 from [01m[K/opt/ros/humble/include/rclcpp/rclcpp/executors/multi_threaded_executor.hpp:25[m[K,
                 from [01m[K/opt/ros/humble/include/rclcpp/rclcpp/executors.hpp:21[m[K,
                 from [01m[K/opt/ros/humble/include/rclcpp/rclcpp/rclcpp.hpp:155[m[K,
                 from [01m[K/home/main/main_ws/src/main_motor/src/test.cpp:1[m[K:
[01m[K/home/main/main_ws/src/main_motor/src/test.cpp:[m[K In member function ‘[01m[Kvoid TestNode::timerCallback()[m[K’:
[01m[K/home/main/main_ws/src/main_motor/src/test.cpp:81:45:[m[K [01;35m[Kwarning: [m[Kformat ‘[01m[K%c[m[K’ expects argument of type ‘[01m[Kint[m[K’, but argument 5 has type ‘[01m[Kstd::string[m[K’ {aka ‘[01m[Kstd::__cxx11::basic_string<char>[m[K’} [[01;35m[K]8;;https://gcc.gnu.org/onlinedocs/gcc/Warning-Options.html#index-Wformat=-Wformat=]8;;[m[K]
   81 |             RCLCPP_INFO(this->get_logger(), [01;35m[K"Received '%c' to port 1"[m[K, received1);
      |                                             [01;35m[K^~~~~~~~~~~~~~~~~~~~~~~~~[m[K
[01m[K/home/main/main_ws/src/main_motor/src/test.cpp:81:57:[m[K [01;36m[Knote: [m[Kformat string is defined here
   81 |             RCLCPP_INFO(this->get_logger(), "Received '[01;36m[K%c[m[K' to port 1", received1);
      |                                                        [01;36m[K~^[m[K
      |                                                         [01;36m[K|[m[K
      |                                                         [01;36m[Kint[m[K
In file included from [01m[K/opt/ros/humble/include/rclcpp/rclcpp/logging.hpp:24[m[K,
                 from [01m[K/opt/ros/humble/include/rclcpp/rclcpp/client.hpp:40[m[K,
                 from [01m[K/opt/ros/humble/include/rclcpp/rclcpp/callback_group.hpp:24[m[K,
                 from [01m[K/opt/ros/humble/include/rclcpp/rclcpp/any_executable.hpp:20[m[K,
                 from [01m[K/opt/ros/humble/include/rclcpp/rclcpp/memory_strategy.hpp:25[m[K,
                 from [01m[K/opt/ros/humble/include/rclcpp/rclcpp/memory_strategies.hpp:18[m[K,
                 from [01m[K/opt/ros/humble/include/rclcpp/rclcpp/executor_options.hpp:20[m[K,
                 from [01m[K/opt/ros/humble/include/rclcpp/rclcpp/executor.hpp:37[m[K,
                 from [01m[K/opt/ros/humble/include/rclcpp/rclcpp/executors/multi_threaded_executor.hpp:25[m[K,
                 from [01m[K/opt/ros/humble/include/rclcpp/rclcpp/executors.hpp:21[m[K,
                 from [01m[K/opt/ros/humble/include/rclcpp/rclcpp/rclcpp.hpp:155[m[K,
                 from [01m[K/home/main/main_ws/src/main_motor/src/test.cpp:1[m[K:
[01m[K/home/main/main_ws/src/main_motor/src/test.cpp:88:45:[m[K [01;35m[Kwarning: [m[Kformat ‘[01m[K%c[m[K’ expects argument of type ‘[01m[Kint[m[K’, but argument 5 has type ‘[01m[Kstd::string[m[K’ {aka ‘[01m[Kstd::__cxx11::basic_string<char>[m[K’} [[01;35m[K]8;;https://gcc.gnu.org/onlinedocs/gcc/Warning-Options.html#index-Wformat=-Wformat=]8;;[m[K]
   88 |             RCLCPP_INFO(this->get_logger(), [01;35m[K"Sent '%c' to port 2"[m[K, received2);
      |                                             [01;35m[K^~~~~~~~~~~~~~~~~~~~~[m[K
[01m[K/home/main/main_ws/src/main_motor/src/test.cpp:88:53:[m[K [01;36m[Knote: [m[Kformat string is defined here
   88 |             RCLCPP_INFO(this->get_logger(), "Sent '[01;36m[K%c[m[K' to port 2", received2);
      |                                                    [01;36m[K~^[m[K
      |                                                     [01;36m[K|[m[K
      |                                                     [01;36m[Kint[m[K
[100%] [32m[1mLinking CXX executable test_node[0m
[100%] Built target test_node
-- Install configuration: ""
-- Up-to-date: /home/main/main_ws/install/lib/main_motor/send_arduino_node
-- Up-to-date: /home/main/main_ws/install/lib/main_motor/main_run_node
-- Installing: /home/main/main_ws/install/lib/main_motor/test_node
-- Set runtime path of "/home/main/main_ws/install/lib/main_motor/test_node" to ""
-- Up-to-date: /home/main/main_ws/install/share/ament_index/resource_index/package_run_dependencies/main_motor
-- Up-to-date: /home/main/main_ws/install/share/ament_index/resource_index/parent_prefix_path/main_motor
-- Up-to-date: /home/main/main_ws/install/share/main_motor/environment/ament_prefix_path.sh
-- Up-to-date: /home/main/main_ws/install/share/main_motor/environment/ament_prefix_path.dsv
-- Up-to-date: /home/main/main_ws/install/share/main_motor/environment/path.sh
-- Up-to-date: /home/main/main_ws/install/share/main_motor/environment/path.dsv
-- Up-to-date: /home/main/main_ws/install/share/main_motor/local_setup.bash
-- Up-to-date: /home/main/main_ws/install/share/main_motor/local_setup.sh
-- Up-to-date: /home/main/main_ws/install/share/main_motor/local_setup.zsh
-- Up-to-date: /home/main/main_ws/install/share/main_motor/local_setup.dsv
-- Installing: /home/main/main_ws/install/share/main_motor/package.dsv
-- Up-to-date: /home/main/main_ws/install/share/ament_index/resource_index/packages/main_motor
-- Up-to-date: /home/main/main_ws/install/share/main_motor/cmake/main_motorConfig.cmake
-- Up-to-date: /home/main/main_ws/install/share/main_motor/cmake/main_motorConfig-version.cmake
-- Up-to-date: /home/main/main_ws/install/share/main_motor/package.xml
