/home/main/main_ws/install/lib/python3.10/site-packages/main_teleop/__init__.py
/home/main/main_ws/install/lib/python3.10/site-packages/main_teleop/script/teleop_keyboard.py
/home/main/main_ws/install/lib/python3.10/site-packages/main_teleop/script/__init__.py
/home/main/main_ws/install/lib/python3.10/site-packages/main_teleop/script/teleop_joy.py
/home/main/main_ws/install/lib/python3.10/site-packages/main_teleop/__pycache__/__init__.cpython-310.pyc
/home/main/main_ws/install/lib/python3.10/site-packages/main_teleop/script/__pycache__/teleop_keyboard.cpython-310.pyc
/home/main/main_ws/install/lib/python3.10/site-packages/main_teleop/script/__pycache__/__init__.cpython-310.pyc
/home/main/main_ws/install/lib/python3.10/site-packages/main_teleop/script/__pycache__/teleop_joy.cpython-310.pyc
/home/main/main_ws/install/share/ament_index/resource_index/packages/main_teleop
/home/main/main_ws/install/share/main_teleop/package.xml
/home/main/main_ws/install/share/main_teleop/launch/teleop_joy.launch.py
/home/main/main_ws/install/share/main_teleop/param/teleop_joy.param.yaml
/home/main/main_ws/install/lib/python3.10/site-packages/main_teleop-2.1.2-py3.10.egg-info/top_level.txt
/home/main/main_ws/install/lib/python3.10/site-packages/main_teleop-2.1.2-py3.10.egg-info/requires.txt
/home/main/main_ws/install/lib/python3.10/site-packages/main_teleop-2.1.2-py3.10.egg-info/PKG-INFO
/home/main/main_ws/install/lib/python3.10/site-packages/main_teleop-2.1.2-py3.10.egg-info/zip-safe
/home/main/main_ws/install/lib/python3.10/site-packages/main_teleop-2.1.2-py3.10.egg-info/dependency_links.txt
/home/main/main_ws/install/lib/python3.10/site-packages/main_teleop-2.1.2-py3.10.egg-info/entry_points.txt
/home/main/main_ws/install/lib/python3.10/site-packages/main_teleop-2.1.2-py3.10.egg-info/SOURCES.txt
/home/main/main_ws/install/lib/main_teleop/teleop_joy
/home/main/main_ws/install/lib/main_teleop/teleop_keyboard
