[0.491s] Invoking command in '/home/main/main_ws/src/mqtt': PYTHONPATH=/home/main/main_ws/build/mqtt/prefix_override:/usr/lib/python3/dist-packages/colcon_core/task/python/colcon_distutils_commands:/home/main/main_ws/install/lib/python3.10/site-packages:${PYTHONPATH} /usr/bin/python3 -W ignore:setup.py install is deprecated -W ignore:easy_install command is deprecated setup.py egg_info --egg-base ../../build/mqtt build --build-base /home/main/main_ws/build/mqtt/build install --record /home/main/main_ws/build/mqtt/install.log --single-version-externally-managed install_data
[0.811s] running egg_info
[0.812s] creating ../../build/mqtt/mqtt.egg-info
[0.812s] writing ../../build/mqtt/mqtt.egg-info/PKG-INFO
[0.814s] writing dependency_links to ../../build/mqtt/mqtt.egg-info/dependency_links.txt
[0.814s] writing entry points to ../../build/mqtt/mqtt.egg-info/entry_points.txt
[0.814s] writing requirements to ../../build/mqtt/mqtt.egg-info/requires.txt
[0.814s] writing top-level names to ../../build/mqtt/mqtt.egg-info/top_level.txt
[0.814s] writing manifest file '../../build/mqtt/mqtt.egg-info/SOURCES.txt'
[0.817s] reading manifest file '../../build/mqtt/mqtt.egg-info/SOURCES.txt'
[0.818s] writing manifest file '../../build/mqtt/mqtt.egg-info/SOURCES.txt'
[0.823s] running build
[0.823s] running build_py
[0.823s] creating /home/main/main_ws/build/mqtt/build
[0.823s] creating /home/main/main_ws/build/mqtt/build/lib
[0.824s] creating /home/main/main_ws/build/mqtt/build/lib/mqtt
[0.824s] copying mqtt/subscriber.py -> /home/main/main_ws/build/mqtt/build/lib/mqtt
[0.824s] copying mqtt/__init__.py -> /home/main/main_ws/build/mqtt/build/lib/mqtt
[0.824s] running install
[0.824s] running install_lib
[0.824s] creating /home/main/main_ws/install/lib/python3.10/site-packages/mqtt
[0.824s] copying /home/main/main_ws/build/mqtt/build/lib/mqtt/subscriber.py -> /home/main/main_ws/install/lib/python3.10/site-packages/mqtt
[0.824s] copying /home/main/main_ws/build/mqtt/build/lib/mqtt/__init__.py -> /home/main/main_ws/install/lib/python3.10/site-packages/mqtt
[0.824s] byte-compiling /home/main/main_ws/install/lib/python3.10/site-packages/mqtt/subscriber.py to subscriber.cpython-310.pyc
[0.825s] byte-compiling /home/main/main_ws/install/lib/python3.10/site-packages/mqtt/__init__.py to __init__.cpython-310.pyc
[0.826s] running install_data
[0.827s] copying resource/mqtt -> /home/main/main_ws/install/share/ament_index/resource_index/packages
[0.827s] copying package.xml -> /home/main/main_ws/install/share/mqtt
[0.828s] running install_egg_info
[0.834s] Copying ../../build/mqtt/mqtt.egg-info to /home/main/main_ws/install/lib/python3.10/site-packages/mqtt-0.0.0-py3.10.egg-info
[0.835s] running install_scripts
[0.867s] Installing sub script to /home/main/main_ws/install/lib/mqtt
[0.869s] writing list of installed files to '/home/main/main_ws/build/mqtt/install.log'
[0.923s] Invoked command in '/home/main/main_ws/src/mqtt' returned '0': PYTHONPATH=/home/main/main_ws/build/mqtt/prefix_override:/usr/lib/python3/dist-packages/colcon_core/task/python/colcon_distutils_commands:/home/main/main_ws/install/lib/python3.10/site-packages:${PYTHONPATH} /usr/bin/python3 -W ignore:setup.py install is deprecated -W ignore:easy_install command is deprecated setup.py egg_info --egg-base ../../build/mqtt build --build-base /home/main/main_ws/build/mqtt/build install --record /home/main/main_ws/build/mqtt/install.log --single-version-externally-managed install_data
