-- The C compiler identification is GNU 11.4.0
-- The CXX compiler identification is GNU 11.4.0
-- Detecting C compiler ABI info
-- Detecting C compiler ABI info - done
-- Check for working C compiler: /usr/bin/cc - skipped
-- Detecting C compile features
-- Detecting C compile features - done
-- Detecting CXX compiler ABI info
-- Detecting CXX compiler ABI info - done
-- Check for working CXX compiler: /usr/bin/c++ - skipped
-- Detecting CXX compile features
-- Detecting CXX compile features - done
-- Found ament_cmake: 1.3.11 (/opt/ros/humble/share/ament_cmake/cmake)
-- Found Python3: /usr/bin/python3 (found version "3.10.12") found components: Interpreter 
-- Found rosidl_default_generators: 1.2.0 (/opt/ros/humble/share/rosidl_default_generators/cmake)
-- Using all available rosidl_typesupport_c: rosidl_typesupport_fastrtps_c;rosidl_typesupport_introspection_c
-- Found rosidl_adapter: 3.1.6 (/opt/ros/humble/share/rosidl_adapter/cmake)
-- Using all available rosidl_typesupport_cpp: rosidl_typesupport_fastrtps_cpp;rosidl_typesupport_introspection_cpp
-- Found ament_cmake_ros: 0.10.0 (/opt/ros/humble/share/ament_cmake_ros/cmake)
-- Using all available rosidl_typesupport_c: rosidl_typesupport_fastrtps_c;rosidl_typesupport_introspection_c
-- Using all available rosidl_typesupport_cpp: rosidl_typesupport_fastrtps_cpp;rosidl_typesupport_introspection_cpp
-- Found PythonInterp: /usr/bin/python3 (found suitable version "3.10.12", minimum required is "3.6") 
-- Found python_cmake_module: 0.10.0 (/opt/ros/humble/share/python_cmake_module/cmake)
-- Found PythonLibs: /usr/lib/x86_64-linux-gnu/libpython3.10.so (found suitable version "3.10.12", minimum required is "3.5") 
-- Using PYTHON_EXECUTABLE: /usr/bin/python3
-- Using PYTHON_INCLUDE_DIRS: /usr/include/python3.10
-- Using PYTHON_LIBRARIES: /usr/lib/x86_64-linux-gnu/libpython3.10.so
-- Found PythonExtra: .so  
-- Found ament_lint_auto: 0.12.12 (/opt/ros/humble/share/ament_lint_auto/cmake)
-- Added test 'copyright' to check source files copyright and LICENSE
-- Added test 'lint_cmake' to check CMake code style
-- Added test 'xmllint' to check XML markup files
-- Configuring done
-- Generating done
-- Build files have been written to: /home/main/main_ws/build/main_interface
[  1%] [34m[1mGenerating C code for ROS interfaces[0m
[  2%] [34m[1mGenerating C++ code for ROS interfaces[0m
[  2%] Built target ament_cmake_python_copy_main_interface
running egg_info
creating main_interface.egg-info
writing main_interface.egg-info/PKG-INFO
writing dependency_links to main_interface.egg-info/dependency_links.txt
writing top-level names to main_interface.egg-info/top_level.txt
writing manifest file 'main_interface.egg-info/SOURCES.txt'
reading manifest file 'main_interface.egg-info/SOURCES.txt'
writing manifest file 'main_interface.egg-info/SOURCES.txt'
[  2%] Built target ament_cmake_python_build_main_interface_egg
[  9%] [32mBuilding C object CMakeFiles/main_interface__rosidl_generator_c.dir/rosidl_generator_c/main_interface/srv/detail/battery__functions.c.o[0m
[  9%] [32mBuilding C object CMakeFiles/main_interface__rosidl_generator_c.dir/rosidl_generator_c/main_interface/srv/detail/reset_odom__functions.c.o[0m
[  9%] [32mBuilding C object CMakeFiles/main_interface__rosidl_generator_c.dir/rosidl_generator_c/main_interface/srv/detail/calg__functions.c.o[0m
[  9%] [32mBuilding C object CMakeFiles/main_interface__rosidl_generator_c.dir/rosidl_generator_c/main_interface/srv/detail/onoff__functions.c.o[0m
[  9%] [32mBuilding C object CMakeFiles/main_interface__rosidl_generator_c.dir/rosidl_generator_c/main_interface/srv/detail/color__functions.c.o[0m
[ 11%] [32mBuilding C object CMakeFiles/main_interface__rosidl_generator_c.dir/rosidl_generator_c/main_interface/srv/detail/save_color__functions.c.o[0m
[ 12%] [32m[1mLinking C shared library libmain_interface__rosidl_generator_c.so[0m
[ 12%] Built target main_interface__cpp
[ 14%] [34m[1mGenerating C++ type support dispatch for ROS interfaces[0m
[ 16%] [34m[1mGenerating C++ type support for eProsima Fast-RTPS[0m
[ 16%] [34m[1mGenerating C++ introspection for ROS interfaces[0m
[ 16%] Built target main_interface__rosidl_generator_c
[ 18%] [34m[1mGenerating C type support for eProsima Fast-RTPS[0m
[ 19%] [34m[1mGenerating C introspection for ROS interfaces[0m
[ 21%] [34m[1mGenerating C type support dispatch for ROS interfaces[0m
[ 23%] [32mBuilding CXX object CMakeFiles/main_interface__rosidl_typesupport_c.dir/rosidl_typesupport_c/main_interface/srv/color__type_support.cpp.o[0m
[ 23%] [32mBuilding CXX object CMakeFiles/main_interface__rosidl_typesupport_c.dir/rosidl_typesupport_c/main_interface/srv/battery__type_support.cpp.o[0m
[ 25%] [32mBuilding CXX object CMakeFiles/main_interface__rosidl_typesupport_c.dir/rosidl_typesupport_c/main_interface/srv/calg__type_support.cpp.o[0m
[ 28%] [32mBuilding CXX object CMakeFiles/main_interface__rosidl_typesupport_c.dir/rosidl_typesupport_c/main_interface/srv/onoff__type_support.cpp.o[0m
[ 28%] [32mBuilding CXX object CMakeFiles/main_interface__rosidl_typesupport_c.dir/rosidl_typesupport_c/main_interface/srv/reset_odom__type_support.cpp.o[0m
[ 29%] [32mBuilding CXX object CMakeFiles/main_interface__rosidl_typesupport_c.dir/rosidl_typesupport_c/main_interface/srv/save_color__type_support.cpp.o[0m
[ 30%] [32m[1mLinking CXX shared library libmain_interface__rosidl_typesupport_c.so[0m
[ 33%] [32mBuilding CXX object CMakeFiles/main_interface__rosidl_typesupport_cpp.dir/rosidl_typesupport_cpp/main_interface/srv/color__type_support.cpp.o[0m
[ 33%] [32mBuilding CXX object CMakeFiles/main_interface__rosidl_typesupport_cpp.dir/rosidl_typesupport_cpp/main_interface/srv/calg__type_support.cpp.o[0m
[ 35%] [32mBuilding CXX object CMakeFiles/main_interface__rosidl_typesupport_cpp.dir/rosidl_typesupport_cpp/main_interface/srv/onoff__type_support.cpp.o[0m
[ 36%] [32mBuilding CXX object CMakeFiles/main_interface__rosidl_typesupport_cpp.dir/rosidl_typesupport_cpp/main_interface/srv/battery__type_support.cpp.o[0m
[ 38%] [32mBuilding CXX object CMakeFiles/main_interface__rosidl_typesupport_cpp.dir/rosidl_typesupport_cpp/main_interface/srv/save_color__type_support.cpp.o[0m
[ 39%] [32mBuilding CXX object CMakeFiles/main_interface__rosidl_typesupport_cpp.dir/rosidl_typesupport_cpp/main_interface/srv/reset_odom__type_support.cpp.o[0m
[ 39%] Built target main_interface__rosidl_typesupport_c
[ 40%] [32mBuilding CXX object CMakeFiles/main_interface__rosidl_typesupport_fastrtps_c.dir/rosidl_typesupport_fastrtps_c/main_interface/srv/detail/battery__type_support_c.cpp.o[0m
[ 42%] [32mBuilding CXX object CMakeFiles/main_interface__rosidl_typesupport_fastrtps_c.dir/rosidl_typesupport_fastrtps_c/main_interface/srv/detail/calg__type_support_c.cpp.o[0m
[ 43%] [32mBuilding CXX object CMakeFiles/main_interface__rosidl_typesupport_fastrtps_c.dir/rosidl_typesupport_fastrtps_c/main_interface/srv/detail/color__type_support_c.cpp.o[0m
[ 45%] [32mBuilding CXX object CMakeFiles/main_interface__rosidl_typesupport_fastrtps_c.dir/rosidl_typesupport_fastrtps_c/main_interface/srv/detail/onoff__type_support_c.cpp.o[0m
[ 46%] [32mBuilding CXX object CMakeFiles/main_interface__rosidl_typesupport_fastrtps_c.dir/rosidl_typesupport_fastrtps_c/main_interface/srv/detail/reset_odom__type_support_c.cpp.o[0m
[ 47%] [32mBuilding CXX object CMakeFiles/main_interface__rosidl_typesupport_fastrtps_c.dir/rosidl_typesupport_fastrtps_c/main_interface/srv/detail/save_color__type_support_c.cpp.o[0m
[ 49%] [32mBuilding CXX object CMakeFiles/main_interface__rosidl_typesupport_introspection_cpp.dir/rosidl_typesupport_introspection_cpp/main_interface/srv/detail/battery__type_support.cpp.o[0m
[ 50%] [32mBuilding CXX object CMakeFiles/main_interface__rosidl_typesupport_introspection_cpp.dir/rosidl_typesupport_introspection_cpp/main_interface/srv/detail/calg__type_support.cpp.o[0m
[ 52%] [32mBuilding CXX object CMakeFiles/main_interface__rosidl_typesupport_introspection_cpp.dir/rosidl_typesupport_introspection_cpp/main_interface/srv/detail/color__type_support.cpp.o[0m
[ 53%] [32mBuilding C object CMakeFiles/main_interface__rosidl_typesupport_introspection_c.dir/rosidl_typesupport_introspection_c/main_interface/srv/detail/battery__type_support.c.o[0m
[ 54%] [32mBuilding CXX object CMakeFiles/main_interface__rosidl_typesupport_fastrtps_cpp.dir/rosidl_typesupport_fastrtps_cpp/main_interface/srv/detail/dds_fastrtps/battery__type_support.cpp.o[0m
[ 56%] [32mBuilding CXX object CMakeFiles/main_interface__rosidl_typesupport_fastrtps_cpp.dir/rosidl_typesupport_fastrtps_cpp/main_interface/srv/detail/dds_fastrtps/calg__type_support.cpp.o[0m
[ 57%] [32mBuilding CXX object CMakeFiles/main_interface__rosidl_typesupport_fastrtps_cpp.dir/rosidl_typesupport_fastrtps_cpp/main_interface/srv/detail/dds_fastrtps/onoff__type_support.cpp.o[0m
[ 59%] [32mBuilding CXX object CMakeFiles/main_interface__rosidl_typesupport_fastrtps_cpp.dir/rosidl_typesupport_fastrtps_cpp/main_interface/srv/detail/dds_fastrtps/color__type_support.cpp.o[0m
[ 60%] [32mBuilding CXX object CMakeFiles/main_interface__rosidl_typesupport_fastrtps_cpp.dir/rosidl_typesupport_fastrtps_cpp/main_interface/srv/detail/dds_fastrtps/reset_odom__type_support.cpp.o[0m
[ 61%] [32mBuilding C object CMakeFiles/main_interface__rosidl_typesupport_introspection_c.dir/rosidl_typesupport_introspection_c/main_interface/srv/detail/calg__type_support.c.o[0m
[ 63%] [32mBuilding C object CMakeFiles/main_interface__rosidl_typesupport_introspection_c.dir/rosidl_typesupport_introspection_c/main_interface/srv/detail/color__type_support.c.o[0m
[ 64%] [32mBuilding C object CMakeFiles/main_interface__rosidl_typesupport_introspection_c.dir/rosidl_typesupport_introspection_c/main_interface/srv/detail/onoff__type_support.c.o[0m
[ 66%] [32mBuilding CXX object CMakeFiles/main_interface__rosidl_typesupport_fastrtps_cpp.dir/rosidl_typesupport_fastrtps_cpp/main_interface/srv/detail/dds_fastrtps/save_color__type_support.cpp.o[0m
[ 67%] [32mBuilding C object CMakeFiles/main_interface__rosidl_typesupport_introspection_c.dir/rosidl_typesupport_introspection_c/main_interface/srv/detail/reset_odom__type_support.c.o[0m
[ 69%] [32m[1mLinking CXX shared library libmain_interface__rosidl_typesupport_cpp.so[0m
[ 70%] [32mBuilding CXX object CMakeFiles/main_interface__rosidl_typesupport_introspection_cpp.dir/rosidl_typesupport_introspection_cpp/main_interface/srv/detail/onoff__type_support.cpp.o[0m
[ 71%] [32mBuilding C object CMakeFiles/main_interface__rosidl_typesupport_introspection_c.dir/rosidl_typesupport_introspection_c/main_interface/srv/detail/save_color__type_support.c.o[0m
[ 73%] [32mBuilding CXX object CMakeFiles/main_interface__rosidl_typesupport_introspection_cpp.dir/rosidl_typesupport_introspection_cpp/main_interface/srv/detail/reset_odom__type_support.cpp.o[0m
[ 74%] [32mBuilding CXX object CMakeFiles/main_interface__rosidl_typesupport_introspection_cpp.dir/rosidl_typesupport_introspection_cpp/main_interface/srv/detail/save_color__type_support.cpp.o[0m
[ 74%] Built target main_interface__rosidl_typesupport_cpp
[ 76%] [32m[1mLinking C shared library libmain_interface__rosidl_typesupport_introspection_c.so[0m
[ 77%] [32m[1mLinking CXX shared library libmain_interface__rosidl_typesupport_fastrtps_c.so[0m
[ 77%] Built target main_interface__rosidl_typesupport_introspection_c
[ 77%] Built target main_interface__rosidl_typesupport_fastrtps_c
[ 78%] [32m[1mLinking CXX shared library libmain_interface__rosidl_typesupport_introspection_cpp.so[0m
[ 80%] [32m[1mLinking CXX shared library libmain_interface__rosidl_typesupport_fastrtps_cpp.so[0m
[ 80%] Built target main_interface__rosidl_typesupport_introspection_cpp
[ 80%] Built target main_interface__rosidl_typesupport_fastrtps_cpp
[ 80%] Built target main_interface
[ 81%] [34m[1mGenerating Python code for ROS interfaces[0m
[ 81%] Built target main_interface__py
[ 84%] [32mBuilding C object CMakeFiles/main_interface__rosidl_generator_py.dir/rosidl_generator_py/main_interface/srv/_reset_odom_s.c.o[0m
[ 84%] [32mBuilding C object CMakeFiles/main_interface__rosidl_generator_py.dir/rosidl_generator_py/main_interface/srv/_onoff_s.c.o[0m
[ 87%] [32mBuilding C object CMakeFiles/main_interface__rosidl_generator_py.dir/rosidl_generator_py/main_interface/srv/_battery_s.c.o[0m
[ 87%] [32mBuilding C object CMakeFiles/main_interface__rosidl_generator_py.dir/rosidl_generator_py/main_interface/srv/_calg_s.c.o[0m
[ 90%] [32mBuilding C object CMakeFiles/main_interface__rosidl_generator_py.dir/rosidl_generator_py/main_interface/srv/_color_s.c.o[0m
[ 90%] [32mBuilding C object CMakeFiles/main_interface__rosidl_generator_py.dir/rosidl_generator_py/main_interface/srv/_save_color_s.c.o[0m
[ 91%] [32m[1mLinking C shared library rosidl_generator_py/main_interface/libmain_interface__rosidl_generator_py.so[0m
[ 91%] Built target main_interface__rosidl_generator_py
[ 92%] [32mBuilding C object CMakeFiles/main_interface__rosidl_typesupport_introspection_c__pyext.dir/rosidl_generator_py/main_interface/_main_interface_s.ep.rosidl_typesupport_introspection_c.c.o[0m
[ 94%] [32mBuilding C object CMakeFiles/main_interface__rosidl_typesupport_fastrtps_c__pyext.dir/rosidl_generator_py/main_interface/_main_interface_s.ep.rosidl_typesupport_fastrtps_c.c.o[0m
[ 95%] [32mBuilding C object CMakeFiles/main_interface__rosidl_typesupport_c__pyext.dir/rosidl_generator_py/main_interface/_main_interface_s.ep.rosidl_typesupport_c.c.o[0m
[ 97%] [32m[1mLinking C shared library rosidl_generator_py/main_interface/main_interface_s__rosidl_typesupport_introspection_c.cpython-310-x86_64-linux-gnu.so[0m
[ 97%] Built target main_interface__rosidl_typesupport_introspection_c__pyext
[ 98%] [32m[1mLinking C shared library rosidl_generator_py/main_interface/main_interface_s__rosidl_typesupport_c.cpython-310-x86_64-linux-gnu.so[0m
[100%] [32m[1mLinking C shared library rosidl_generator_py/main_interface/main_interface_s__rosidl_typesupport_fastrtps_c.cpython-310-x86_64-linux-gnu.so[0m
[100%] Built target main_interface__rosidl_typesupport_c__pyext
[100%] Built target main_interface__rosidl_typesupport_fastrtps_c__pyext
-- Install configuration: ""
-- Installing: /home/main/main_ws/install/share/ament_index/resource_index/rosidl_interfaces/main_interface
-- Installing: /home/main/main_ws/install/include/main_interface/main_interface
-- Installing: /home/main/main_ws/install/include/main_interface/main_interface/msg
-- Installing: /home/main/main_ws/install/include/main_interface/main_interface/msg/rosidl_generator_c__visibility_control.h
-- Installing: /home/main/main_ws/install/include/main_interface/main_interface/srv
-- Installing: /home/main/main_ws/install/include/main_interface/main_interface/srv/reset_odom.h
-- Installing: /home/main/main_ws/install/include/main_interface/main_interface/srv/color.h
-- Installing: /home/main/main_ws/install/include/main_interface/main_interface/srv/calg.h
-- Installing: /home/main/main_ws/install/include/main_interface/main_interface/srv/detail
-- Installing: /home/main/main_ws/install/include/main_interface/main_interface/srv/detail/calg__type_support.h
-- Installing: /home/main/main_ws/install/include/main_interface/main_interface/srv/detail/color__functions.h
-- Installing: /home/main/main_ws/install/include/main_interface/main_interface/srv/detail/save_color__struct.h
-- Installing: /home/main/main_ws/install/include/main_interface/main_interface/srv/detail/calg__functions.h
-- Installing: /home/main/main_ws/install/include/main_interface/main_interface/srv/detail/save_color__functions.c
-- Installing: /home/main/main_ws/install/include/main_interface/main_interface/srv/detail/onoff__type_support.h
-- Installing: /home/main/main_ws/install/include/main_interface/main_interface/srv/detail/battery__functions.h
-- Installing: /home/main/main_ws/install/include/main_interface/main_interface/srv/detail/reset_odom__struct.h
-- Installing: /home/main/main_ws/install/include/main_interface/main_interface/srv/detail/onoff__functions.c
-- Installing: /home/main/main_ws/install/include/main_interface/main_interface/srv/detail/calg__struct.h
-- Installing: /home/main/main_ws/install/include/main_interface/main_interface/srv/detail/reset_odom__functions.h
-- Installing: /home/main/main_ws/install/include/main_interface/main_interface/srv/detail/color__type_support.h
-- Installing: /home/main/main_ws/install/include/main_interface/main_interface/srv/detail/onoff__struct.h
-- Installing: /home/main/main_ws/install/include/main_interface/main_interface/srv/detail/save_color__type_support.h
-- Installing: /home/main/main_ws/install/include/main_interface/main_interface/srv/detail/save_color__functions.h
-- Installing: /home/main/main_ws/install/include/main_interface/main_interface/srv/detail/reset_odom__functions.c
-- Installing: /home/main/main_ws/install/include/main_interface/main_interface/srv/detail/battery__struct.h
-- Installing: /home/main/main_ws/install/include/main_interface/main_interface/srv/detail/color__struct.h
-- Installing: /home/main/main_ws/install/include/main_interface/main_interface/srv/detail/battery__functions.c
-- Installing: /home/main/main_ws/install/include/main_interface/main_interface/srv/detail/calg__functions.c
-- Installing: /home/main/main_ws/install/include/main_interface/main_interface/srv/detail/reset_odom__type_support.h
-- Installing: /home/main/main_ws/install/include/main_interface/main_interface/srv/detail/color__functions.c
-- Installing: /home/main/main_ws/install/include/main_interface/main_interface/srv/detail/onoff__functions.h
-- Installing: /home/main/main_ws/install/include/main_interface/main_interface/srv/detail/battery__type_support.h
-- Installing: /home/main/main_ws/install/include/main_interface/main_interface/srv/battery.h
-- Installing: /home/main/main_ws/install/include/main_interface/main_interface/srv/save_color.h
-- Installing: /home/main/main_ws/install/include/main_interface/main_interface/srv/onoff.h
-- Installing: /home/main/main_ws/install/share/main_interface/environment/library_path.sh
-- Installing: /home/main/main_ws/install/share/main_interface/environment/library_path.dsv
-- Installing: /home/main/main_ws/install/lib/libmain_interface__rosidl_generator_c.so
-- Set runtime path of "/home/main/main_ws/install/lib/libmain_interface__rosidl_generator_c.so" to ""
-- Up-to-date: /home/main/main_ws/install/include/main_interface/main_interface
-- Up-to-date: /home/main/main_ws/install/include/main_interface/main_interface/msg
-- Installing: /home/main/main_ws/install/include/main_interface/main_interface/msg/rosidl_typesupport_fastrtps_c__visibility_control.h
-- Up-to-date: /home/main/main_ws/install/include/main_interface/main_interface/srv
-- Up-to-date: /home/main/main_ws/install/include/main_interface/main_interface/srv/detail
-- Installing: /home/main/main_ws/install/include/main_interface/main_interface/srv/detail/calg__rosidl_typesupport_fastrtps_c.h
-- Installing: /home/main/main_ws/install/include/main_interface/main_interface/srv/detail/onoff__rosidl_typesupport_fastrtps_c.h
-- Installing: /home/main/main_ws/install/include/main_interface/main_interface/srv/detail/save_color__rosidl_typesupport_fastrtps_c.h
-- Installing: /home/main/main_ws/install/include/main_interface/main_interface/srv/detail/color__rosidl_typesupport_fastrtps_c.h
-- Installing: /home/main/main_ws/install/include/main_interface/main_interface/srv/detail/battery__rosidl_typesupport_fastrtps_c.h
-- Installing: /home/main/main_ws/install/include/main_interface/main_interface/srv/detail/reset_odom__rosidl_typesupport_fastrtps_c.h
-- Installing: /home/main/main_ws/install/lib/libmain_interface__rosidl_typesupport_fastrtps_c.so
-- Set runtime path of "/home/main/main_ws/install/lib/libmain_interface__rosidl_typesupport_fastrtps_c.so" to ""
-- Up-to-date: /home/main/main_ws/install/include/main_interface/main_interface
-- Up-to-date: /home/main/main_ws/install/include/main_interface/main_interface/msg
-- Installing: /home/main/main_ws/install/include/main_interface/main_interface/msg/rosidl_typesupport_introspection_c__visibility_control.h
-- Up-to-date: /home/main/main_ws/install/include/main_interface/main_interface/srv
-- Up-to-date: /home/main/main_ws/install/include/main_interface/main_interface/srv/detail
-- Installing: /home/main/main_ws/install/include/main_interface/main_interface/srv/detail/reset_odom__type_support.c
-- Installing: /home/main/main_ws/install/include/main_interface/main_interface/srv/detail/reset_odom__rosidl_typesupport_introspection_c.h
-- Installing: /home/main/main_ws/install/include/main_interface/main_interface/srv/detail/save_color__rosidl_typesupport_introspection_c.h
-- Installing: /home/main/main_ws/install/include/main_interface/main_interface/srv/detail/onoff__rosidl_typesupport_introspection_c.h
-- Installing: /home/main/main_ws/install/include/main_interface/main_interface/srv/detail/battery__rosidl_typesupport_introspection_c.h
-- Installing: /home/main/main_ws/install/include/main_interface/main_interface/srv/detail/calg__type_support.c
-- Installing: /home/main/main_ws/install/include/main_interface/main_interface/srv/detail/color__type_support.c
-- Installing: /home/main/main_ws/install/include/main_interface/main_interface/srv/detail/onoff__type_support.c
-- Installing: /home/main/main_ws/install/include/main_interface/main_interface/srv/detail/save_color__type_support.c
-- Installing: /home/main/main_ws/install/include/main_interface/main_interface/srv/detail/color__rosidl_typesupport_introspection_c.h
-- Installing: /home/main/main_ws/install/include/main_interface/main_interface/srv/detail/battery__type_support.c
-- Installing: /home/main/main_ws/install/include/main_interface/main_interface/srv/detail/calg__rosidl_typesupport_introspection_c.h
-- Installing: /home/main/main_ws/install/lib/libmain_interface__rosidl_typesupport_introspection_c.so
-- Set runtime path of "/home/main/main_ws/install/lib/libmain_interface__rosidl_typesupport_introspection_c.so" to ""
-- Installing: /home/main/main_ws/install/lib/libmain_interface__rosidl_typesupport_c.so
-- Set runtime path of "/home/main/main_ws/install/lib/libmain_interface__rosidl_typesupport_c.so" to ""
-- Up-to-date: /home/main/main_ws/install/include/main_interface/main_interface
-- Up-to-date: /home/main/main_ws/install/include/main_interface/main_interface/msg
-- Installing: /home/main/main_ws/install/include/main_interface/main_interface/msg/rosidl_generator_cpp__visibility_control.hpp
-- Up-to-date: /home/main/main_ws/install/include/main_interface/main_interface/srv
-- Installing: /home/main/main_ws/install/include/main_interface/main_interface/srv/battery.hpp
-- Installing: /home/main/main_ws/install/include/main_interface/main_interface/srv/save_color.hpp
-- Installing: /home/main/main_ws/install/include/main_interface/main_interface/srv/color.hpp
-- Installing: /home/main/main_ws/install/include/main_interface/main_interface/srv/onoff.hpp
-- Up-to-date: /home/main/main_ws/install/include/main_interface/main_interface/srv/detail
-- Installing: /home/main/main_ws/install/include/main_interface/main_interface/srv/detail/calg__type_support.hpp
-- Installing: /home/main/main_ws/install/include/main_interface/main_interface/srv/detail/reset_odom__type_support.hpp
-- Installing: /home/main/main_ws/install/include/main_interface/main_interface/srv/detail/save_color__builder.hpp
-- Installing: /home/main/main_ws/install/include/main_interface/main_interface/srv/detail/color__struct.hpp
-- Installing: /home/main/main_ws/install/include/main_interface/main_interface/srv/detail/save_color__struct.hpp
-- Installing: /home/main/main_ws/install/include/main_interface/main_interface/srv/detail/color__builder.hpp
-- Installing: /home/main/main_ws/install/include/main_interface/main_interface/srv/detail/battery__builder.hpp
-- Installing: /home/main/main_ws/install/include/main_interface/main_interface/srv/detail/onoff__type_support.hpp
-- Installing: /home/main/main_ws/install/include/main_interface/main_interface/srv/detail/battery__type_support.hpp
-- Installing: /home/main/main_ws/install/include/main_interface/main_interface/srv/detail/reset_odom__traits.hpp
-- Installing: /home/main/main_ws/install/include/main_interface/main_interface/srv/detail/color__type_support.hpp
-- Installing: /home/main/main_ws/install/include/main_interface/main_interface/srv/detail/onoff__builder.hpp
-- Installing: /home/main/main_ws/install/include/main_interface/main_interface/srv/detail/calg__struct.hpp
-- Installing: /home/main/main_ws/install/include/main_interface/main_interface/srv/detail/battery__traits.hpp
-- Installing: /home/main/main_ws/install/include/main_interface/main_interface/srv/detail/calg__builder.hpp
-- Installing: /home/main/main_ws/install/include/main_interface/main_interface/srv/detail/onoff__traits.hpp
-- Installing: /home/main/main_ws/install/include/main_interface/main_interface/srv/detail/reset_odom__struct.hpp
-- Installing: /home/main/main_ws/install/include/main_interface/main_interface/srv/detail/calg__traits.hpp
-- Installing: /home/main/main_ws/install/include/main_interface/main_interface/srv/detail/save_color__type_support.hpp
-- Installing: /home/main/main_ws/install/include/main_interface/main_interface/srv/detail/color__traits.hpp
-- Installing: /home/main/main_ws/install/include/main_interface/main_interface/srv/detail/battery__struct.hpp
-- Installing: /home/main/main_ws/install/include/main_interface/main_interface/srv/detail/reset_odom__builder.hpp
-- Installing: /home/main/main_ws/install/include/main_interface/main_interface/srv/detail/onoff__struct.hpp
-- Installing: /home/main/main_ws/install/include/main_interface/main_interface/srv/detail/save_color__traits.hpp
-- Installing: /home/main/main_ws/install/include/main_interface/main_interface/srv/reset_odom.hpp
-- Installing: /home/main/main_ws/install/include/main_interface/main_interface/srv/calg.hpp
-- Up-to-date: /home/main/main_ws/install/include/main_interface/main_interface
-- Up-to-date: /home/main/main_ws/install/include/main_interface/main_interface/msg
-- Installing: /home/main/main_ws/install/include/main_interface/main_interface/msg/rosidl_typesupport_fastrtps_cpp__visibility_control.h
-- Up-to-date: /home/main/main_ws/install/include/main_interface/main_interface/srv
-- Up-to-date: /home/main/main_ws/install/include/main_interface/main_interface/srv/detail
-- Installing: /home/main/main_ws/install/include/main_interface/main_interface/srv/detail/reset_odom__rosidl_typesupport_fastrtps_cpp.hpp
-- Installing: /home/main/main_ws/install/include/main_interface/main_interface/srv/detail/dds_fastrtps
-- Installing: /home/main/main_ws/install/include/main_interface/main_interface/srv/detail/save_color__rosidl_typesupport_fastrtps_cpp.hpp
-- Installing: /home/main/main_ws/install/include/main_interface/main_interface/srv/detail/color__rosidl_typesupport_fastrtps_cpp.hpp
-- Installing: /home/main/main_ws/install/include/main_interface/main_interface/srv/detail/onoff__rosidl_typesupport_fastrtps_cpp.hpp
-- Installing: /home/main/main_ws/install/include/main_interface/main_interface/srv/detail/battery__rosidl_typesupport_fastrtps_cpp.hpp
-- Installing: /home/main/main_ws/install/include/main_interface/main_interface/srv/detail/calg__rosidl_typesupport_fastrtps_cpp.hpp
-- Installing: /home/main/main_ws/install/lib/libmain_interface__rosidl_typesupport_fastrtps_cpp.so
-- Set runtime path of "/home/main/main_ws/install/lib/libmain_interface__rosidl_typesupport_fastrtps_cpp.so" to ""
-- Up-to-date: /home/main/main_ws/install/include/main_interface/main_interface
-- Up-to-date: /home/main/main_ws/install/include/main_interface/main_interface/srv
-- Up-to-date: /home/main/main_ws/install/include/main_interface/main_interface/srv/detail
-- Installing: /home/main/main_ws/install/include/main_interface/main_interface/srv/detail/calg__rosidl_typesupport_introspection_cpp.hpp
-- Installing: /home/main/main_ws/install/include/main_interface/main_interface/srv/detail/calg__type_support.cpp
-- Installing: /home/main/main_ws/install/include/main_interface/main_interface/srv/detail/save_color__type_support.cpp
-- Installing: /home/main/main_ws/install/include/main_interface/main_interface/srv/detail/battery__type_support.cpp
-- Installing: /home/main/main_ws/install/include/main_interface/main_interface/srv/detail/onoff__rosidl_typesupport_introspection_cpp.hpp
-- Installing: /home/main/main_ws/install/include/main_interface/main_interface/srv/detail/battery__rosidl_typesupport_introspection_cpp.hpp
-- Installing: /home/main/main_ws/install/include/main_interface/main_interface/srv/detail/color__type_support.cpp
-- Installing: /home/main/main_ws/install/include/main_interface/main_interface/srv/detail/reset_odom__type_support.cpp
-- Installing: /home/main/main_ws/install/include/main_interface/main_interface/srv/detail/onoff__type_support.cpp
-- Installing: /home/main/main_ws/install/include/main_interface/main_interface/srv/detail/color__rosidl_typesupport_introspection_cpp.hpp
-- Installing: /home/main/main_ws/install/include/main_interface/main_interface/srv/detail/reset_odom__rosidl_typesupport_introspection_cpp.hpp
-- Installing: /home/main/main_ws/install/include/main_interface/main_interface/srv/detail/save_color__rosidl_typesupport_introspection_cpp.hpp
-- Installing: /home/main/main_ws/install/lib/libmain_interface__rosidl_typesupport_introspection_cpp.so
-- Set runtime path of "/home/main/main_ws/install/lib/libmain_interface__rosidl_typesupport_introspection_cpp.so" to ""
-- Installing: /home/main/main_ws/install/lib/libmain_interface__rosidl_typesupport_cpp.so
-- Set runtime path of "/home/main/main_ws/install/lib/libmain_interface__rosidl_typesupport_cpp.so" to ""
-- Installing: /home/main/main_ws/install/share/main_interface/environment/pythonpath.sh
-- Installing: /home/main/main_ws/install/share/main_interface/environment/pythonpath.dsv
-- Installing: /home/main/main_ws/install/local/lib/python3.10/dist-packages/main_interface-0.0.0-py3.10.egg-info
-- Installing: /home/main/main_ws/install/local/lib/python3.10/dist-packages/main_interface-0.0.0-py3.10.egg-info/top_level.txt
-- Installing: /home/main/main_ws/install/local/lib/python3.10/dist-packages/main_interface-0.0.0-py3.10.egg-info/PKG-INFO
-- Installing: /home/main/main_ws/install/local/lib/python3.10/dist-packages/main_interface-0.0.0-py3.10.egg-info/dependency_links.txt
-- Installing: /home/main/main_ws/install/local/lib/python3.10/dist-packages/main_interface-0.0.0-py3.10.egg-info/SOURCES.txt
-- Installing: /home/main/main_ws/install/local/lib/python3.10/dist-packages/main_interface
-- Installing: /home/main/main_ws/install/local/lib/python3.10/dist-packages/main_interface/_main_interface_s.ep.rosidl_typesupport_fastrtps_c.c
-- Installing: /home/main/main_ws/install/local/lib/python3.10/dist-packages/main_interface/main_interface_s__rosidl_typesupport_introspection_c.cpython-310-x86_64-linux-gnu.so
-- Installing: /home/main/main_ws/install/local/lib/python3.10/dist-packages/main_interface/main_interface_s__rosidl_typesupport_c.cpython-310-x86_64-linux-gnu.so
-- Installing: /home/main/main_ws/install/local/lib/python3.10/dist-packages/main_interface/_main_interface_s.ep.rosidl_typesupport_introspection_c.c
-- Installing: /home/main/main_ws/install/local/lib/python3.10/dist-packages/main_interface/main_interface_s__rosidl_typesupport_fastrtps_c.cpython-310-x86_64-linux-gnu.so
-- Installing: /home/main/main_ws/install/local/lib/python3.10/dist-packages/main_interface/__init__.py
-- Installing: /home/main/main_ws/install/local/lib/python3.10/dist-packages/main_interface/srv
-- Installing: /home/main/main_ws/install/local/lib/python3.10/dist-packages/main_interface/srv/_calg_s.c
-- Installing: /home/main/main_ws/install/local/lib/python3.10/dist-packages/main_interface/srv/_reset_odom_s.c
-- Installing: /home/main/main_ws/install/local/lib/python3.10/dist-packages/main_interface/srv/_reset_odom.py
-- Installing: /home/main/main_ws/install/local/lib/python3.10/dist-packages/main_interface/srv/_battery_s.c
-- Installing: /home/main/main_ws/install/local/lib/python3.10/dist-packages/main_interface/srv/_color.py
-- Installing: /home/main/main_ws/install/local/lib/python3.10/dist-packages/main_interface/srv/__init__.py
-- Installing: /home/main/main_ws/install/local/lib/python3.10/dist-packages/main_interface/srv/_calg.py
-- Installing: /home/main/main_ws/install/local/lib/python3.10/dist-packages/main_interface/srv/_color_s.c
-- Installing: /home/main/main_ws/install/local/lib/python3.10/dist-packages/main_interface/srv/_battery.py
-- Installing: /home/main/main_ws/install/local/lib/python3.10/dist-packages/main_interface/srv/_save_color_s.c
-- Installing: /home/main/main_ws/install/local/lib/python3.10/dist-packages/main_interface/srv/_onoff.py
-- Installing: /home/main/main_ws/install/local/lib/python3.10/dist-packages/main_interface/srv/_onoff_s.c
-- Installing: /home/main/main_ws/install/local/lib/python3.10/dist-packages/main_interface/srv/_save_color.py
-- Installing: /home/main/main_ws/install/local/lib/python3.10/dist-packages/main_interface/_main_interface_s.ep.rosidl_typesupport_c.c
-- Installing: /home/main/main_ws/install/local/lib/python3.10/dist-packages/main_interface/libmain_interface__rosidl_generator_py.so
Listing '/home/main/main_ws/install/local/lib/python3.10/dist-packages/main_interface'...
Compiling '/home/main/main_ws/install/local/lib/python3.10/dist-packages/main_interface/__init__.py'...
Listing '/home/main/main_ws/install/local/lib/python3.10/dist-packages/main_interface/srv'...
Compiling '/home/main/main_ws/install/local/lib/python3.10/dist-packages/main_interface/srv/__init__.py'...
Compiling '/home/main/main_ws/install/local/lib/python3.10/dist-packages/main_interface/srv/_battery.py'...
Compiling '/home/main/main_ws/install/local/lib/python3.10/dist-packages/main_interface/srv/_calg.py'...
Compiling '/home/main/main_ws/install/local/lib/python3.10/dist-packages/main_interface/srv/_color.py'...
Compiling '/home/main/main_ws/install/local/lib/python3.10/dist-packages/main_interface/srv/_onoff.py'...
Compiling '/home/main/main_ws/install/local/lib/python3.10/dist-packages/main_interface/srv/_reset_odom.py'...
Compiling '/home/main/main_ws/install/local/lib/python3.10/dist-packages/main_interface/srv/_save_color.py'...
-- Installing: /home/main/main_ws/install/local/lib/python3.10/dist-packages/main_interface/main_interface_s__rosidl_typesupport_fastrtps_c.cpython-310-x86_64-linux-gnu.so
-- Set runtime path of "/home/main/main_ws/install/local/lib/python3.10/dist-packages/main_interface/main_interface_s__rosidl_typesupport_fastrtps_c.cpython-310-x86_64-linux-gnu.so" to ""
-- Installing: /home/main/main_ws/install/local/lib/python3.10/dist-packages/main_interface/main_interface_s__rosidl_typesupport_introspection_c.cpython-310-x86_64-linux-gnu.so
-- Set runtime path of "/home/main/main_ws/install/local/lib/python3.10/dist-packages/main_interface/main_interface_s__rosidl_typesupport_introspection_c.cpython-310-x86_64-linux-gnu.so" to ""
-- Installing: /home/main/main_ws/install/local/lib/python3.10/dist-packages/main_interface/main_interface_s__rosidl_typesupport_c.cpython-310-x86_64-linux-gnu.so
-- Set runtime path of "/home/main/main_ws/install/local/lib/python3.10/dist-packages/main_interface/main_interface_s__rosidl_typesupport_c.cpython-310-x86_64-linux-gnu.so" to ""
-- Installing: /home/main/main_ws/install/lib/libmain_interface__rosidl_generator_py.so
-- Set runtime path of "/home/main/main_ws/install/lib/libmain_interface__rosidl_generator_py.so" to ""
-- Installing: /home/main/main_ws/install/share/main_interface/srv/Battery.idl
-- Installing: /home/main/main_ws/install/share/main_interface/srv/Calg.idl
-- Installing: /home/main/main_ws/install/share/main_interface/srv/Color.idl
-- Installing: /home/main/main_ws/install/share/main_interface/srv/Onoff.idl
-- Installing: /home/main/main_ws/install/share/main_interface/srv/ResetOdom.idl
-- Installing: /home/main/main_ws/install/share/main_interface/srv/SaveColor.idl
-- Installing: /home/main/main_ws/install/share/main_interface/srv/Battery.srv
-- Installing: /home/main/main_ws/install/share/main_interface/srv/Battery_Request.msg
-- Installing: /home/main/main_ws/install/share/main_interface/srv/Battery_Response.msg
-- Installing: /home/main/main_ws/install/share/main_interface/srv/Calg.srv
-- Installing: /home/main/main_ws/install/share/main_interface/srv/Calg_Request.msg
-- Installing: /home/main/main_ws/install/share/main_interface/srv/Calg_Response.msg
-- Installing: /home/main/main_ws/install/share/main_interface/srv/Color.srv
-- Installing: /home/main/main_ws/install/share/main_interface/srv/Color_Request.msg
-- Installing: /home/main/main_ws/install/share/main_interface/srv/Color_Response.msg
-- Installing: /home/main/main_ws/install/share/main_interface/srv/Onoff.srv
-- Installing: /home/main/main_ws/install/share/main_interface/srv/Onoff_Request.msg
-- Installing: /home/main/main_ws/install/share/main_interface/srv/Onoff_Response.msg
-- Installing: /home/main/main_ws/install/share/main_interface/srv/ResetOdom.srv
-- Installing: /home/main/main_ws/install/share/main_interface/srv/ResetOdom_Request.msg
-- Installing: /home/main/main_ws/install/share/main_interface/srv/ResetOdom_Response.msg
-- Installing: /home/main/main_ws/install/share/main_interface/srv/SaveColor.srv
-- Installing: /home/main/main_ws/install/share/main_interface/srv/SaveColor_Request.msg
-- Installing: /home/main/main_ws/install/share/main_interface/srv/SaveColor_Response.msg
-- Installing: /home/main/main_ws/install/share/ament_index/resource_index/package_run_dependencies/main_interface
-- Installing: /home/main/main_ws/install/share/ament_index/resource_index/parent_prefix_path/main_interface
-- Installing: /home/main/main_ws/install/share/main_interface/environment/ament_prefix_path.sh
-- Installing: /home/main/main_ws/install/share/main_interface/environment/ament_prefix_path.dsv
-- Installing: /home/main/main_ws/install/share/main_interface/environment/path.sh
-- Installing: /home/main/main_ws/install/share/main_interface/environment/path.dsv
-- Installing: /home/main/main_ws/install/share/main_interface/local_setup.bash
-- Installing: /home/main/main_ws/install/share/main_interface/local_setup.sh
-- Installing: /home/main/main_ws/install/share/main_interface/local_setup.zsh
-- Installing: /home/main/main_ws/install/share/main_interface/local_setup.dsv
-- Installing: /home/main/main_ws/install/share/main_interface/package.dsv
-- Installing: /home/main/main_ws/install/share/ament_index/resource_index/packages/main_interface
-- Installing: /home/main/main_ws/install/share/main_interface/cmake/export_main_interface__rosidl_generator_cExport.cmake
-- Installing: /home/main/main_ws/install/share/main_interface/cmake/export_main_interface__rosidl_generator_cExport-noconfig.cmake
-- Installing: /home/main/main_ws/install/share/main_interface/cmake/export_main_interface__rosidl_typesupport_fastrtps_cExport.cmake
-- Installing: /home/main/main_ws/install/share/main_interface/cmake/export_main_interface__rosidl_typesupport_fastrtps_cExport-noconfig.cmake
-- Installing: /home/main/main_ws/install/share/main_interface/cmake/main_interface__rosidl_typesupport_introspection_cExport.cmake
-- Installing: /home/main/main_ws/install/share/main_interface/cmake/main_interface__rosidl_typesupport_introspection_cExport-noconfig.cmake
-- Installing: /home/main/main_ws/install/share/main_interface/cmake/main_interface__rosidl_typesupport_cExport.cmake
-- Installing: /home/main/main_ws/install/share/main_interface/cmake/main_interface__rosidl_typesupport_cExport-noconfig.cmake
-- Installing: /home/main/main_ws/install/share/main_interface/cmake/export_main_interface__rosidl_generator_cppExport.cmake
-- Installing: /home/main/main_ws/install/share/main_interface/cmake/export_main_interface__rosidl_typesupport_fastrtps_cppExport.cmake
-- Installing: /home/main/main_ws/install/share/main_interface/cmake/export_main_interface__rosidl_typesupport_fastrtps_cppExport-noconfig.cmake
-- Installing: /home/main/main_ws/install/share/main_interface/cmake/main_interface__rosidl_typesupport_introspection_cppExport.cmake
-- Installing: /home/main/main_ws/install/share/main_interface/cmake/main_interface__rosidl_typesupport_introspection_cppExport-noconfig.cmake
-- Installing: /home/main/main_ws/install/share/main_interface/cmake/main_interface__rosidl_typesupport_cppExport.cmake
-- Installing: /home/main/main_ws/install/share/main_interface/cmake/main_interface__rosidl_typesupport_cppExport-noconfig.cmake
-- Installing: /home/main/main_ws/install/share/main_interface/cmake/export_main_interface__rosidl_generator_pyExport.cmake
-- Installing: /home/main/main_ws/install/share/main_interface/cmake/export_main_interface__rosidl_generator_pyExport-noconfig.cmake
-- Installing: /home/main/main_ws/install/share/main_interface/cmake/rosidl_cmake-extras.cmake
-- Installing: /home/main/main_ws/install/share/main_interface/cmake/ament_cmake_export_include_directories-extras.cmake
-- Installing: /home/main/main_ws/install/share/main_interface/cmake/ament_cmake_export_libraries-extras.cmake
-- Installing: /home/main/main_ws/install/share/main_interface/cmake/ament_cmake_export_targets-extras.cmake
-- Installing: /home/main/main_ws/install/share/main_interface/cmake/rosidl_cmake_export_typesupport_targets-extras.cmake
-- Installing: /home/main/main_ws/install/share/main_interface/cmake/ament_cmake_export_dependencies-extras.cmake
-- Installing: /home/main/main_ws/install/share/main_interface/cmake/rosidl_cmake_export_typesupport_libraries-extras.cmake
-- Installing: /home/main/main_ws/install/share/main_interface/cmake/main_interfaceConfig.cmake
-- Installing: /home/main/main_ws/install/share/main_interface/cmake/main_interfaceConfig-version.cmake
-- Installing: /home/main/main_ws/install/share/main_interface/package.xml
