[0.025s] Invoking command in '/home/main/main_ws/build/main_interface': CMAKE_PREFIX_PATH=${CMAKE_PREFIX_PATH}:/opt/ros/humble /usr/bin/cmake /home/main/main_ws/src/main_interface -DCMAKE_INSTALL_PREFIX=/home/main/main_ws/install
[0.203s] -- The C compiler identification is GNU 11.4.0
[0.203s] -- The CXX compiler identification is GNU 11.4.0
[0.203s] -- Detecting C compiler ABI info
[0.204s] -- Detecting C compiler ABI info - done
[0.204s] -- Check for working C compiler: /usr/bin/cc - skipped
[0.204s] -- Detecting C compile features
[0.204s] -- Detecting C compile features - done
[0.205s] -- Detecting CXX compiler ABI info
[0.277s] -- Detecting CXX compiler ABI info - done
[0.286s] -- Check for working CXX compiler: /usr/bin/c++ - skipped
[0.286s] -- Detecting CXX compile features
[0.287s] -- Detecting CXX compile features - done
[0.289s] -- Found ament_cmake: 1.3.11 (/opt/ros/humble/share/ament_cmake/cmake)
[0.443s] -- Found Python3: /usr/bin/python3 (found version "3.10.12") found components: Interpreter 
[0.526s] -- Found rosidl_default_generators: 1.2.0 (/opt/ros/humble/share/rosidl_default_generators/cmake)
[0.529s] -- Using all available rosidl_typesupport_c: rosidl_typesupport_fastrtps_c;rosidl_typesupport_introspection_c
[0.537s] -- Found rosidl_adapter: 3.1.6 (/opt/ros/humble/share/rosidl_adapter/cmake)
[0.585s] -- Using all available rosidl_typesupport_cpp: rosidl_typesupport_fastrtps_cpp;rosidl_typesupport_introspection_cpp
[1.188s] -- Found ament_cmake_ros: 0.10.0 (/opt/ros/humble/share/ament_cmake_ros/cmake)
[1.444s] -- Using all available rosidl_typesupport_c: rosidl_typesupport_fastrtps_c;rosidl_typesupport_introspection_c
[1.690s] -- Using all available rosidl_typesupport_cpp: rosidl_typesupport_fastrtps_cpp;rosidl_typesupport_introspection_cpp
[1.717s] -- Found PythonInterp: /usr/bin/python3 (found suitable version "3.10.12", minimum required is "3.6") 
[1.718s] -- Found python_cmake_module: 0.10.0 (/opt/ros/humble/share/python_cmake_module/cmake)
[1.749s] -- Found PythonLibs: /usr/lib/x86_64-linux-gnu/libpython3.10.so (found suitable version "3.10.12", minimum required is "3.5") 
[1.749s] -- Using PYTHON_EXECUTABLE: /usr/bin/python3
[1.749s] -- Using PYTHON_INCLUDE_DIRS: /usr/include/python3.10
[1.749s] -- Using PYTHON_LIBRARIES: /usr/lib/x86_64-linux-gnu/libpython3.10.so
[1.776s] -- Found PythonExtra: .so  
[1.816s] -- Found ament_lint_auto: 0.12.12 (/opt/ros/humble/share/ament_lint_auto/cmake)
[1.842s] -- Added test 'copyright' to check source files copyright and LICENSE
[1.847s] -- Added test 'lint_cmake' to check CMake code style
[1.847s] -- Added test 'xmllint' to check XML markup files
[1.851s] -- Configuring done
[1.903s] -- Generating done
[1.921s] -- Build files have been written to: /home/main/main_ws/build/main_interface
[1.933s] Invoked command in '/home/main/main_ws/build/main_interface' returned '0': CMAKE_PREFIX_PATH=${CMAKE_PREFIX_PATH}:/opt/ros/humble /usr/bin/cmake /home/main/main_ws/src/main_interface -DCMAKE_INSTALL_PREFIX=/home/main/main_ws/install
[1.934s] Invoking command in '/home/main/main_ws/build/main_interface': CMAKE_PREFIX_PATH=${CMAKE_PREFIX_PATH}:/opt/ros/humble /usr/bin/cmake --build /home/main/main_ws/build/main_interface -- -j16 -l16
[2.005s] [  1%] [34m[1mGenerating C code for ROS interfaces[0m
[2.021s] [  2%] [34m[1mGenerating C++ code for ROS interfaces[0m
[2.083s] [  2%] Built target ament_cmake_python_copy_main_interface
[2.512s] running egg_info
[2.514s] creating main_interface.egg-info
[2.517s] writing main_interface.egg-info/PKG-INFO
[2.517s] writing dependency_links to main_interface.egg-info/dependency_links.txt
[2.517s] writing top-level names to main_interface.egg-info/top_level.txt
[2.517s] writing manifest file 'main_interface.egg-info/SOURCES.txt'
[2.520s] reading manifest file 'main_interface.egg-info/SOURCES.txt'
[2.521s] writing manifest file 'main_interface.egg-info/SOURCES.txt'
[2.611s] [  2%] Built target ament_cmake_python_build_main_interface_egg
[2.880s] [  9%] [32mBuilding C object CMakeFiles/main_interface__rosidl_generator_c.dir/rosidl_generator_c/main_interface/srv/detail/battery__functions.c.o[0m
[2.880s] [  9%] [32mBuilding C object CMakeFiles/main_interface__rosidl_generator_c.dir/rosidl_generator_c/main_interface/srv/detail/reset_odom__functions.c.o[0m
[2.880s] [  9%] [32mBuilding C object CMakeFiles/main_interface__rosidl_generator_c.dir/rosidl_generator_c/main_interface/srv/detail/calg__functions.c.o[0m
[2.880s] [  9%] [32mBuilding C object CMakeFiles/main_interface__rosidl_generator_c.dir/rosidl_generator_c/main_interface/srv/detail/onoff__functions.c.o[0m
[2.880s] [  9%] [32mBuilding C object CMakeFiles/main_interface__rosidl_generator_c.dir/rosidl_generator_c/main_interface/srv/detail/color__functions.c.o[0m
[2.882s] [ 11%] [32mBuilding C object CMakeFiles/main_interface__rosidl_generator_c.dir/rosidl_generator_c/main_interface/srv/detail/save_color__functions.c.o[0m
[2.973s] [ 12%] [32m[1mLinking C shared library libmain_interface__rosidl_generator_c.so[0m
[2.987s] [ 12%] Built target main_interface__cpp
[2.998s] [ 14%] [34m[1mGenerating C++ type support dispatch for ROS interfaces[0m
[3.001s] [ 16%] [34m[1mGenerating C++ type support for eProsima Fast-RTPS[0m
[3.002s] [ 16%] [34m[1mGenerating C++ introspection for ROS interfaces[0m
[3.030s] [ 16%] Built target main_interface__rosidl_generator_c
[3.048s] [ 18%] [34m[1mGenerating C type support for eProsima Fast-RTPS[0m
[3.049s] [ 19%] [34m[1mGenerating C introspection for ROS interfaces[0m
[3.050s] [ 21%] [34m[1mGenerating C type support dispatch for ROS interfaces[0m
[3.444s] [ 23%] [32mBuilding CXX object CMakeFiles/main_interface__rosidl_typesupport_c.dir/rosidl_typesupport_c/main_interface/srv/color__type_support.cpp.o[0m
[3.444s] [ 23%] [32mBuilding CXX object CMakeFiles/main_interface__rosidl_typesupport_c.dir/rosidl_typesupport_c/main_interface/srv/battery__type_support.cpp.o[0m
[3.446s] [ 25%] [32mBuilding CXX object CMakeFiles/main_interface__rosidl_typesupport_c.dir/rosidl_typesupport_c/main_interface/srv/calg__type_support.cpp.o[0m
[3.454s] [ 28%] [32mBuilding CXX object CMakeFiles/main_interface__rosidl_typesupport_c.dir/rosidl_typesupport_c/main_interface/srv/onoff__type_support.cpp.o[0m
[3.460s] [ 28%] [32mBuilding CXX object CMakeFiles/main_interface__rosidl_typesupport_c.dir/rosidl_typesupport_c/main_interface/srv/reset_odom__type_support.cpp.o[0m
[3.463s] [ 29%] [32mBuilding CXX object CMakeFiles/main_interface__rosidl_typesupport_c.dir/rosidl_typesupport_c/main_interface/srv/save_color__type_support.cpp.o[0m
[3.517s] [ 30%] [32m[1mLinking CXX shared library libmain_interface__rosidl_typesupport_c.so[0m
[3.554s] [ 33%] [32mBuilding CXX object CMakeFiles/main_interface__rosidl_typesupport_cpp.dir/rosidl_typesupport_cpp/main_interface/srv/color__type_support.cpp.o[0m
[3.554s] [ 33%] [32mBuilding CXX object CMakeFiles/main_interface__rosidl_typesupport_cpp.dir/rosidl_typesupport_cpp/main_interface/srv/calg__type_support.cpp.o[0m
[3.554s] [ 35%] [32mBuilding CXX object CMakeFiles/main_interface__rosidl_typesupport_cpp.dir/rosidl_typesupport_cpp/main_interface/srv/onoff__type_support.cpp.o[0m
[3.558s] [ 36%] [32mBuilding CXX object CMakeFiles/main_interface__rosidl_typesupport_cpp.dir/rosidl_typesupport_cpp/main_interface/srv/battery__type_support.cpp.o[0m
[3.566s] [ 38%] [32mBuilding CXX object CMakeFiles/main_interface__rosidl_typesupport_cpp.dir/rosidl_typesupport_cpp/main_interface/srv/save_color__type_support.cpp.o[0m
[3.566s] [ 39%] [32mBuilding CXX object CMakeFiles/main_interface__rosidl_typesupport_cpp.dir/rosidl_typesupport_cpp/main_interface/srv/reset_odom__type_support.cpp.o[0m
[3.597s] [ 39%] Built target main_interface__rosidl_typesupport_c
[3.736s] [ 40%] [32mBuilding CXX object CMakeFiles/main_interface__rosidl_typesupport_fastrtps_c.dir/rosidl_typesupport_fastrtps_c/main_interface/srv/detail/battery__type_support_c.cpp.o[0m
[3.740s] [ 42%] [32mBuilding CXX object CMakeFiles/main_interface__rosidl_typesupport_fastrtps_c.dir/rosidl_typesupport_fastrtps_c/main_interface/srv/detail/calg__type_support_c.cpp.o[0m
[3.748s] [ 43%] [32mBuilding CXX object CMakeFiles/main_interface__rosidl_typesupport_fastrtps_c.dir/rosidl_typesupport_fastrtps_c/main_interface/srv/detail/color__type_support_c.cpp.o[0m
[3.753s] [ 45%] [32mBuilding CXX object CMakeFiles/main_interface__rosidl_typesupport_fastrtps_c.dir/rosidl_typesupport_fastrtps_c/main_interface/srv/detail/onoff__type_support_c.cpp.o[0m
[3.753s] [ 46%] [32mBuilding CXX object CMakeFiles/main_interface__rosidl_typesupport_fastrtps_c.dir/rosidl_typesupport_fastrtps_c/main_interface/srv/detail/reset_odom__type_support_c.cpp.o[0m
[3.757s] [ 47%] [32mBuilding CXX object CMakeFiles/main_interface__rosidl_typesupport_fastrtps_c.dir/rosidl_typesupport_fastrtps_c/main_interface/srv/detail/save_color__type_support_c.cpp.o[0m
[3.789s] [ 49%] [32mBuilding CXX object CMakeFiles/main_interface__rosidl_typesupport_introspection_cpp.dir/rosidl_typesupport_introspection_cpp/main_interface/srv/detail/battery__type_support.cpp.o[0m
[3.924s] [ 50%] [32mBuilding CXX object CMakeFiles/main_interface__rosidl_typesupport_introspection_cpp.dir/rosidl_typesupport_introspection_cpp/main_interface/srv/detail/calg__type_support.cpp.o[0m
[4.026s] [ 52%] [32mBuilding CXX object CMakeFiles/main_interface__rosidl_typesupport_introspection_cpp.dir/rosidl_typesupport_introspection_cpp/main_interface/srv/detail/color__type_support.cpp.o[0m
[4.042s] [ 53%] [32mBuilding C object CMakeFiles/main_interface__rosidl_typesupport_introspection_c.dir/rosidl_typesupport_introspection_c/main_interface/srv/detail/battery__type_support.c.o[0m
[4.056s] [ 54%] [32mBuilding CXX object CMakeFiles/main_interface__rosidl_typesupport_fastrtps_cpp.dir/rosidl_typesupport_fastrtps_cpp/main_interface/srv/detail/dds_fastrtps/battery__type_support.cpp.o[0m
[4.089s] [ 56%] [32mBuilding CXX object CMakeFiles/main_interface__rosidl_typesupport_fastrtps_cpp.dir/rosidl_typesupport_fastrtps_cpp/main_interface/srv/detail/dds_fastrtps/calg__type_support.cpp.o[0m
[4.094s] [ 57%] [32mBuilding CXX object CMakeFiles/main_interface__rosidl_typesupport_fastrtps_cpp.dir/rosidl_typesupport_fastrtps_cpp/main_interface/srv/detail/dds_fastrtps/onoff__type_support.cpp.o[0m
[4.098s] [ 59%] [32mBuilding CXX object CMakeFiles/main_interface__rosidl_typesupport_fastrtps_cpp.dir/rosidl_typesupport_fastrtps_cpp/main_interface/srv/detail/dds_fastrtps/color__type_support.cpp.o[0m
[4.133s] [ 60%] [32mBuilding CXX object CMakeFiles/main_interface__rosidl_typesupport_fastrtps_cpp.dir/rosidl_typesupport_fastrtps_cpp/main_interface/srv/detail/dds_fastrtps/reset_odom__type_support.cpp.o[0m
[4.149s] [ 61%] [32mBuilding C object CMakeFiles/main_interface__rosidl_typesupport_introspection_c.dir/rosidl_typesupport_introspection_c/main_interface/srv/detail/calg__type_support.c.o[0m
[4.278s] [ 63%] [32mBuilding C object CMakeFiles/main_interface__rosidl_typesupport_introspection_c.dir/rosidl_typesupport_introspection_c/main_interface/srv/detail/color__type_support.c.o[0m
[4.336s] [ 64%] [32mBuilding C object CMakeFiles/main_interface__rosidl_typesupport_introspection_c.dir/rosidl_typesupport_introspection_c/main_interface/srv/detail/onoff__type_support.c.o[0m
[4.353s] [ 66%] [32mBuilding CXX object CMakeFiles/main_interface__rosidl_typesupport_fastrtps_cpp.dir/rosidl_typesupport_fastrtps_cpp/main_interface/srv/detail/dds_fastrtps/save_color__type_support.cpp.o[0m
[4.391s] [ 67%] [32mBuilding C object CMakeFiles/main_interface__rosidl_typesupport_introspection_c.dir/rosidl_typesupport_introspection_c/main_interface/srv/detail/reset_odom__type_support.c.o[0m
[4.407s] [ 69%] [32m[1mLinking CXX shared library libmain_interface__rosidl_typesupport_cpp.so[0m
[4.453s] [ 70%] [32mBuilding CXX object CMakeFiles/main_interface__rosidl_typesupport_introspection_cpp.dir/rosidl_typesupport_introspection_cpp/main_interface/srv/detail/onoff__type_support.cpp.o[0m
[4.455s] [ 71%] [32mBuilding C object CMakeFiles/main_interface__rosidl_typesupport_introspection_c.dir/rosidl_typesupport_introspection_c/main_interface/srv/detail/save_color__type_support.c.o[0m
[4.499s] [ 73%] [32mBuilding CXX object CMakeFiles/main_interface__rosidl_typesupport_introspection_cpp.dir/rosidl_typesupport_introspection_cpp/main_interface/srv/detail/reset_odom__type_support.cpp.o[0m
[4.509s] [ 74%] [32mBuilding CXX object CMakeFiles/main_interface__rosidl_typesupport_introspection_cpp.dir/rosidl_typesupport_introspection_cpp/main_interface/srv/detail/save_color__type_support.cpp.o[0m
[4.525s] [ 74%] Built target main_interface__rosidl_typesupport_cpp
[4.563s] [ 76%] [32m[1mLinking C shared library libmain_interface__rosidl_typesupport_introspection_c.so[0m
[4.565s] [ 77%] [32m[1mLinking CXX shared library libmain_interface__rosidl_typesupport_fastrtps_c.so[0m
[4.668s] [ 77%] Built target main_interface__rosidl_typesupport_introspection_c
[4.934s] [ 77%] Built target main_interface__rosidl_typesupport_fastrtps_c
[5.094s] [ 78%] [32m[1mLinking CXX shared library libmain_interface__rosidl_typesupport_introspection_cpp.so[0m
[5.108s] [ 80%] [32m[1mLinking CXX shared library libmain_interface__rosidl_typesupport_fastrtps_cpp.so[0m
[5.142s] [ 80%] Built target main_interface__rosidl_typesupport_introspection_cpp
[5.210s] [ 80%] Built target main_interface__rosidl_typesupport_fastrtps_cpp
[5.233s] [ 80%] Built target main_interface
[5.256s] [ 81%] [34m[1mGenerating Python code for ROS interfaces[0m
[6.048s] [ 81%] Built target main_interface__py
[6.068s] [ 84%] [32mBuilding C object CMakeFiles/main_interface__rosidl_generator_py.dir/rosidl_generator_py/main_interface/srv/_reset_odom_s.c.o[0m
[6.069s] [ 84%] [32mBuilding C object CMakeFiles/main_interface__rosidl_generator_py.dir/rosidl_generator_py/main_interface/srv/_onoff_s.c.o[0m
[6.069s] [ 87%] [32mBuilding C object CMakeFiles/main_interface__rosidl_generator_py.dir/rosidl_generator_py/main_interface/srv/_battery_s.c.o[0m
[6.069s] [ 87%] [32mBuilding C object CMakeFiles/main_interface__rosidl_generator_py.dir/rosidl_generator_py/main_interface/srv/_calg_s.c.o[0m
[6.070s] [ 90%] [32mBuilding C object CMakeFiles/main_interface__rosidl_generator_py.dir/rosidl_generator_py/main_interface/srv/_color_s.c.o[0m
[6.070s] [ 90%] [32mBuilding C object CMakeFiles/main_interface__rosidl_generator_py.dir/rosidl_generator_py/main_interface/srv/_save_color_s.c.o[0m
[6.205s] [ 91%] [32m[1mLinking C shared library rosidl_generator_py/main_interface/libmain_interface__rosidl_generator_py.so[0m
[6.241s] [ 91%] Built target main_interface__rosidl_generator_py
[6.264s] [ 92%] [32mBuilding C object CMakeFiles/main_interface__rosidl_typesupport_introspection_c__pyext.dir/rosidl_generator_py/main_interface/_main_interface_s.ep.rosidl_typesupport_introspection_c.c.o[0m
[6.266s] [ 94%] [32mBuilding C object CMakeFiles/main_interface__rosidl_typesupport_fastrtps_c__pyext.dir/rosidl_generator_py/main_interface/_main_interface_s.ep.rosidl_typesupport_fastrtps_c.c.o[0m
[6.266s] [ 95%] [32mBuilding C object CMakeFiles/main_interface__rosidl_typesupport_c__pyext.dir/rosidl_generator_py/main_interface/_main_interface_s.ep.rosidl_typesupport_c.c.o[0m
[6.376s] [ 97%] [32m[1mLinking C shared library rosidl_generator_py/main_interface/main_interface_s__rosidl_typesupport_introspection_c.cpython-310-x86_64-linux-gnu.so[0m
[6.417s] [ 97%] Built target main_interface__rosidl_typesupport_introspection_c__pyext
[6.425s] [ 98%] [32m[1mLinking C shared library rosidl_generator_py/main_interface/main_interface_s__rosidl_typesupport_c.cpython-310-x86_64-linux-gnu.so[0m
[6.434s] [100%] [32m[1mLinking C shared library rosidl_generator_py/main_interface/main_interface_s__rosidl_typesupport_fastrtps_c.cpython-310-x86_64-linux-gnu.so[0m
[6.461s] [100%] Built target main_interface__rosidl_typesupport_c__pyext
[6.471s] [100%] Built target main_interface__rosidl_typesupport_fastrtps_c__pyext
[6.485s] Invoked command in '/home/main/main_ws/build/main_interface' returned '0': CMAKE_PREFIX_PATH=${CMAKE_PREFIX_PATH}:/opt/ros/humble /usr/bin/cmake --build /home/main/main_ws/build/main_interface -- -j16 -l16
[6.487s] Invoking command in '/home/main/main_ws/build/main_interface': CMAKE_PREFIX_PATH=${CMAKE_PREFIX_PATH}:/opt/ros/humble /usr/bin/cmake --install /home/main/main_ws/build/main_interface
[6.497s] -- Install configuration: ""
[6.497s] -- Installing: /home/main/main_ws/install/share/ament_index/resource_index/rosidl_interfaces/main_interface
[6.497s] -- Installing: /home/main/main_ws/install/include/main_interface/main_interface
[6.497s] -- Installing: /home/main/main_ws/install/include/main_interface/main_interface/msg
[6.497s] -- Installing: /home/main/main_ws/install/include/main_interface/main_interface/msg/rosidl_generator_c__visibility_control.h
[6.498s] -- Installing: /home/main/main_ws/install/include/main_interface/main_interface/srv
[6.498s] -- Installing: /home/main/main_ws/install/include/main_interface/main_interface/srv/reset_odom.h
[6.498s] -- Installing: /home/main/main_ws/install/include/main_interface/main_interface/srv/color.h
[6.498s] -- Installing: /home/main/main_ws/install/include/main_interface/main_interface/srv/calg.h
[6.498s] -- Installing: /home/main/main_ws/install/include/main_interface/main_interface/srv/detail
[6.498s] -- Installing: /home/main/main_ws/install/include/main_interface/main_interface/srv/detail/calg__type_support.h
[6.498s] -- Installing: /home/main/main_ws/install/include/main_interface/main_interface/srv/detail/color__functions.h
[6.498s] -- Installing: /home/main/main_ws/install/include/main_interface/main_interface/srv/detail/save_color__struct.h
[6.498s] -- Installing: /home/main/main_ws/install/include/main_interface/main_interface/srv/detail/calg__functions.h
[6.499s] -- Installing: /home/main/main_ws/install/include/main_interface/main_interface/srv/detail/save_color__functions.c
[6.499s] -- Installing: /home/main/main_ws/install/include/main_interface/main_interface/srv/detail/onoff__type_support.h
[6.499s] -- Installing: /home/main/main_ws/install/include/main_interface/main_interface/srv/detail/battery__functions.h
[6.499s] -- Installing: /home/main/main_ws/install/include/main_interface/main_interface/srv/detail/reset_odom__struct.h
[6.499s] -- Installing: /home/main/main_ws/install/include/main_interface/main_interface/srv/detail/onoff__functions.c
[6.499s] -- Installing: /home/main/main_ws/install/include/main_interface/main_interface/srv/detail/calg__struct.h
[6.499s] -- Installing: /home/main/main_ws/install/include/main_interface/main_interface/srv/detail/reset_odom__functions.h
[6.499s] -- Installing: /home/main/main_ws/install/include/main_interface/main_interface/srv/detail/color__type_support.h
[6.499s] -- Installing: /home/main/main_ws/install/include/main_interface/main_interface/srv/detail/onoff__struct.h
[6.499s] -- Installing: /home/main/main_ws/install/include/main_interface/main_interface/srv/detail/save_color__type_support.h
[6.499s] -- Installing: /home/main/main_ws/install/include/main_interface/main_interface/srv/detail/save_color__functions.h
[6.499s] -- Installing: /home/main/main_ws/install/include/main_interface/main_interface/srv/detail/reset_odom__functions.c
[6.500s] -- Installing: /home/main/main_ws/install/include/main_interface/main_interface/srv/detail/battery__struct.h
[6.500s] -- Installing: /home/main/main_ws/install/include/main_interface/main_interface/srv/detail/color__struct.h
[6.500s] -- Installing: /home/main/main_ws/install/include/main_interface/main_interface/srv/detail/battery__functions.c
[6.500s] -- Installing: /home/main/main_ws/install/include/main_interface/main_interface/srv/detail/calg__functions.c
[6.500s] -- Installing: /home/main/main_ws/install/include/main_interface/main_interface/srv/detail/reset_odom__type_support.h
[6.500s] -- Installing: /home/main/main_ws/install/include/main_interface/main_interface/srv/detail/color__functions.c
[6.500s] -- Installing: /home/main/main_ws/install/include/main_interface/main_interface/srv/detail/onoff__functions.h
[6.500s] -- Installing: /home/main/main_ws/install/include/main_interface/main_interface/srv/detail/battery__type_support.h
[6.500s] -- Installing: /home/main/main_ws/install/include/main_interface/main_interface/srv/battery.h
[6.500s] -- Installing: /home/main/main_ws/install/include/main_interface/main_interface/srv/save_color.h
[6.501s] -- Installing: /home/main/main_ws/install/include/main_interface/main_interface/srv/onoff.h
[6.501s] -- Installing: /home/main/main_ws/install/share/main_interface/environment/library_path.sh
[6.501s] -- Installing: /home/main/main_ws/install/share/main_interface/environment/library_path.dsv
[6.501s] -- Installing: /home/main/main_ws/install/lib/libmain_interface__rosidl_generator_c.so
[6.501s] -- Set runtime path of "/home/main/main_ws/install/lib/libmain_interface__rosidl_generator_c.so" to ""
[6.501s] -- Up-to-date: /home/main/main_ws/install/include/main_interface/main_interface
[6.501s] -- Up-to-date: /home/main/main_ws/install/include/main_interface/main_interface/msg
[6.501s] -- Installing: /home/main/main_ws/install/include/main_interface/main_interface/msg/rosidl_typesupport_fastrtps_c__visibility_control.h
[6.501s] -- Up-to-date: /home/main/main_ws/install/include/main_interface/main_interface/srv
[6.501s] -- Up-to-date: /home/main/main_ws/install/include/main_interface/main_interface/srv/detail
[6.502s] -- Installing: /home/main/main_ws/install/include/main_interface/main_interface/srv/detail/calg__rosidl_typesupport_fastrtps_c.h
[6.502s] -- Installing: /home/main/main_ws/install/include/main_interface/main_interface/srv/detail/onoff__rosidl_typesupport_fastrtps_c.h
[6.502s] -- Installing: /home/main/main_ws/install/include/main_interface/main_interface/srv/detail/save_color__rosidl_typesupport_fastrtps_c.h
[6.502s] -- Installing: /home/main/main_ws/install/include/main_interface/main_interface/srv/detail/color__rosidl_typesupport_fastrtps_c.h
[6.502s] -- Installing: /home/main/main_ws/install/include/main_interface/main_interface/srv/detail/battery__rosidl_typesupport_fastrtps_c.h
[6.502s] -- Installing: /home/main/main_ws/install/include/main_interface/main_interface/srv/detail/reset_odom__rosidl_typesupport_fastrtps_c.h
[6.502s] -- Installing: /home/main/main_ws/install/lib/libmain_interface__rosidl_typesupport_fastrtps_c.so
[6.502s] -- Set runtime path of "/home/main/main_ws/install/lib/libmain_interface__rosidl_typesupport_fastrtps_c.so" to ""
[6.502s] -- Up-to-date: /home/main/main_ws/install/include/main_interface/main_interface
[6.502s] -- Up-to-date: /home/main/main_ws/install/include/main_interface/main_interface/msg
[6.503s] -- Installing: /home/main/main_ws/install/include/main_interface/main_interface/msg/rosidl_typesupport_introspection_c__visibility_control.h
[6.503s] -- Up-to-date: /home/main/main_ws/install/include/main_interface/main_interface/srv
[6.503s] -- Up-to-date: /home/main/main_ws/install/include/main_interface/main_interface/srv/detail
[6.503s] -- Installing: /home/main/main_ws/install/include/main_interface/main_interface/srv/detail/reset_odom__type_support.c
[6.503s] -- Installing: /home/main/main_ws/install/include/main_interface/main_interface/srv/detail/reset_odom__rosidl_typesupport_introspection_c.h
[6.503s] -- Installing: /home/main/main_ws/install/include/main_interface/main_interface/srv/detail/save_color__rosidl_typesupport_introspection_c.h
[6.503s] -- Installing: /home/main/main_ws/install/include/main_interface/main_interface/srv/detail/onoff__rosidl_typesupport_introspection_c.h
[6.503s] -- Installing: /home/main/main_ws/install/include/main_interface/main_interface/srv/detail/battery__rosidl_typesupport_introspection_c.h
[6.503s] -- Installing: /home/main/main_ws/install/include/main_interface/main_interface/srv/detail/calg__type_support.c
[6.503s] -- Installing: /home/main/main_ws/install/include/main_interface/main_interface/srv/detail/color__type_support.c
[6.503s] -- Installing: /home/main/main_ws/install/include/main_interface/main_interface/srv/detail/onoff__type_support.c
[6.504s] -- Installing: /home/main/main_ws/install/include/main_interface/main_interface/srv/detail/save_color__type_support.c
[6.504s] -- Installing: /home/main/main_ws/install/include/main_interface/main_interface/srv/detail/color__rosidl_typesupport_introspection_c.h
[6.504s] -- Installing: /home/main/main_ws/install/include/main_interface/main_interface/srv/detail/battery__type_support.c
[6.504s] -- Installing: /home/main/main_ws/install/include/main_interface/main_interface/srv/detail/calg__rosidl_typesupport_introspection_c.h
[6.504s] -- Installing: /home/main/main_ws/install/lib/libmain_interface__rosidl_typesupport_introspection_c.so
[6.504s] -- Set runtime path of "/home/main/main_ws/install/lib/libmain_interface__rosidl_typesupport_introspection_c.so" to ""
[6.504s] -- Installing: /home/main/main_ws/install/lib/libmain_interface__rosidl_typesupport_c.so
[6.505s] -- Set runtime path of "/home/main/main_ws/install/lib/libmain_interface__rosidl_typesupport_c.so" to ""
[6.505s] -- Up-to-date: /home/main/main_ws/install/include/main_interface/main_interface
[6.505s] -- Up-to-date: /home/main/main_ws/install/include/main_interface/main_interface/msg
[6.505s] -- Installing: /home/main/main_ws/install/include/main_interface/main_interface/msg/rosidl_generator_cpp__visibility_control.hpp
[6.505s] -- Up-to-date: /home/main/main_ws/install/include/main_interface/main_interface/srv
[6.505s] -- Installing: /home/main/main_ws/install/include/main_interface/main_interface/srv/battery.hpp
[6.505s] -- Installing: /home/main/main_ws/install/include/main_interface/main_interface/srv/save_color.hpp
[6.505s] -- Installing: /home/main/main_ws/install/include/main_interface/main_interface/srv/color.hpp
[6.505s] -- Installing: /home/main/main_ws/install/include/main_interface/main_interface/srv/onoff.hpp
[6.505s] -- Up-to-date: /home/main/main_ws/install/include/main_interface/main_interface/srv/detail
[6.505s] -- Installing: /home/main/main_ws/install/include/main_interface/main_interface/srv/detail/calg__type_support.hpp
[6.506s] -- Installing: /home/main/main_ws/install/include/main_interface/main_interface/srv/detail/reset_odom__type_support.hpp
[6.506s] -- Installing: /home/main/main_ws/install/include/main_interface/main_interface/srv/detail/save_color__builder.hpp
[6.506s] -- Installing: /home/main/main_ws/install/include/main_interface/main_interface/srv/detail/color__struct.hpp
[6.506s] -- Installing: /home/main/main_ws/install/include/main_interface/main_interface/srv/detail/save_color__struct.hpp
[6.506s] -- Installing: /home/main/main_ws/install/include/main_interface/main_interface/srv/detail/color__builder.hpp
[6.506s] -- Installing: /home/main/main_ws/install/include/main_interface/main_interface/srv/detail/battery__builder.hpp
[6.506s] -- Installing: /home/main/main_ws/install/include/main_interface/main_interface/srv/detail/onoff__type_support.hpp
[6.506s] -- Installing: /home/main/main_ws/install/include/main_interface/main_interface/srv/detail/battery__type_support.hpp
[6.506s] -- Installing: /home/main/main_ws/install/include/main_interface/main_interface/srv/detail/reset_odom__traits.hpp
[6.506s] -- Installing: /home/main/main_ws/install/include/main_interface/main_interface/srv/detail/color__type_support.hpp
[6.507s] -- Installing: /home/main/main_ws/install/include/main_interface/main_interface/srv/detail/onoff__builder.hpp
[6.507s] -- Installing: /home/main/main_ws/install/include/main_interface/main_interface/srv/detail/calg__struct.hpp
[6.507s] -- Installing: /home/main/main_ws/install/include/main_interface/main_interface/srv/detail/battery__traits.hpp
[6.507s] -- Installing: /home/main/main_ws/install/include/main_interface/main_interface/srv/detail/calg__builder.hpp
[6.507s] -- Installing: /home/main/main_ws/install/include/main_interface/main_interface/srv/detail/onoff__traits.hpp
[6.507s] -- Installing: /home/main/main_ws/install/include/main_interface/main_interface/srv/detail/reset_odom__struct.hpp
[6.507s] -- Installing: /home/main/main_ws/install/include/main_interface/main_interface/srv/detail/calg__traits.hpp
[6.507s] -- Installing: /home/main/main_ws/install/include/main_interface/main_interface/srv/detail/save_color__type_support.hpp
[6.507s] -- Installing: /home/main/main_ws/install/include/main_interface/main_interface/srv/detail/color__traits.hpp
[6.507s] -- Installing: /home/main/main_ws/install/include/main_interface/main_interface/srv/detail/battery__struct.hpp
[6.507s] -- Installing: /home/main/main_ws/install/include/main_interface/main_interface/srv/detail/reset_odom__builder.hpp
[6.508s] -- Installing: /home/main/main_ws/install/include/main_interface/main_interface/srv/detail/onoff__struct.hpp
[6.508s] -- Installing: /home/main/main_ws/install/include/main_interface/main_interface/srv/detail/save_color__traits.hpp
[6.508s] -- Installing: /home/main/main_ws/install/include/main_interface/main_interface/srv/reset_odom.hpp
[6.508s] -- Installing: /home/main/main_ws/install/include/main_interface/main_interface/srv/calg.hpp
[6.508s] -- Up-to-date: /home/main/main_ws/install/include/main_interface/main_interface
[6.508s] -- Up-to-date: /home/main/main_ws/install/include/main_interface/main_interface/msg
[6.508s] -- Installing: /home/main/main_ws/install/include/main_interface/main_interface/msg/rosidl_typesupport_fastrtps_cpp__visibility_control.h
[6.508s] -- Up-to-date: /home/main/main_ws/install/include/main_interface/main_interface/srv
[6.508s] -- Up-to-date: /home/main/main_ws/install/include/main_interface/main_interface/srv/detail
[6.508s] -- Installing: /home/main/main_ws/install/include/main_interface/main_interface/srv/detail/reset_odom__rosidl_typesupport_fastrtps_cpp.hpp
[6.509s] -- Installing: /home/main/main_ws/install/include/main_interface/main_interface/srv/detail/dds_fastrtps
[6.509s] -- Installing: /home/main/main_ws/install/include/main_interface/main_interface/srv/detail/save_color__rosidl_typesupport_fastrtps_cpp.hpp
[6.509s] -- Installing: /home/main/main_ws/install/include/main_interface/main_interface/srv/detail/color__rosidl_typesupport_fastrtps_cpp.hpp
[6.509s] -- Installing: /home/main/main_ws/install/include/main_interface/main_interface/srv/detail/onoff__rosidl_typesupport_fastrtps_cpp.hpp
[6.509s] -- Installing: /home/main/main_ws/install/include/main_interface/main_interface/srv/detail/battery__rosidl_typesupport_fastrtps_cpp.hpp
[6.509s] -- Installing: /home/main/main_ws/install/include/main_interface/main_interface/srv/detail/calg__rosidl_typesupport_fastrtps_cpp.hpp
[6.509s] -- Installing: /home/main/main_ws/install/lib/libmain_interface__rosidl_typesupport_fastrtps_cpp.so
[6.509s] -- Set runtime path of "/home/main/main_ws/install/lib/libmain_interface__rosidl_typesupport_fastrtps_cpp.so" to ""
[6.509s] -- Up-to-date: /home/main/main_ws/install/include/main_interface/main_interface
[6.510s] -- Up-to-date: /home/main/main_ws/install/include/main_interface/main_interface/srv
[6.510s] -- Up-to-date: /home/main/main_ws/install/include/main_interface/main_interface/srv/detail
[6.510s] -- Installing: /home/main/main_ws/install/include/main_interface/main_interface/srv/detail/calg__rosidl_typesupport_introspection_cpp.hpp
[6.510s] -- Installing: /home/main/main_ws/install/include/main_interface/main_interface/srv/detail/calg__type_support.cpp
[6.510s] -- Installing: /home/main/main_ws/install/include/main_interface/main_interface/srv/detail/save_color__type_support.cpp
[6.510s] -- Installing: /home/main/main_ws/install/include/main_interface/main_interface/srv/detail/battery__type_support.cpp
[6.510s] -- Installing: /home/main/main_ws/install/include/main_interface/main_interface/srv/detail/onoff__rosidl_typesupport_introspection_cpp.hpp
[6.510s] -- Installing: /home/main/main_ws/install/include/main_interface/main_interface/srv/detail/battery__rosidl_typesupport_introspection_cpp.hpp
[6.510s] -- Installing: /home/main/main_ws/install/include/main_interface/main_interface/srv/detail/color__type_support.cpp
[6.510s] -- Installing: /home/main/main_ws/install/include/main_interface/main_interface/srv/detail/reset_odom__type_support.cpp
[6.511s] -- Installing: /home/main/main_ws/install/include/main_interface/main_interface/srv/detail/onoff__type_support.cpp
[6.511s] -- Installing: /home/main/main_ws/install/include/main_interface/main_interface/srv/detail/color__rosidl_typesupport_introspection_cpp.hpp
[6.511s] -- Installing: /home/main/main_ws/install/include/main_interface/main_interface/srv/detail/reset_odom__rosidl_typesupport_introspection_cpp.hpp
[6.511s] -- Installing: /home/main/main_ws/install/include/main_interface/main_interface/srv/detail/save_color__rosidl_typesupport_introspection_cpp.hpp
[6.511s] -- Installing: /home/main/main_ws/install/lib/libmain_interface__rosidl_typesupport_introspection_cpp.so
[6.511s] -- Set runtime path of "/home/main/main_ws/install/lib/libmain_interface__rosidl_typesupport_introspection_cpp.so" to ""
[6.512s] -- Installing: /home/main/main_ws/install/lib/libmain_interface__rosidl_typesupport_cpp.so
[6.512s] -- Set runtime path of "/home/main/main_ws/install/lib/libmain_interface__rosidl_typesupport_cpp.so" to ""
[6.512s] -- Installing: /home/main/main_ws/install/share/main_interface/environment/pythonpath.sh
[6.512s] -- Installing: /home/main/main_ws/install/share/main_interface/environment/pythonpath.dsv
[6.512s] -- Installing: /home/main/main_ws/install/local/lib/python3.10/dist-packages/main_interface-0.0.0-py3.10.egg-info
[6.512s] -- Installing: /home/main/main_ws/install/local/lib/python3.10/dist-packages/main_interface-0.0.0-py3.10.egg-info/top_level.txt
[6.512s] -- Installing: /home/main/main_ws/install/local/lib/python3.10/dist-packages/main_interface-0.0.0-py3.10.egg-info/PKG-INFO
[6.513s] -- Installing: /home/main/main_ws/install/local/lib/python3.10/dist-packages/main_interface-0.0.0-py3.10.egg-info/dependency_links.txt
[6.513s] -- Installing: /home/main/main_ws/install/local/lib/python3.10/dist-packages/main_interface-0.0.0-py3.10.egg-info/SOURCES.txt
[6.513s] -- Installing: /home/main/main_ws/install/local/lib/python3.10/dist-packages/main_interface
[6.513s] -- Installing: /home/main/main_ws/install/local/lib/python3.10/dist-packages/main_interface/_main_interface_s.ep.rosidl_typesupport_fastrtps_c.c
[6.513s] -- Installing: /home/main/main_ws/install/local/lib/python3.10/dist-packages/main_interface/main_interface_s__rosidl_typesupport_introspection_c.cpython-310-x86_64-linux-gnu.so
[6.513s] -- Installing: /home/main/main_ws/install/local/lib/python3.10/dist-packages/main_interface/main_interface_s__rosidl_typesupport_c.cpython-310-x86_64-linux-gnu.so
[6.513s] -- Installing: /home/main/main_ws/install/local/lib/python3.10/dist-packages/main_interface/_main_interface_s.ep.rosidl_typesupport_introspection_c.c
[6.513s] -- Installing: /home/main/main_ws/install/local/lib/python3.10/dist-packages/main_interface/main_interface_s__rosidl_typesupport_fastrtps_c.cpython-310-x86_64-linux-gnu.so
[6.514s] -- Installing: /home/main/main_ws/install/local/lib/python3.10/dist-packages/main_interface/__init__.py
[6.514s] -- Installing: /home/main/main_ws/install/local/lib/python3.10/dist-packages/main_interface/srv
[6.514s] -- Installing: /home/main/main_ws/install/local/lib/python3.10/dist-packages/main_interface/srv/_calg_s.c
[6.514s] -- Installing: /home/main/main_ws/install/local/lib/python3.10/dist-packages/main_interface/srv/_reset_odom_s.c
[6.514s] -- Installing: /home/main/main_ws/install/local/lib/python3.10/dist-packages/main_interface/srv/_reset_odom.py
[6.514s] -- Installing: /home/main/main_ws/install/local/lib/python3.10/dist-packages/main_interface/srv/_battery_s.c
[6.514s] -- Installing: /home/main/main_ws/install/local/lib/python3.10/dist-packages/main_interface/srv/_color.py
[6.514s] -- Installing: /home/main/main_ws/install/local/lib/python3.10/dist-packages/main_interface/srv/__init__.py
[6.514s] -- Installing: /home/main/main_ws/install/local/lib/python3.10/dist-packages/main_interface/srv/_calg.py
[6.515s] -- Installing: /home/main/main_ws/install/local/lib/python3.10/dist-packages/main_interface/srv/_color_s.c
[6.515s] -- Installing: /home/main/main_ws/install/local/lib/python3.10/dist-packages/main_interface/srv/_battery.py
[6.515s] -- Installing: /home/main/main_ws/install/local/lib/python3.10/dist-packages/main_interface/srv/_save_color_s.c
[6.515s] -- Installing: /home/main/main_ws/install/local/lib/python3.10/dist-packages/main_interface/srv/_onoff.py
[6.515s] -- Installing: /home/main/main_ws/install/local/lib/python3.10/dist-packages/main_interface/srv/_onoff_s.c
[6.515s] -- Installing: /home/main/main_ws/install/local/lib/python3.10/dist-packages/main_interface/srv/_save_color.py
[6.515s] -- Installing: /home/main/main_ws/install/local/lib/python3.10/dist-packages/main_interface/_main_interface_s.ep.rosidl_typesupport_c.c
[6.515s] -- Installing: /home/main/main_ws/install/local/lib/python3.10/dist-packages/main_interface/libmain_interface__rosidl_generator_py.so
[6.561s] Listing '/home/main/main_ws/install/local/lib/python3.10/dist-packages/main_interface'...
[6.561s] Compiling '/home/main/main_ws/install/local/lib/python3.10/dist-packages/main_interface/__init__.py'...
[6.561s] Listing '/home/main/main_ws/install/local/lib/python3.10/dist-packages/main_interface/srv'...
[6.561s] Compiling '/home/main/main_ws/install/local/lib/python3.10/dist-packages/main_interface/srv/__init__.py'...
[6.561s] Compiling '/home/main/main_ws/install/local/lib/python3.10/dist-packages/main_interface/srv/_battery.py'...
[6.561s] Compiling '/home/main/main_ws/install/local/lib/python3.10/dist-packages/main_interface/srv/_calg.py'...
[6.561s] Compiling '/home/main/main_ws/install/local/lib/python3.10/dist-packages/main_interface/srv/_color.py'...
[6.562s] Compiling '/home/main/main_ws/install/local/lib/python3.10/dist-packages/main_interface/srv/_onoff.py'...
[6.562s] Compiling '/home/main/main_ws/install/local/lib/python3.10/dist-packages/main_interface/srv/_reset_odom.py'...
[6.562s] Compiling '/home/main/main_ws/install/local/lib/python3.10/dist-packages/main_interface/srv/_save_color.py'...
[6.567s] -- Installing: /home/main/main_ws/install/local/lib/python3.10/dist-packages/main_interface/main_interface_s__rosidl_typesupport_fastrtps_c.cpython-310-x86_64-linux-gnu.so
[6.568s] -- Set runtime path of "/home/main/main_ws/install/local/lib/python3.10/dist-packages/main_interface/main_interface_s__rosidl_typesupport_fastrtps_c.cpython-310-x86_64-linux-gnu.so" to ""
[6.568s] -- Installing: /home/main/main_ws/install/local/lib/python3.10/dist-packages/main_interface/main_interface_s__rosidl_typesupport_introspection_c.cpython-310-x86_64-linux-gnu.so
[6.568s] -- Set runtime path of "/home/main/main_ws/install/local/lib/python3.10/dist-packages/main_interface/main_interface_s__rosidl_typesupport_introspection_c.cpython-310-x86_64-linux-gnu.so" to ""
[6.568s] -- Installing: /home/main/main_ws/install/local/lib/python3.10/dist-packages/main_interface/main_interface_s__rosidl_typesupport_c.cpython-310-x86_64-linux-gnu.so
[6.569s] -- Set runtime path of "/home/main/main_ws/install/local/lib/python3.10/dist-packages/main_interface/main_interface_s__rosidl_typesupport_c.cpython-310-x86_64-linux-gnu.so" to ""
[6.569s] -- Installing: /home/main/main_ws/install/lib/libmain_interface__rosidl_generator_py.so
[6.569s] -- Set runtime path of "/home/main/main_ws/install/lib/libmain_interface__rosidl_generator_py.so" to ""
[6.569s] -- Installing: /home/main/main_ws/install/share/main_interface/srv/Battery.idl
[6.569s] -- Installing: /home/main/main_ws/install/share/main_interface/srv/Calg.idl
[6.569s] -- Installing: /home/main/main_ws/install/share/main_interface/srv/Color.idl
[6.570s] -- Installing: /home/main/main_ws/install/share/main_interface/srv/Onoff.idl
[6.570s] -- Installing: /home/main/main_ws/install/share/main_interface/srv/ResetOdom.idl
[6.570s] -- Installing: /home/main/main_ws/install/share/main_interface/srv/SaveColor.idl
[6.570s] -- Installing: /home/main/main_ws/install/share/main_interface/srv/Battery.srv
[6.570s] -- Installing: /home/main/main_ws/install/share/main_interface/srv/Battery_Request.msg
[6.570s] -- Installing: /home/main/main_ws/install/share/main_interface/srv/Battery_Response.msg
[6.570s] -- Installing: /home/main/main_ws/install/share/main_interface/srv/Calg.srv
[6.570s] -- Installing: /home/main/main_ws/install/share/main_interface/srv/Calg_Request.msg
[6.570s] -- Installing: /home/main/main_ws/install/share/main_interface/srv/Calg_Response.msg
[6.571s] -- Installing: /home/main/main_ws/install/share/main_interface/srv/Color.srv
[6.571s] -- Installing: /home/main/main_ws/install/share/main_interface/srv/Color_Request.msg
[6.571s] -- Installing: /home/main/main_ws/install/share/main_interface/srv/Color_Response.msg
[6.571s] -- Installing: /home/main/main_ws/install/share/main_interface/srv/Onoff.srv
[6.571s] -- Installing: /home/main/main_ws/install/share/main_interface/srv/Onoff_Request.msg
[6.571s] -- Installing: /home/main/main_ws/install/share/main_interface/srv/Onoff_Response.msg
[6.571s] -- Installing: /home/main/main_ws/install/share/main_interface/srv/ResetOdom.srv
[6.571s] -- Installing: /home/main/main_ws/install/share/main_interface/srv/ResetOdom_Request.msg
[6.572s] -- Installing: /home/main/main_ws/install/share/main_interface/srv/ResetOdom_Response.msg
[6.572s] -- Installing: /home/main/main_ws/install/share/main_interface/srv/SaveColor.srv
[6.572s] -- Installing: /home/main/main_ws/install/share/main_interface/srv/SaveColor_Request.msg
[6.572s] -- Installing: /home/main/main_ws/install/share/main_interface/srv/SaveColor_Response.msg
[6.572s] -- Installing: /home/main/main_ws/install/share/ament_index/resource_index/package_run_dependencies/main_interface
[6.572s] -- Installing: /home/main/main_ws/install/share/ament_index/resource_index/parent_prefix_path/main_interface
[6.572s] -- Installing: /home/main/main_ws/install/share/main_interface/environment/ament_prefix_path.sh
[6.572s] -- Installing: /home/main/main_ws/install/share/main_interface/environment/ament_prefix_path.dsv
[6.573s] -- Installing: /home/main/main_ws/install/share/main_interface/environment/path.sh
[6.573s] -- Installing: /home/main/main_ws/install/share/main_interface/environment/path.dsv
[6.573s] -- Installing: /home/main/main_ws/install/share/main_interface/local_setup.bash
[6.573s] -- Installing: /home/main/main_ws/install/share/main_interface/local_setup.sh
[6.573s] -- Installing: /home/main/main_ws/install/share/main_interface/local_setup.zsh
[6.573s] -- Installing: /home/main/main_ws/install/share/main_interface/local_setup.dsv
[6.573s] -- Installing: /home/main/main_ws/install/share/main_interface/package.dsv
[6.573s] -- Installing: /home/main/main_ws/install/share/ament_index/resource_index/packages/main_interface
[6.574s] -- Installing: /home/main/main_ws/install/share/main_interface/cmake/export_main_interface__rosidl_generator_cExport.cmake
[6.574s] -- Installing: /home/main/main_ws/install/share/main_interface/cmake/export_main_interface__rosidl_generator_cExport-noconfig.cmake
[6.574s] -- Installing: /home/main/main_ws/install/share/main_interface/cmake/export_main_interface__rosidl_typesupport_fastrtps_cExport.cmake
[6.574s] -- Installing: /home/main/main_ws/install/share/main_interface/cmake/export_main_interface__rosidl_typesupport_fastrtps_cExport-noconfig.cmake
[6.574s] -- Installing: /home/main/main_ws/install/share/main_interface/cmake/main_interface__rosidl_typesupport_introspection_cExport.cmake
[6.574s] -- Installing: /home/main/main_ws/install/share/main_interface/cmake/main_interface__rosidl_typesupport_introspection_cExport-noconfig.cmake
[6.574s] -- Installing: /home/main/main_ws/install/share/main_interface/cmake/main_interface__rosidl_typesupport_cExport.cmake
[6.574s] -- Installing: /home/main/main_ws/install/share/main_interface/cmake/main_interface__rosidl_typesupport_cExport-noconfig.cmake
[6.575s] -- Installing: /home/main/main_ws/install/share/main_interface/cmake/export_main_interface__rosidl_generator_cppExport.cmake
[6.575s] -- Installing: /home/main/main_ws/install/share/main_interface/cmake/export_main_interface__rosidl_typesupport_fastrtps_cppExport.cmake
[6.575s] -- Installing: /home/main/main_ws/install/share/main_interface/cmake/export_main_interface__rosidl_typesupport_fastrtps_cppExport-noconfig.cmake
[6.575s] -- Installing: /home/main/main_ws/install/share/main_interface/cmake/main_interface__rosidl_typesupport_introspection_cppExport.cmake
[6.575s] -- Installing: /home/main/main_ws/install/share/main_interface/cmake/main_interface__rosidl_typesupport_introspection_cppExport-noconfig.cmake
[6.575s] -- Installing: /home/main/main_ws/install/share/main_interface/cmake/main_interface__rosidl_typesupport_cppExport.cmake
[6.575s] -- Installing: /home/main/main_ws/install/share/main_interface/cmake/main_interface__rosidl_typesupport_cppExport-noconfig.cmake
[6.576s] -- Installing: /home/main/main_ws/install/share/main_interface/cmake/export_main_interface__rosidl_generator_pyExport.cmake
[6.576s] -- Installing: /home/main/main_ws/install/share/main_interface/cmake/export_main_interface__rosidl_generator_pyExport-noconfig.cmake
[6.576s] -- Installing: /home/main/main_ws/install/share/main_interface/cmake/rosidl_cmake-extras.cmake
[6.576s] -- Installing: /home/main/main_ws/install/share/main_interface/cmake/ament_cmake_export_include_directories-extras.cmake
[6.576s] -- Installing: /home/main/main_ws/install/share/main_interface/cmake/ament_cmake_export_libraries-extras.cmake
[6.576s] -- Installing: /home/main/main_ws/install/share/main_interface/cmake/ament_cmake_export_targets-extras.cmake
[6.576s] -- Installing: /home/main/main_ws/install/share/main_interface/cmake/rosidl_cmake_export_typesupport_targets-extras.cmake
[6.577s] -- Installing: /home/main/main_ws/install/share/main_interface/cmake/ament_cmake_export_dependencies-extras.cmake
[6.577s] -- Installing: /home/main/main_ws/install/share/main_interface/cmake/rosidl_cmake_export_typesupport_libraries-extras.cmake
[6.577s] -- Installing: /home/main/main_ws/install/share/main_interface/cmake/main_interfaceConfig.cmake
[6.577s] -- Installing: /home/main/main_ws/install/share/main_interface/cmake/main_interfaceConfig-version.cmake
[6.577s] -- Installing: /home/main/main_ws/install/share/main_interface/package.xml
[6.580s] Invoked command in '/home/main/main_ws/build/main_interface' returned '0': CMAKE_PREFIX_PATH=${CMAKE_PREFIX_PATH}:/opt/ros/humble /usr/bin/cmake --install /home/main/main_ws/build/main_interface
