[  1%] Built target main_interface__cpp
[ 12%] Built target main_interface__rosidl_generator_c
[ 12%] Built target ament_cmake_python_copy_main_interface
[ 23%] Built target main_interface__rosidl_typesupport_introspection_c
[ 36%] Built target main_interface__rosidl_typesupport_cpp
[ 46%] Built target main_interface__rosidl_typesupport_introspection_cpp
[ 57%] Built target main_interface__rosidl_typesupport_fastrtps_cpp
[ 69%] Built target main_interface__rosidl_typesupport_c
[ 80%] Built target main_interface__rosidl_typesupport_fastrtps_c
[ 80%] Built target main_interface
[ 81%] Built target main_interface__py
[ 91%] Built target main_interface__rosidl_generator_py
[ 97%] Built target main_interface__rosidl_typesupport_fastrtps_c__pyext
[ 97%] Built target main_interface__rosidl_typesupport_c__pyext
[100%] Built target main_interface__rosidl_typesupport_introspection_c__pyext
running egg_info
writing main_interface.egg-info/PKG-INFO
writing dependency_links to main_interface.egg-info/dependency_links.txt
writing top-level names to main_interface.egg-info/top_level.txt
reading manifest file 'main_interface.egg-info/SOURCES.txt'
writing manifest file 'main_interface.egg-info/SOURCES.txt'
[100%] Built target ament_cmake_python_build_main_interface_egg
-- Install configuration: ""
-- Up-to-date: /home/main/main_ws/install/share/ament_index/resource_index/rosidl_interfaces/main_interface
-- Up-to-date: /home/main/main_ws/install/include/main_interface/main_interface
-- Up-to-date: /home/main/main_ws/install/include/main_interface/main_interface/msg
-- Up-to-date: /home/main/main_ws/install/include/main_interface/main_interface/msg/rosidl_generator_c__visibility_control.h
-- Up-to-date: /home/main/main_ws/install/include/main_interface/main_interface/srv
-- Up-to-date: /home/main/main_ws/install/include/main_interface/main_interface/srv/reset_odom.h
-- Up-to-date: /home/main/main_ws/install/include/main_interface/main_interface/srv/color.h
-- Up-to-date: /home/main/main_ws/install/include/main_interface/main_interface/srv/calg.h
-- Up-to-date: /home/main/main_ws/install/include/main_interface/main_interface/srv/detail
-- Up-to-date: /home/main/main_ws/install/include/main_interface/main_interface/srv/detail/calg__type_support.h
-- Up-to-date: /home/main/main_ws/install/include/main_interface/main_interface/srv/detail/color__functions.h
-- Up-to-date: /home/main/main_ws/install/include/main_interface/main_interface/srv/detail/save_color__struct.h
-- Up-to-date: /home/main/main_ws/install/include/main_interface/main_interface/srv/detail/calg__functions.h
-- Up-to-date: /home/main/main_ws/install/include/main_interface/main_interface/srv/detail/save_color__functions.c
-- Up-to-date: /home/main/main_ws/install/include/main_interface/main_interface/srv/detail/onoff__type_support.h
-- Up-to-date: /home/main/main_ws/install/include/main_interface/main_interface/srv/detail/battery__functions.h
-- Up-to-date: /home/main/main_ws/install/include/main_interface/main_interface/srv/detail/reset_odom__struct.h
-- Up-to-date: /home/main/main_ws/install/include/main_interface/main_interface/srv/detail/onoff__functions.c
-- Up-to-date: /home/main/main_ws/install/include/main_interface/main_interface/srv/detail/calg__struct.h
-- Up-to-date: /home/main/main_ws/install/include/main_interface/main_interface/srv/detail/reset_odom__functions.h
-- Up-to-date: /home/main/main_ws/install/include/main_interface/main_interface/srv/detail/color__type_support.h
-- Up-to-date: /home/main/main_ws/install/include/main_interface/main_interface/srv/detail/onoff__struct.h
-- Up-to-date: /home/main/main_ws/install/include/main_interface/main_interface/srv/detail/save_color__type_support.h
-- Up-to-date: /home/main/main_ws/install/include/main_interface/main_interface/srv/detail/save_color__functions.h
-- Up-to-date: /home/main/main_ws/install/include/main_interface/main_interface/srv/detail/reset_odom__functions.c
-- Up-to-date: /home/main/main_ws/install/include/main_interface/main_interface/srv/detail/battery__struct.h
-- Up-to-date: /home/main/main_ws/install/include/main_interface/main_interface/srv/detail/color__struct.h
-- Up-to-date: /home/main/main_ws/install/include/main_interface/main_interface/srv/detail/battery__functions.c
-- Up-to-date: /home/main/main_ws/install/include/main_interface/main_interface/srv/detail/calg__functions.c
-- Up-to-date: /home/main/main_ws/install/include/main_interface/main_interface/srv/detail/reset_odom__type_support.h
-- Up-to-date: /home/main/main_ws/install/include/main_interface/main_interface/srv/detail/color__functions.c
-- Up-to-date: /home/main/main_ws/install/include/main_interface/main_interface/srv/detail/onoff__functions.h
-- Up-to-date: /home/main/main_ws/install/include/main_interface/main_interface/srv/detail/battery__type_support.h
-- Up-to-date: /home/main/main_ws/install/include/main_interface/main_interface/srv/battery.h
-- Up-to-date: /home/main/main_ws/install/include/main_interface/main_interface/srv/save_color.h
-- Up-to-date: /home/main/main_ws/install/include/main_interface/main_interface/srv/onoff.h
-- Up-to-date: /home/main/main_ws/install/share/main_interface/environment/library_path.sh
-- Up-to-date: /home/main/main_ws/install/share/main_interface/environment/library_path.dsv
-- Up-to-date: /home/main/main_ws/install/lib/libmain_interface__rosidl_generator_c.so
-- Up-to-date: /home/main/main_ws/install/include/main_interface/main_interface
-- Up-to-date: /home/main/main_ws/install/include/main_interface/main_interface/msg
-- Up-to-date: /home/main/main_ws/install/include/main_interface/main_interface/msg/rosidl_typesupport_fastrtps_c__visibility_control.h
-- Up-to-date: /home/main/main_ws/install/include/main_interface/main_interface/srv
-- Up-to-date: /home/main/main_ws/install/include/main_interface/main_interface/srv/detail
-- Up-to-date: /home/main/main_ws/install/include/main_interface/main_interface/srv/detail/calg__rosidl_typesupport_fastrtps_c.h
-- Up-to-date: /home/main/main_ws/install/include/main_interface/main_interface/srv/detail/onoff__rosidl_typesupport_fastrtps_c.h
-- Up-to-date: /home/main/main_ws/install/include/main_interface/main_interface/srv/detail/save_color__rosidl_typesupport_fastrtps_c.h
-- Up-to-date: /home/main/main_ws/install/include/main_interface/main_interface/srv/detail/color__rosidl_typesupport_fastrtps_c.h
-- Up-to-date: /home/main/main_ws/install/include/main_interface/main_interface/srv/detail/battery__rosidl_typesupport_fastrtps_c.h
-- Up-to-date: /home/main/main_ws/install/include/main_interface/main_interface/srv/detail/reset_odom__rosidl_typesupport_fastrtps_c.h
-- Up-to-date: /home/main/main_ws/install/lib/libmain_interface__rosidl_typesupport_fastrtps_c.so
-- Up-to-date: /home/main/main_ws/install/include/main_interface/main_interface
-- Up-to-date: /home/main/main_ws/install/include/main_interface/main_interface/msg
-- Up-to-date: /home/main/main_ws/install/include/main_interface/main_interface/msg/rosidl_typesupport_introspection_c__visibility_control.h
-- Up-to-date: /home/main/main_ws/install/include/main_interface/main_interface/srv
-- Up-to-date: /home/main/main_ws/install/include/main_interface/main_interface/srv/detail
-- Up-to-date: /home/main/main_ws/install/include/main_interface/main_interface/srv/detail/reset_odom__type_support.c
-- Up-to-date: /home/main/main_ws/install/include/main_interface/main_interface/srv/detail/reset_odom__rosidl_typesupport_introspection_c.h
-- Up-to-date: /home/main/main_ws/install/include/main_interface/main_interface/srv/detail/save_color__rosidl_typesupport_introspection_c.h
-- Up-to-date: /home/main/main_ws/install/include/main_interface/main_interface/srv/detail/onoff__rosidl_typesupport_introspection_c.h
-- Up-to-date: /home/main/main_ws/install/include/main_interface/main_interface/srv/detail/battery__rosidl_typesupport_introspection_c.h
-- Up-to-date: /home/main/main_ws/install/include/main_interface/main_interface/srv/detail/calg__type_support.c
-- Up-to-date: /home/main/main_ws/install/include/main_interface/main_interface/srv/detail/color__type_support.c
-- Up-to-date: /home/main/main_ws/install/include/main_interface/main_interface/srv/detail/onoff__type_support.c
-- Up-to-date: /home/main/main_ws/install/include/main_interface/main_interface/srv/detail/save_color__type_support.c
-- Up-to-date: /home/main/main_ws/install/include/main_interface/main_interface/srv/detail/color__rosidl_typesupport_introspection_c.h
-- Up-to-date: /home/main/main_ws/install/include/main_interface/main_interface/srv/detail/battery__type_support.c
-- Up-to-date: /home/main/main_ws/install/include/main_interface/main_interface/srv/detail/calg__rosidl_typesupport_introspection_c.h
-- Up-to-date: /home/main/main_ws/install/lib/libmain_interface__rosidl_typesupport_introspection_c.so
-- Up-to-date: /home/main/main_ws/install/lib/libmain_interface__rosidl_typesupport_c.so
-- Up-to-date: /home/main/main_ws/install/include/main_interface/main_interface
-- Up-to-date: /home/main/main_ws/install/include/main_interface/main_interface/msg
-- Up-to-date: /home/main/main_ws/install/include/main_interface/main_interface/msg/rosidl_generator_cpp__visibility_control.hpp
-- Up-to-date: /home/main/main_ws/install/include/main_interface/main_interface/srv
-- Up-to-date: /home/main/main_ws/install/include/main_interface/main_interface/srv/battery.hpp
-- Up-to-date: /home/main/main_ws/install/include/main_interface/main_interface/srv/save_color.hpp
-- Up-to-date: /home/main/main_ws/install/include/main_interface/main_interface/srv/color.hpp
-- Up-to-date: /home/main/main_ws/install/include/main_interface/main_interface/srv/onoff.hpp
-- Up-to-date: /home/main/main_ws/install/include/main_interface/main_interface/srv/detail
-- Up-to-date: /home/main/main_ws/install/include/main_interface/main_interface/srv/detail/calg__type_support.hpp
-- Up-to-date: /home/main/main_ws/install/include/main_interface/main_interface/srv/detail/reset_odom__type_support.hpp
-- Up-to-date: /home/main/main_ws/install/include/main_interface/main_interface/srv/detail/save_color__builder.hpp
-- Up-to-date: /home/main/main_ws/install/include/main_interface/main_interface/srv/detail/color__struct.hpp
-- Up-to-date: /home/main/main_ws/install/include/main_interface/main_interface/srv/detail/save_color__struct.hpp
-- Up-to-date: /home/main/main_ws/install/include/main_interface/main_interface/srv/detail/color__builder.hpp
-- Up-to-date: /home/main/main_ws/install/include/main_interface/main_interface/srv/detail/battery__builder.hpp
-- Up-to-date: /home/main/main_ws/install/include/main_interface/main_interface/srv/detail/onoff__type_support.hpp
-- Up-to-date: /home/main/main_ws/install/include/main_interface/main_interface/srv/detail/battery__type_support.hpp
-- Up-to-date: /home/main/main_ws/install/include/main_interface/main_interface/srv/detail/reset_odom__traits.hpp
-- Up-to-date: /home/main/main_ws/install/include/main_interface/main_interface/srv/detail/color__type_support.hpp
-- Up-to-date: /home/main/main_ws/install/include/main_interface/main_interface/srv/detail/onoff__builder.hpp
-- Up-to-date: /home/main/main_ws/install/include/main_interface/main_interface/srv/detail/calg__struct.hpp
-- Up-to-date: /home/main/main_ws/install/include/main_interface/main_interface/srv/detail/battery__traits.hpp
-- Up-to-date: /home/main/main_ws/install/include/main_interface/main_interface/srv/detail/calg__builder.hpp
-- Up-to-date: /home/main/main_ws/install/include/main_interface/main_interface/srv/detail/onoff__traits.hpp
-- Up-to-date: /home/main/main_ws/install/include/main_interface/main_interface/srv/detail/reset_odom__struct.hpp
-- Up-to-date: /home/main/main_ws/install/include/main_interface/main_interface/srv/detail/calg__traits.hpp
-- Up-to-date: /home/main/main_ws/install/include/main_interface/main_interface/srv/detail/save_color__type_support.hpp
-- Up-to-date: /home/main/main_ws/install/include/main_interface/main_interface/srv/detail/color__traits.hpp
-- Up-to-date: /home/main/main_ws/install/include/main_interface/main_interface/srv/detail/battery__struct.hpp
-- Up-to-date: /home/main/main_ws/install/include/main_interface/main_interface/srv/detail/reset_odom__builder.hpp
-- Up-to-date: /home/main/main_ws/install/include/main_interface/main_interface/srv/detail/onoff__struct.hpp
-- Up-to-date: /home/main/main_ws/install/include/main_interface/main_interface/srv/detail/save_color__traits.hpp
-- Up-to-date: /home/main/main_ws/install/include/main_interface/main_interface/srv/reset_odom.hpp
-- Up-to-date: /home/main/main_ws/install/include/main_interface/main_interface/srv/calg.hpp
-- Up-to-date: /home/main/main_ws/install/include/main_interface/main_interface
-- Up-to-date: /home/main/main_ws/install/include/main_interface/main_interface/msg
-- Up-to-date: /home/main/main_ws/install/include/main_interface/main_interface/msg/rosidl_typesupport_fastrtps_cpp__visibility_control.h
-- Up-to-date: /home/main/main_ws/install/include/main_interface/main_interface/srv
-- Up-to-date: /home/main/main_ws/install/include/main_interface/main_interface/srv/detail
-- Up-to-date: /home/main/main_ws/install/include/main_interface/main_interface/srv/detail/reset_odom__rosidl_typesupport_fastrtps_cpp.hpp
-- Up-to-date: /home/main/main_ws/install/include/main_interface/main_interface/srv/detail/dds_fastrtps
-- Up-to-date: /home/main/main_ws/install/include/main_interface/main_interface/srv/detail/save_color__rosidl_typesupport_fastrtps_cpp.hpp
-- Up-to-date: /home/main/main_ws/install/include/main_interface/main_interface/srv/detail/color__rosidl_typesupport_fastrtps_cpp.hpp
-- Up-to-date: /home/main/main_ws/install/include/main_interface/main_interface/srv/detail/onoff__rosidl_typesupport_fastrtps_cpp.hpp
-- Up-to-date: /home/main/main_ws/install/include/main_interface/main_interface/srv/detail/battery__rosidl_typesupport_fastrtps_cpp.hpp
-- Up-to-date: /home/main/main_ws/install/include/main_interface/main_interface/srv/detail/calg__rosidl_typesupport_fastrtps_cpp.hpp
-- Up-to-date: /home/main/main_ws/install/lib/libmain_interface__rosidl_typesupport_fastrtps_cpp.so
-- Up-to-date: /home/main/main_ws/install/include/main_interface/main_interface
-- Up-to-date: /home/main/main_ws/install/include/main_interface/main_interface/srv
-- Up-to-date: /home/main/main_ws/install/include/main_interface/main_interface/srv/detail
-- Up-to-date: /home/main/main_ws/install/include/main_interface/main_interface/srv/detail/calg__rosidl_typesupport_introspection_cpp.hpp
-- Up-to-date: /home/main/main_ws/install/include/main_interface/main_interface/srv/detail/calg__type_support.cpp
-- Up-to-date: /home/main/main_ws/install/include/main_interface/main_interface/srv/detail/save_color__type_support.cpp
-- Up-to-date: /home/main/main_ws/install/include/main_interface/main_interface/srv/detail/battery__type_support.cpp
-- Up-to-date: /home/main/main_ws/install/include/main_interface/main_interface/srv/detail/onoff__rosidl_typesupport_introspection_cpp.hpp
-- Up-to-date: /home/main/main_ws/install/include/main_interface/main_interface/srv/detail/battery__rosidl_typesupport_introspection_cpp.hpp
-- Up-to-date: /home/main/main_ws/install/include/main_interface/main_interface/srv/detail/color__type_support.cpp
-- Up-to-date: /home/main/main_ws/install/include/main_interface/main_interface/srv/detail/reset_odom__type_support.cpp
-- Up-to-date: /home/main/main_ws/install/include/main_interface/main_interface/srv/detail/onoff__type_support.cpp
-- Up-to-date: /home/main/main_ws/install/include/main_interface/main_interface/srv/detail/color__rosidl_typesupport_introspection_cpp.hpp
-- Up-to-date: /home/main/main_ws/install/include/main_interface/main_interface/srv/detail/reset_odom__rosidl_typesupport_introspection_cpp.hpp
-- Up-to-date: /home/main/main_ws/install/include/main_interface/main_interface/srv/detail/save_color__rosidl_typesupport_introspection_cpp.hpp
-- Up-to-date: /home/main/main_ws/install/lib/libmain_interface__rosidl_typesupport_introspection_cpp.so
-- Up-to-date: /home/main/main_ws/install/lib/libmain_interface__rosidl_typesupport_cpp.so
-- Up-to-date: /home/main/main_ws/install/share/main_interface/environment/pythonpath.sh
-- Up-to-date: /home/main/main_ws/install/share/main_interface/environment/pythonpath.dsv
-- Up-to-date: /home/main/main_ws/install/local/lib/python3.10/dist-packages/main_interface-0.0.0-py3.10.egg-info
-- Installing: /home/main/main_ws/install/local/lib/python3.10/dist-packages/main_interface-0.0.0-py3.10.egg-info/top_level.txt
-- Installing: /home/main/main_ws/install/local/lib/python3.10/dist-packages/main_interface-0.0.0-py3.10.egg-info/PKG-INFO
-- Installing: /home/main/main_ws/install/local/lib/python3.10/dist-packages/main_interface-0.0.0-py3.10.egg-info/dependency_links.txt
-- Installing: /home/main/main_ws/install/local/lib/python3.10/dist-packages/main_interface-0.0.0-py3.10.egg-info/SOURCES.txt
-- Up-to-date: /home/main/main_ws/install/local/lib/python3.10/dist-packages/main_interface
-- Up-to-date: /home/main/main_ws/install/local/lib/python3.10/dist-packages/main_interface/_main_interface_s.ep.rosidl_typesupport_fastrtps_c.c
-- Up-to-date: /home/main/main_ws/install/local/lib/python3.10/dist-packages/main_interface/main_interface_s__rosidl_typesupport_introspection_c.cpython-310-x86_64-linux-gnu.so
-- Up-to-date: /home/main/main_ws/install/local/lib/python3.10/dist-packages/main_interface/main_interface_s__rosidl_typesupport_c.cpython-310-x86_64-linux-gnu.so
-- Up-to-date: /home/main/main_ws/install/local/lib/python3.10/dist-packages/main_interface/_main_interface_s.ep.rosidl_typesupport_introspection_c.c
-- Up-to-date: /home/main/main_ws/install/local/lib/python3.10/dist-packages/main_interface/main_interface_s__rosidl_typesupport_fastrtps_c.cpython-310-x86_64-linux-gnu.so
-- Up-to-date: /home/main/main_ws/install/local/lib/python3.10/dist-packages/main_interface/__init__.py
-- Up-to-date: /home/main/main_ws/install/local/lib/python3.10/dist-packages/main_interface/srv
-- Up-to-date: /home/main/main_ws/install/local/lib/python3.10/dist-packages/main_interface/srv/_calg_s.c
-- Up-to-date: /home/main/main_ws/install/local/lib/python3.10/dist-packages/main_interface/srv/_reset_odom_s.c
-- Up-to-date: /home/main/main_ws/install/local/lib/python3.10/dist-packages/main_interface/srv/_reset_odom.py
-- Up-to-date: /home/main/main_ws/install/local/lib/python3.10/dist-packages/main_interface/srv/_battery_s.c
-- Up-to-date: /home/main/main_ws/install/local/lib/python3.10/dist-packages/main_interface/srv/_color.py
-- Up-to-date: /home/main/main_ws/install/local/lib/python3.10/dist-packages/main_interface/srv/__init__.py
-- Up-to-date: /home/main/main_ws/install/local/lib/python3.10/dist-packages/main_interface/srv/_calg.py
-- Up-to-date: /home/main/main_ws/install/local/lib/python3.10/dist-packages/main_interface/srv/_color_s.c
-- Up-to-date: /home/main/main_ws/install/local/lib/python3.10/dist-packages/main_interface/srv/_battery.py
-- Up-to-date: /home/main/main_ws/install/local/lib/python3.10/dist-packages/main_interface/srv/_save_color_s.c
-- Up-to-date: /home/main/main_ws/install/local/lib/python3.10/dist-packages/main_interface/srv/_onoff.py
-- Up-to-date: /home/main/main_ws/install/local/lib/python3.10/dist-packages/main_interface/srv/_onoff_s.c
-- Up-to-date: /home/main/main_ws/install/local/lib/python3.10/dist-packages/main_interface/srv/_save_color.py
-- Up-to-date: /home/main/main_ws/install/local/lib/python3.10/dist-packages/main_interface/_main_interface_s.ep.rosidl_typesupport_c.c
-- Up-to-date: /home/main/main_ws/install/local/lib/python3.10/dist-packages/main_interface/libmain_interface__rosidl_generator_py.so
Listing '/home/main/main_ws/install/local/lib/python3.10/dist-packages/main_interface'...
Listing '/home/main/main_ws/install/local/lib/python3.10/dist-packages/main_interface/srv'...
-- Up-to-date: /home/main/main_ws/install/local/lib/python3.10/dist-packages/main_interface/main_interface_s__rosidl_typesupport_fastrtps_c.cpython-310-x86_64-linux-gnu.so
-- Up-to-date: /home/main/main_ws/install/local/lib/python3.10/dist-packages/main_interface/main_interface_s__rosidl_typesupport_introspection_c.cpython-310-x86_64-linux-gnu.so
-- Up-to-date: /home/main/main_ws/install/local/lib/python3.10/dist-packages/main_interface/main_interface_s__rosidl_typesupport_c.cpython-310-x86_64-linux-gnu.so
-- Up-to-date: /home/main/main_ws/install/lib/libmain_interface__rosidl_generator_py.so
-- Up-to-date: /home/main/main_ws/install/share/main_interface/srv/Battery.idl
-- Up-to-date: /home/main/main_ws/install/share/main_interface/srv/Calg.idl
-- Up-to-date: /home/main/main_ws/install/share/main_interface/srv/Color.idl
-- Up-to-date: /home/main/main_ws/install/share/main_interface/srv/Onoff.idl
-- Up-to-date: /home/main/main_ws/install/share/main_interface/srv/ResetOdom.idl
-- Up-to-date: /home/main/main_ws/install/share/main_interface/srv/SaveColor.idl
-- Up-to-date: /home/main/main_ws/install/share/main_interface/srv/Battery.srv
-- Up-to-date: /home/main/main_ws/install/share/main_interface/srv/Battery_Request.msg
-- Up-to-date: /home/main/main_ws/install/share/main_interface/srv/Battery_Response.msg
-- Up-to-date: /home/main/main_ws/install/share/main_interface/srv/Calg.srv
-- Up-to-date: /home/main/main_ws/install/share/main_interface/srv/Calg_Request.msg
-- Up-to-date: /home/main/main_ws/install/share/main_interface/srv/Calg_Response.msg
-- Up-to-date: /home/main/main_ws/install/share/main_interface/srv/Color.srv
-- Up-to-date: /home/main/main_ws/install/share/main_interface/srv/Color_Request.msg
-- Up-to-date: /home/main/main_ws/install/share/main_interface/srv/Color_Response.msg
-- Up-to-date: /home/main/main_ws/install/share/main_interface/srv/Onoff.srv
-- Up-to-date: /home/main/main_ws/install/share/main_interface/srv/Onoff_Request.msg
-- Up-to-date: /home/main/main_ws/install/share/main_interface/srv/Onoff_Response.msg
-- Up-to-date: /home/main/main_ws/install/share/main_interface/srv/ResetOdom.srv
-- Up-to-date: /home/main/main_ws/install/share/main_interface/srv/ResetOdom_Request.msg
-- Up-to-date: /home/main/main_ws/install/share/main_interface/srv/ResetOdom_Response.msg
-- Up-to-date: /home/main/main_ws/install/share/main_interface/srv/SaveColor.srv
-- Up-to-date: /home/main/main_ws/install/share/main_interface/srv/SaveColor_Request.msg
-- Up-to-date: /home/main/main_ws/install/share/main_interface/srv/SaveColor_Response.msg
-- Up-to-date: /home/main/main_ws/install/share/ament_index/resource_index/package_run_dependencies/main_interface
-- Up-to-date: /home/main/main_ws/install/share/ament_index/resource_index/parent_prefix_path/main_interface
-- Up-to-date: /home/main/main_ws/install/share/main_interface/environment/ament_prefix_path.sh
-- Up-to-date: /home/main/main_ws/install/share/main_interface/environment/ament_prefix_path.dsv
-- Up-to-date: /home/main/main_ws/install/share/main_interface/environment/path.sh
-- Up-to-date: /home/main/main_ws/install/share/main_interface/environment/path.dsv
-- Up-to-date: /home/main/main_ws/install/share/main_interface/local_setup.bash
-- Up-to-date: /home/main/main_ws/install/share/main_interface/local_setup.sh
-- Up-to-date: /home/main/main_ws/install/share/main_interface/local_setup.zsh
-- Up-to-date: /home/main/main_ws/install/share/main_interface/local_setup.dsv
-- Installing: /home/main/main_ws/install/share/main_interface/package.dsv
-- Up-to-date: /home/main/main_ws/install/share/ament_index/resource_index/packages/main_interface
-- Up-to-date: /home/main/main_ws/install/share/main_interface/cmake/export_main_interface__rosidl_generator_cExport.cmake
-- Up-to-date: /home/main/main_ws/install/share/main_interface/cmake/export_main_interface__rosidl_generator_cExport-noconfig.cmake
-- Up-to-date: /home/main/main_ws/install/share/main_interface/cmake/export_main_interface__rosidl_typesupport_fastrtps_cExport.cmake
-- Up-to-date: /home/main/main_ws/install/share/main_interface/cmake/export_main_interface__rosidl_typesupport_fastrtps_cExport-noconfig.cmake
-- Up-to-date: /home/main/main_ws/install/share/main_interface/cmake/main_interface__rosidl_typesupport_introspection_cExport.cmake
-- Up-to-date: /home/main/main_ws/install/share/main_interface/cmake/main_interface__rosidl_typesupport_introspection_cExport-noconfig.cmake
-- Up-to-date: /home/main/main_ws/install/share/main_interface/cmake/main_interface__rosidl_typesupport_cExport.cmake
-- Up-to-date: /home/main/main_ws/install/share/main_interface/cmake/main_interface__rosidl_typesupport_cExport-noconfig.cmake
-- Up-to-date: /home/main/main_ws/install/share/main_interface/cmake/export_main_interface__rosidl_generator_cppExport.cmake
-- Up-to-date: /home/main/main_ws/install/share/main_interface/cmake/export_main_interface__rosidl_typesupport_fastrtps_cppExport.cmake
-- Up-to-date: /home/main/main_ws/install/share/main_interface/cmake/export_main_interface__rosidl_typesupport_fastrtps_cppExport-noconfig.cmake
-- Up-to-date: /home/main/main_ws/install/share/main_interface/cmake/main_interface__rosidl_typesupport_introspection_cppExport.cmake
-- Up-to-date: /home/main/main_ws/install/share/main_interface/cmake/main_interface__rosidl_typesupport_introspection_cppExport-noconfig.cmake
-- Up-to-date: /home/main/main_ws/install/share/main_interface/cmake/main_interface__rosidl_typesupport_cppExport.cmake
-- Up-to-date: /home/main/main_ws/install/share/main_interface/cmake/main_interface__rosidl_typesupport_cppExport-noconfig.cmake
-- Up-to-date: /home/main/main_ws/install/share/main_interface/cmake/export_main_interface__rosidl_generator_pyExport.cmake
-- Up-to-date: /home/main/main_ws/install/share/main_interface/cmake/export_main_interface__rosidl_generator_pyExport-noconfig.cmake
-- Up-to-date: /home/main/main_ws/install/share/main_interface/cmake/rosidl_cmake-extras.cmake
-- Up-to-date: /home/main/main_ws/install/share/main_interface/cmake/ament_cmake_export_include_directories-extras.cmake
-- Up-to-date: /home/main/main_ws/install/share/main_interface/cmake/ament_cmake_export_libraries-extras.cmake
-- Up-to-date: /home/main/main_ws/install/share/main_interface/cmake/ament_cmake_export_targets-extras.cmake
-- Up-to-date: /home/main/main_ws/install/share/main_interface/cmake/rosidl_cmake_export_typesupport_targets-extras.cmake
-- Up-to-date: /home/main/main_ws/install/share/main_interface/cmake/ament_cmake_export_dependencies-extras.cmake
-- Up-to-date: /home/main/main_ws/install/share/main_interface/cmake/rosidl_cmake_export_typesupport_libraries-extras.cmake
-- Up-to-date: /home/main/main_ws/install/share/main_interface/cmake/main_interfaceConfig.cmake
-- Up-to-date: /home/main/main_ws/install/share/main_interface/cmake/main_interfaceConfig-version.cmake
-- Up-to-date: /home/main/main_ws/install/share/main_interface/package.xml
