[0.021s] Invoking command in '/home/main/main_ws/build/serial': CMAKE_PREFIX_PATH=${CMAKE_PREFIX_PATH}:/opt/ros/humble /usr/bin/cmake --build /home/main/main_ws/build/serial -- -j16 -l16
[0.210s] [100%] Built target serial
[0.214s] Invoked command in '/home/main/main_ws/build/serial' returned '0': CMAKE_PREFIX_PATH=${CMAKE_PREFIX_PATH}:/opt/ros/humble /usr/bin/cmake --build /home/main/main_ws/build/serial -- -j16 -l16
[0.221s] Invoking command in '/home/main/main_ws/build/serial': CMAKE_PREFIX_PATH=${CMAKE_PREFIX_PATH}:/opt/ros/humble /usr/bin/cmake --install /home/main/main_ws/build/serial
[0.229s] -- Install configuration: ""
[0.229s] -- Up-to-date: /home/main/main_ws/install/share/serial/environment/library_path.sh
[0.230s] -- Up-to-date: /home/main/main_ws/install/share/serial/environment/library_path.dsv
[0.230s] -- Up-to-date: /home/main/main_ws/install/lib/libserial.a
[0.230s] -- Up-to-date: /home/main/main_ws/install/include/serial/serial.h
[0.230s] -- Up-to-date: /home/main/main_ws/install/include/serial/v8stdint.h
[0.230s] -- Up-to-date: /home/main/main_ws/install/share/ament_index/resource_index/package_run_dependencies/serial
[0.230s] -- Up-to-date: /home/main/main_ws/install/share/ament_index/resource_index/parent_prefix_path/serial
[0.230s] -- Up-to-date: /home/main/main_ws/install/share/serial/environment/ament_prefix_path.sh
[0.230s] -- Up-to-date: /home/main/main_ws/install/share/serial/environment/ament_prefix_path.dsv
[0.230s] -- Up-to-date: /home/main/main_ws/install/share/serial/environment/path.sh
[0.230s] -- Up-to-date: /home/main/main_ws/install/share/serial/environment/path.dsv
[0.231s] -- Up-to-date: /home/main/main_ws/install/share/serial/local_setup.bash
[0.231s] -- Up-to-date: /home/main/main_ws/install/share/serial/local_setup.sh
[0.231s] -- Up-to-date: /home/main/main_ws/install/share/serial/local_setup.zsh
[0.231s] -- Up-to-date: /home/main/main_ws/install/share/serial/local_setup.dsv
[0.231s] -- Installing: /home/main/main_ws/install/share/serial/package.dsv
[0.231s] -- Up-to-date: /home/main/main_ws/install/share/ament_index/resource_index/packages/serial
[0.231s] -- Up-to-date: /home/main/main_ws/install/share/serial/cmake/ament_cmake_export_include_directories-extras.cmake
[0.231s] -- Up-to-date: /home/main/main_ws/install/share/serial/cmake/ament_cmake_export_libraries-extras.cmake
[0.231s] -- Up-to-date: /home/main/main_ws/install/share/serial/cmake/serialConfig.cmake
[0.231s] -- Up-to-date: /home/main/main_ws/install/share/serial/cmake/serialConfig-version.cmake
[0.231s] -- Up-to-date: /home/main/main_ws/install/share/serial/package.xml
[0.237s] Invoked command in '/home/main/main_ws/build/serial' returned '0': CMAKE_PREFIX_PATH=${CMAKE_PREFIX_PATH}:/opt/ros/humble /usr/bin/cmake --install /home/main/main_ws/build/serial
