[0.022s] Invoking command in '/home/main/main_ws/build/main_description': CMAKE_PREFIX_PATH=${CMAKE_PREFIX_PATH}:/opt/ros/humble /usr/bin/cmake --build /home/main/main_ws/build/main_description -- -j16 -l16
[0.214s] Invoked command in '/home/main/main_ws/build/main_description' returned '0': CMAKE_PREFIX_PATH=${CMAKE_PREFIX_PATH}:/opt/ros/humble /usr/bin/cmake --build /home/main/main_ws/build/main_description -- -j16 -l16
[0.216s] Invoking command in '/home/main/main_ws/build/main_description': CMAKE_PREFIX_PATH=${CMAKE_PREFIX_PATH}:/opt/ros/humble /usr/bin/cmake --install /home/main/main_ws/build/main_description
[0.221s] -- Install configuration: ""
[0.222s] -- Up-to-date: /home/main/main_ws/install/share/main_description/meshes
[0.223s] -- Up-to-date: /home/main/main_ws/install/share/main_description/meshes/wheels
[0.223s] -- Up-to-date: /home/main/main_ws/install/share/main_description/meshes/wheels/omo_r1_wheel.stl
[0.223s] -- Up-to-date: /home/main/main_ws/install/share/main_description/meshes/sensors
[0.223s] -- Up-to-date: /home/main/main_ws/install/share/main_description/meshes/sensors/omo_r1_lidar.stl
[0.223s] -- Up-to-date: /home/main/main_ws/install/share/main_description/meshes/sensors/omo_r1_camera.stl
[0.223s] -- Up-to-date: /home/main/main_ws/install/share/main_description/meshes/bases
[0.223s] -- Up-to-date: /home/main/main_ws/install/share/main_description/meshes/bases/omo_r1_body.stl
[0.224s] -- Up-to-date: /home/main/main_ws/install/share/main_description/rviz
[0.225s] -- Up-to-date: /home/main/main_ws/install/share/main_description/rviz/model.rviz
[0.225s] -- Up-to-date: /home/main/main_ws/install/share/main_description/urdf
[0.225s] -- Up-to-date: /home/main/main_ws/install/share/main_description/urdf/omo_r1.urdf.xacro
[0.225s] -- Up-to-date: /home/main/main_ws/install/share/main_description/urdf/omo_r1.urdf.g2.xacro
[0.225s] -- Up-to-date: /home/main/main_ws/install/share/main_description/urdf/omo_r1.urdf
[0.225s] -- Up-to-date: /home/main/main_ws/install/share/main_description/urdf/common_properties.xacro
[0.225s] -- Up-to-date: /home/main/main_ws/install/share/main_description/launch
[0.225s] -- Up-to-date: /home/main/main_ws/install/share/main_description/launch/omo_r1_description_rviz.launch.py
[0.225s] -- Up-to-date: /home/main/main_ws/install/share/main_description/launch/omo_r1_state_publisher.launch.py
[0.226s] -- Up-to-date: /home/main/main_ws/install/share/main_description/launch/omo_r1_description_launch.py
[0.226s] -- Up-to-date: /home/main/main_ws/install/share/ament_index/resource_index/package_run_dependencies/main_description
[0.226s] -- Up-to-date: /home/main/main_ws/install/share/ament_index/resource_index/parent_prefix_path/main_description
[0.226s] -- Up-to-date: /home/main/main_ws/install/share/main_description/environment/ament_prefix_path.sh
[0.226s] -- Up-to-date: /home/main/main_ws/install/share/main_description/environment/ament_prefix_path.dsv
[0.226s] -- Up-to-date: /home/main/main_ws/install/share/main_description/environment/path.sh
[0.226s] -- Up-to-date: /home/main/main_ws/install/share/main_description/environment/path.dsv
[0.226s] -- Up-to-date: /home/main/main_ws/install/share/main_description/local_setup.bash
[0.226s] -- Up-to-date: /home/main/main_ws/install/share/main_description/local_setup.sh
[0.226s] -- Up-to-date: /home/main/main_ws/install/share/main_description/local_setup.zsh
[0.226s] -- Up-to-date: /home/main/main_ws/install/share/main_description/local_setup.dsv
[0.226s] -- Installing: /home/main/main_ws/install/share/main_description/package.dsv
[0.227s] -- Up-to-date: /home/main/main_ws/install/share/ament_index/resource_index/packages/main_description
[0.228s] -- Up-to-date: /home/main/main_ws/install/share/main_description/cmake/main_descriptionConfig.cmake
[0.228s] -- Up-to-date: /home/main/main_ws/install/share/main_description/cmake/main_descriptionConfig-version.cmake
[0.228s] -- Up-to-date: /home/main/main_ws/install/share/main_description/package.xml
[0.229s] Invoked command in '/home/main/main_ws/build/main_description' returned '0': CMAKE_PREFIX_PATH=${CMAKE_PREFIX_PATH}:/opt/ros/humble /usr/bin/cmake --install /home/main/main_ws/build/main_description
