[35m[1mConsolidate compiler generated dependencies of target test_node[0m
[ 33%] Built target send_arduino_node
[ 66%] Built target main_run_node
[ 83%] [32mBuilding CXX object CMakeFiles/test_node.dir/src/test.cpp.o[0m
[01m[K/home/main/main_ws/src/main_motor/src/test.cpp:[m[K In member function ‘[01m[Kvoid TestNode::timerCallback()[m[K’:
[01m[K/home/main/main_ws/src/main_motor/src/test.cpp:80:24:[m[K [01;35m[Kwarning: [m[Ksuggest parentheses around ‘[01m[K&&[m[K’ within ‘[01m[K||[m[K’ [[01;35m[K]8;;https://gcc.gnu.org/onlinedocs/gcc/Warning-Options.html#index-Wparentheses-Wparentheses]8;;[m[K]
   80 |         if ([01;35m[K!sent_flag && serial_port_1.isOpen()[m[K || serial_port_2.isOpen())
      |             [01;35m[K~~~~~~~~~~~^~~~~~~~~~~~~~~~~~~~~~~~~[m[K
[100%] [32m[1mLinking CXX executable test_node[0m
[100%] Built target test_node
-- Install configuration: ""
-- Up-to-date: /home/main/main_ws/install/lib/main_motor/send_arduino_node
-- Up-to-date: /home/main/main_ws/install/lib/main_motor/main_run_node
-- Installing: /home/main/main_ws/install/lib/main_motor/test_node
-- Set runtime path of "/home/main/main_ws/install/lib/main_motor/test_node" to ""
-- Up-to-date: /home/main/main_ws/install/share/ament_index/resource_index/package_run_dependencies/main_motor
-- Up-to-date: /home/main/main_ws/install/share/ament_index/resource_index/parent_prefix_path/main_motor
-- Up-to-date: /home/main/main_ws/install/share/main_motor/environment/ament_prefix_path.sh
-- Up-to-date: /home/main/main_ws/install/share/main_motor/environment/ament_prefix_path.dsv
-- Up-to-date: /home/main/main_ws/install/share/main_motor/environment/path.sh
-- Up-to-date: /home/main/main_ws/install/share/main_motor/environment/path.dsv
-- Up-to-date: /home/main/main_ws/install/share/main_motor/local_setup.bash
-- Up-to-date: /home/main/main_ws/install/share/main_motor/local_setup.sh
-- Up-to-date: /home/main/main_ws/install/share/main_motor/local_setup.zsh
-- Up-to-date: /home/main/main_ws/install/share/main_motor/local_setup.dsv
-- Installing: /home/main/main_ws/install/share/main_motor/package.dsv
-- Up-to-date: /home/main/main_ws/install/share/ament_index/resource_index/packages/main_motor
-- Up-to-date: /home/main/main_ws/install/share/main_motor/cmake/main_motorConfig.cmake
-- Up-to-date: /home/main/main_ws/install/share/main_motor/cmake/main_motorConfig-version.cmake
-- Up-to-date: /home/main/main_ws/install/share/main_motor/package.xml
