[0.038s] Invoking command in '/home/main/main_ws/build/main_motor': CMAKE_PREFIX_PATH=${CMAKE_PREFIX_PATH}:/opt/ros/humble PYTHONPATH=/home/main/main_ws/install/lib/python3.10/site-packages:/home/main/main_ws/install/local/lib/python3.10/dist-packages:/opt/ros/humble/lib/python3.10/site-packages:/opt/ros/humble/local/lib/python3.10/dist-packages /usr/bin/cmake --build /home/main/main_ws/build/main_motor -- -j16 -l16
[0.061s] [35m[1mConsolidate compiler generated dependencies of target test_node[0m
[0.070s] [ 33%] Built target send_arduino_node
[0.071s] [ 66%] Built target main_run_node
[0.076s] [ 83%] [32mBuilding CXX object CMakeFiles/test_node.dir/src/test.cpp.o[0m
[1.438s] [01m[K/home/main/main_ws/src/main_motor/src/test.cpp:[m[K In member function ‘[01m[Kvoid TestNode::timerCallback()[m[K’:
[1.439s] [01m[K/home/main/main_ws/src/main_motor/src/test.cpp:80:24:[m[K [01;35m[Kwarning: [m[Ksuggest parentheses around ‘[01m[K&&[m[K’ within ‘[01m[K||[m[K’ [[01;35m[K]8;;https://gcc.gnu.org/onlinedocs/gcc/Warning-Options.html#index-Wparentheses-Wparentheses]8;;[m[K]
[1.439s]    80 |         if ([01;35m[K!sent_flag && serial_port_1.isOpen()[m[K || serial_port_2.isOpen())
[1.439s]       |             [01;35m[K~~~~~~~~~~~^~~~~~~~~~~~~~~~~~~~~~~~~[m[K
[1.815s] [100%] [32m[1mLinking CXX executable test_node[0m
[1.896s] [100%] Built target test_node
[1.904s] Invoked command in '/home/main/main_ws/build/main_motor' returned '0': CMAKE_PREFIX_PATH=${CMAKE_PREFIX_PATH}:/opt/ros/humble PYTHONPATH=/home/main/main_ws/install/lib/python3.10/site-packages:/home/main/main_ws/install/local/lib/python3.10/dist-packages:/opt/ros/humble/lib/python3.10/site-packages:/opt/ros/humble/local/lib/python3.10/dist-packages /usr/bin/cmake --build /home/main/main_ws/build/main_motor -- -j16 -l16
[1.905s] Invoking command in '/home/main/main_ws/build/main_motor': CMAKE_PREFIX_PATH=${CMAKE_PREFIX_PATH}:/opt/ros/humble PYTHONPATH=/home/main/main_ws/install/lib/python3.10/site-packages:/home/main/main_ws/install/local/lib/python3.10/dist-packages:/opt/ros/humble/lib/python3.10/site-packages:/opt/ros/humble/local/lib/python3.10/dist-packages /usr/bin/cmake --install /home/main/main_ws/build/main_motor
[1.912s] -- Install configuration: ""
[1.912s] -- Up-to-date: /home/main/main_ws/install/lib/main_motor/send_arduino_node
[1.913s] -- Up-to-date: /home/main/main_ws/install/lib/main_motor/main_run_node
[1.913s] -- Installing: /home/main/main_ws/install/lib/main_motor/test_node
[1.913s] -- Set runtime path of "/home/main/main_ws/install/lib/main_motor/test_node" to ""
[1.913s] -- Up-to-date: /home/main/main_ws/install/share/ament_index/resource_index/package_run_dependencies/main_motor
[1.913s] -- Up-to-date: /home/main/main_ws/install/share/ament_index/resource_index/parent_prefix_path/main_motor
[1.913s] -- Up-to-date: /home/main/main_ws/install/share/main_motor/environment/ament_prefix_path.sh
[1.913s] -- Up-to-date: /home/main/main_ws/install/share/main_motor/environment/ament_prefix_path.dsv
[1.913s] -- Up-to-date: /home/main/main_ws/install/share/main_motor/environment/path.sh
[1.913s] -- Up-to-date: /home/main/main_ws/install/share/main_motor/environment/path.dsv
[1.913s] -- Up-to-date: /home/main/main_ws/install/share/main_motor/local_setup.bash
[1.913s] -- Up-to-date: /home/main/main_ws/install/share/main_motor/local_setup.sh
[1.913s] -- Up-to-date: /home/main/main_ws/install/share/main_motor/local_setup.zsh
[1.913s] -- Up-to-date: /home/main/main_ws/install/share/main_motor/local_setup.dsv
[1.913s] -- Installing: /home/main/main_ws/install/share/main_motor/package.dsv
[1.914s] -- Up-to-date: /home/main/main_ws/install/share/ament_index/resource_index/packages/main_motor
[1.914s] -- Up-to-date: /home/main/main_ws/install/share/main_motor/cmake/main_motorConfig.cmake
[1.914s] -- Up-to-date: /home/main/main_ws/install/share/main_motor/cmake/main_motorConfig-version.cmake
[1.914s] -- Up-to-date: /home/main/main_ws/install/share/main_motor/package.xml
[1.915s] Invoked command in '/home/main/main_ws/build/main_motor' returned '0': CMAKE_PREFIX_PATH=${CMAKE_PREFIX_PATH}:/opt/ros/humble PYTHONPATH=/home/main/main_ws/install/lib/python3.10/site-packages:/home/main/main_ws/install/local/lib/python3.10/dist-packages:/opt/ros/humble/lib/python3.10/site-packages:/opt/ros/humble/local/lib/python3.10/dist-packages /usr/bin/cmake --install /home/main/main_ws/build/main_motor
