running egg_info
writing ../../build/main_bringup/main_bringup.egg-info/PKG-INFO
writing dependency_links to ../../build/main_bringup/main_bringup.egg-info/dependency_links.txt
writing entry points to ../../build/main_bringup/main_bringup.egg-info/entry_points.txt
writing requirements to ../../build/main_bringup/main_bringup.egg-info/requires.txt
writing top-level names to ../../build/main_bringup/main_bringup.egg-info/top_level.txt
reading manifest file '../../build/main_bringup/main_bringup.egg-info/SOURCES.txt'
writing manifest file '../../build/main_bringup/main_bringup.egg-info/SOURCES.txt'
running build
running build_py
running install
running install_lib
running install_data
running install_egg_info
removing '/home/main/main_ws/install/lib/python3.10/site-packages/main_bringup-0.0.1-py3.10.egg-info' (and everything under it)
Copying ../../build/main_bringup/main_bringup.egg-info to /home/main/main_ws/install/lib/python3.10/site-packages/main_bringup-0.0.1-py3.10.egg-info
running install_scripts
Installing omo_r1_mcu_node script to /home/main/main_ws/install/lib/main_bringup
Installing omo_r1_motor_setting_node script to /home/main/main_ws/install/lib/main_bringup
writing list of installed files to '/home/main/main_ws/build/main_bringup/install.log'
