[0.588s] Invoking command in '/home/main/main_ws/src/main_teleop': PYTHONPATH=/home/main/main_ws/build/main_teleop/prefix_override:/usr/lib/python3/dist-packages/colcon_core/task/python/colcon_distutils_commands:/home/main/main_ws/install/lib/python3.10/site-packages:/home/main/main_ws/install/lib/python3.10/site-packages:/home/main/main_ws/install/local/lib/python3.10/dist-packages:/opt/ros/humble/lib/python3.10/site-packages:/opt/ros/humble/local/lib/python3.10/dist-packages /usr/bin/python3 -W ignore:setup.py install is deprecated -W ignore:easy_install command is deprecated setup.py egg_info --egg-base ../../build/main_teleop build --build-base /home/main/main_ws/build/main_teleop/build install --record /home/main/main_ws/build/main_teleop/install.log --single-version-externally-managed install_data
[0.741s] running egg_info
[0.742s] writing ../../build/main_teleop/main_teleop.egg-info/PKG-INFO
[0.745s] writing dependency_links to ../../build/main_teleop/main_teleop.egg-info/dependency_links.txt
[0.745s] writing entry points to ../../build/main_teleop/main_teleop.egg-info/entry_points.txt
[0.745s] writing requirements to ../../build/main_teleop/main_teleop.egg-info/requires.txt
[0.745s] writing top-level names to ../../build/main_teleop/main_teleop.egg-info/top_level.txt
[0.747s] reading manifest file '../../build/main_teleop/main_teleop.egg-info/SOURCES.txt'
[0.747s] writing manifest file '../../build/main_teleop/main_teleop.egg-info/SOURCES.txt'
[0.747s] running build
[0.747s] running build_py
[0.748s] running install
[0.749s] running install_lib
[0.750s] running install_data
[0.750s] running install_egg_info
[0.752s] removing '/home/main/main_ws/install/lib/python3.10/site-packages/main_teleop-2.1.2-py3.10.egg-info' (and everything under it)
[0.752s] Copying ../../build/main_teleop/main_teleop.egg-info to /home/main/main_ws/install/lib/python3.10/site-packages/main_teleop-2.1.2-py3.10.egg-info
[0.753s] running install_scripts
[0.768s] Installing teleop_joy script to /home/main/main_ws/install/lib/main_teleop
[0.768s] Installing teleop_keyboard script to /home/main/main_ws/install/lib/main_teleop
[0.769s] writing list of installed files to '/home/main/main_ws/build/main_teleop/install.log'
[0.797s] Invoked command in '/home/main/main_ws/src/main_teleop' returned '0': PYTHONPATH=/home/main/main_ws/build/main_teleop/prefix_override:/usr/lib/python3/dist-packages/colcon_core/task/python/colcon_distutils_commands:/home/main/main_ws/install/lib/python3.10/site-packages:/home/main/main_ws/install/lib/python3.10/site-packages:/home/main/main_ws/install/local/lib/python3.10/dist-packages:/opt/ros/humble/lib/python3.10/site-packages:/opt/ros/humble/local/lib/python3.10/dist-packages /usr/bin/python3 -W ignore:setup.py install is deprecated -W ignore:easy_install command is deprecated setup.py egg_info --egg-base ../../build/main_teleop build --build-base /home/main/main_ws/build/main_teleop/build install --record /home/main/main_ws/build/main_teleop/install.log --single-version-externally-managed install_data
