/home/main/main_ws/install/lib/python3.10/site-packages/main_bringup/__init__.py
/home/main/main_ws/install/lib/python3.10/site-packages/main_bringup/scripts/omo_r1_motor_setting_node.py
/home/main/main_ws/install/lib/python3.10/site-packages/main_bringup/scripts/omo_r1_mcu_node.py
/home/main/main_ws/install/lib/python3.10/site-packages/main_bringup/scripts/__init__.py
/home/main/main_ws/install/lib/python3.10/site-packages/main_bringup/scripts/omo_packet_handler.py
/home/main/main_ws/install/lib/python3.10/site-packages/main_bringup/scripts/calc/__init__.py
/home/main/main_ws/install/lib/python3.10/site-packages/main_bringup/scripts/calc/quaternion_from_euler.py
/home/main/main_ws/install/lib/python3.10/site-packages/main_bringup/scripts/driver/template.py
/home/main/main_ws/install/lib/python3.10/site-packages/main_bringup/scripts/driver/port.py
/home/main/main_ws/install/lib/python3.10/site-packages/main_bringup/scripts/driver/__init__.py
/home/main/main_ws/install/lib/python3.10/site-packages/main_bringup/scripts/driver/packet.py
/home/main/main_ws/install/lib/python3.10/site-packages/main_bringup/__pycache__/__init__.cpython-310.pyc
/home/main/main_ws/install/lib/python3.10/site-packages/main_bringup/scripts/__pycache__/omo_r1_motor_setting_node.cpython-310.pyc
/home/main/main_ws/install/lib/python3.10/site-packages/main_bringup/scripts/__pycache__/omo_r1_mcu_node.cpython-310.pyc
/home/main/main_ws/install/lib/python3.10/site-packages/main_bringup/scripts/__pycache__/__init__.cpython-310.pyc
/home/main/main_ws/install/lib/python3.10/site-packages/main_bringup/scripts/__pycache__/omo_packet_handler.cpython-310.pyc
/home/main/main_ws/install/lib/python3.10/site-packages/main_bringup/scripts/calc/__pycache__/__init__.cpython-310.pyc
/home/main/main_ws/install/lib/python3.10/site-packages/main_bringup/scripts/calc/__pycache__/quaternion_from_euler.cpython-310.pyc
/home/main/main_ws/install/lib/python3.10/site-packages/main_bringup/scripts/driver/__pycache__/template.cpython-310.pyc
/home/main/main_ws/install/lib/python3.10/site-packages/main_bringup/scripts/driver/__pycache__/port.cpython-310.pyc
/home/main/main_ws/install/lib/python3.10/site-packages/main_bringup/scripts/driver/__pycache__/__init__.cpython-310.pyc
/home/main/main_ws/install/lib/python3.10/site-packages/main_bringup/scripts/driver/__pycache__/packet.cpython-310.pyc
/home/main/main_ws/install/share/ament_index/resource_index/packages/main_bringup
/home/main/main_ws/install/share/main_bringup/package.xml
/home/main/main_ws/install/share/main_bringup/launch/omo_r1_mcu.launch.py
/home/main/main_ws/install/share/main_bringup/launch/localization_launch.py
/home/main/main_ws/install/share/main_bringup/launch/navigation_launch.py
/home/main/main_ws/install/share/main_bringup/launch/omo_r1_bringup.launch.py
/home/main/main_ws/install/share/main_bringup/launch/bringup_launch.py
/home/main/main_ws/install/share/main_bringup/launch/online.async.launch.py
/home/main/main_ws/install/share/main_bringup/launch/slam_launch.py
/home/main/main_ws/install/share/main_bringup/launch/rviz1.launch.py
/home/main/main_ws/install/share/main_bringup/launch/omo_r1_motor_setting.launch.py
/home/main/main_ws/install/share/main_bringup/launch/navigation.launch.py
/home/main/main_ws/install/share/main_bringup/params/nav2_params.yaml
/home/main/main_ws/install/share/main_bringup/params/mapper_params_online_async.yaml
/home/main/main_ws/install/share/main_bringup/params/omo_r1_lidar.yaml
/home/main/main_ws/install/share/main_bringup/params/omo_r1_mcu.yaml
/home/main/main_ws/install/share/main_bringup/map/fullmap_serial.data
/home/main/main_ws/install/share/main_bringup/map/112_save.yaml
/home/main/main_ws/install/share/main_bringup/map/fullmap_save.yaml
/home/main/main_ws/install/share/main_bringup/map/112map_save.pgm
/home/main/main_ws/install/share/main_bringup/map/fullmap_save.pgm
/home/main/main_ws/install/share/main_bringup/map/112map_save_serial.posegraph
/home/main/main_ws/install/share/main_bringup/map/102map_save.pgm
/home/main/main_ws/install/share/main_bringup/map/112map_save_serial.data
/home/main/main_ws/install/share/main_bringup/map/102map_save.yaml
/home/main/main_ws/install/share/main_bringup/map/102map_serial.data
/home/main/main_ws/install/share/main_bringup/map/fullmap_serial.posegraph
/home/main/main_ws/install/share/main_bringup/map/112_serial.data
/home/main/main_ws/install/share/main_bringup/map/102map_serial.posegraph
/home/main/main_ws/install/share/main_bringup/map/112_serial.posegraph
/home/main/main_ws/install/share/main_bringup/map/112_save.pgm
/home/main/main_ws/install/share/main_bringup/map/112map_save.yaml
/home/main/main_ws/install/lib/python3.10/site-packages/main_bringup-0.0.1-py3.10.egg-info/top_level.txt
/home/main/main_ws/install/lib/python3.10/site-packages/main_bringup-0.0.1-py3.10.egg-info/requires.txt
/home/main/main_ws/install/lib/python3.10/site-packages/main_bringup-0.0.1-py3.10.egg-info/PKG-INFO
/home/main/main_ws/install/lib/python3.10/site-packages/main_bringup-0.0.1-py3.10.egg-info/zip-safe
/home/main/main_ws/install/lib/python3.10/site-packages/main_bringup-0.0.1-py3.10.egg-info/dependency_links.txt
/home/main/main_ws/install/lib/python3.10/site-packages/main_bringup-0.0.1-py3.10.egg-info/entry_points.txt
/home/main/main_ws/install/lib/python3.10/site-packages/main_bringup-0.0.1-py3.10.egg-info/SOURCES.txt
/home/main/main_ws/install/lib/main_bringup/omo_r1_mcu_node
/home/main/main_ws/install/lib/main_bringup/omo_r1_motor_setting_node
