[0.041s] Invoking command in '/home/main/main_ws/build/main_motor': AMENT_PREFIX_PATH=/home/main/main_ws/install:${AMENT_PREFIX_PATH} CMAKE_PREFIX_PATH=/home/main/main_ws/install:/opt/ros/humble LD_LIBRARY_PATH=/home/main/main_ws/install/lib:${LD_LIBRARY_PATH} PATH=/home/main/main_ws/install/bin:${PATH} PYTHONPATH=/home/main/main_ws/install/lib/python3.10/site-packages:${PYTHONPATH} /usr/bin/cmake --build /home/main/main_ws/build/main_motor -- -j16 -l16
[0.084s] [35m[1mConsolidate compiler generated dependencies of target main_run_node[0m
[0.096s] [ 66%] Built target send_arduino_node
[0.096s] [ 66%] Built target test_node
[0.101s] [ 83%] [32mBuilding CXX object CMakeFiles/main_run_node.dir/src/main_run.cpp.o[0m
[1.763s] [01m[K/home/main/main_ws/src/main_motor/src/main_run.cpp:[m[K In member function ‘[01m[Kvoid MainRunNode::webDataCallback(std_msgs::msg::Int64_<std::allocator<void> >::SharedPtr)[m[K’:
[1.763s] [01m[K/home/main/main_ws/src/main_motor/src/main_run.cpp:156:64:[m[K [01;35m[Kwarning: [m[Kunused parameter ‘[01m[Kmsg[m[K’ [[01;35m[K]8;;https://gcc.gnu.org/onlinedocs/gcc/Warning-Options.html#index-Wunused-parameter-Wunused-parameter]8;;[m[K]
[1.763s]   156 |     void webDataCallback([01;35m[Kconst std_msgs::msg::Int64::SharedPtr msg[m[K)
[1.763s]       |                          [01;35m[K~~~~~~~~~~~~~~~~~~~~~~~~~~~~~~~~~~~~~~^~~[m[K
[9.910s] [100%] [32m[1mLinking CXX executable main_run_node[0m
[10.468s] [100%] Built target main_run_node
[10.477s] Invoked command in '/home/main/main_ws/build/main_motor' returned '0': AMENT_PREFIX_PATH=/home/main/main_ws/install:${AMENT_PREFIX_PATH} CMAKE_PREFIX_PATH=/home/main/main_ws/install:/opt/ros/humble LD_LIBRARY_PATH=/home/main/main_ws/install/lib:${LD_LIBRARY_PATH} PATH=/home/main/main_ws/install/bin:${PATH} PYTHONPATH=/home/main/main_ws/install/lib/python3.10/site-packages:${PYTHONPATH} /usr/bin/cmake --build /home/main/main_ws/build/main_motor -- -j16 -l16
[10.480s] Invoking command in '/home/main/main_ws/build/main_motor': AMENT_PREFIX_PATH=/home/main/main_ws/install:${AMENT_PREFIX_PATH} CMAKE_PREFIX_PATH=/home/main/main_ws/install:/opt/ros/humble LD_LIBRARY_PATH=/home/main/main_ws/install/lib:${LD_LIBRARY_PATH} PATH=/home/main/main_ws/install/bin:${PATH} PYTHONPATH=/home/main/main_ws/install/lib/python3.10/site-packages:${PYTHONPATH} /usr/bin/cmake --install /home/main/main_ws/build/main_motor
[10.487s] -- Install configuration: ""
[10.488s] -- Up-to-date: /home/main/main_ws/install/lib/main_motor/send_arduino_node
[10.489s] -- Installing: /home/main/main_ws/install/lib/main_motor/main_run_node
[10.493s] -- Set runtime path of "/home/main/main_ws/install/lib/main_motor/main_run_node" to ""
[10.494s] -- Up-to-date: /home/main/main_ws/install/lib/main_motor/test_node
[10.494s] -- Up-to-date: /home/main/main_ws/install/share/ament_index/resource_index/package_run_dependencies/main_motor
[10.494s] -- Up-to-date: /home/main/main_ws/install/share/ament_index/resource_index/parent_prefix_path/main_motor
[10.494s] -- Up-to-date: /home/main/main_ws/install/share/main_motor/environment/ament_prefix_path.sh
[10.494s] -- Up-to-date: /home/main/main_ws/install/share/main_motor/environment/ament_prefix_path.dsv
[10.494s] -- Up-to-date: /home/main/main_ws/install/share/main_motor/environment/path.sh
[10.495s] -- Up-to-date: /home/main/main_ws/install/share/main_motor/environment/path.dsv
[10.495s] -- Up-to-date: /home/main/main_ws/install/share/main_motor/local_setup.bash
[10.495s] -- Up-to-date: /home/main/main_ws/install/share/main_motor/local_setup.sh
[10.495s] -- Up-to-date: /home/main/main_ws/install/share/main_motor/local_setup.zsh
[10.495s] -- Up-to-date: /home/main/main_ws/install/share/main_motor/local_setup.dsv
[10.495s] -- Installing: /home/main/main_ws/install/share/main_motor/package.dsv
[10.495s] -- Up-to-date: /home/main/main_ws/install/share/ament_index/resource_index/packages/main_motor
[10.495s] -- Up-to-date: /home/main/main_ws/install/share/main_motor/cmake/main_motorConfig.cmake
[10.495s] -- Up-to-date: /home/main/main_ws/install/share/main_motor/cmake/main_motorConfig-version.cmake
[10.495s] -- Up-to-date: /home/main/main_ws/install/share/main_motor/package.xml
[10.496s] Invoked command in '/home/main/main_ws/build/main_motor' returned '0': AMENT_PREFIX_PATH=/home/main/main_ws/install:${AMENT_PREFIX_PATH} CMAKE_PREFIX_PATH=/home/main/main_ws/install:/opt/ros/humble LD_LIBRARY_PATH=/home/main/main_ws/install/lib:${LD_LIBRARY_PATH} PATH=/home/main/main_ws/install/bin:${PATH} PYTHONPATH=/home/main/main_ws/install/lib/python3.10/site-packages:${PYTHONPATH} /usr/bin/cmake --install /home/main/main_ws/build/main_motor
