[0.213s] Invoking command in '/home/main/main_ws/build/ydlidar_ros2_driver': CMAKE_PREFIX_PATH=/opt/ros/humble /usr/bin/cmake --build /home/main/main_ws/build/ydlidar_ros2_driver -- -j16 -l16
[0.282s] [100%] Built target ydlidar_ros2_driver_node
[0.282s] [100%] Built target ydlidar_ros2_driver_client
[0.320s] Invoked command in '/home/main/main_ws/build/ydlidar_ros2_driver' returned '0': CMAKE_PREFIX_PATH=/opt/ros/humble /usr/bin/cmake --build /home/main/main_ws/build/ydlidar_ros2_driver -- -j16 -l16
[0.321s] Invoking command in '/home/main/main_ws/build/ydlidar_ros2_driver': CMAKE_PREFIX_PATH=/opt/ros/humble /usr/bin/cmake --install /home/main/main_ws/build/ydlidar_ros2_driver
[0.328s] -- Install configuration: ""
[0.329s] -- Up-to-date: /home/main/main_ws/install/lib/ydlidar_ros2_driver/ydlidar_ros2_driver_node
[0.330s] -- Up-to-date: /home/main/main_ws/install/lib/ydlidar_ros2_driver/ydlidar_ros2_driver_client
[0.330s] -- Up-to-date: /home/main/main_ws/install/share/ydlidar_ros2_driver/launch
[0.336s] -- Up-to-date: /home/main/main_ws/install/share/ydlidar_ros2_driver/launch/ydlidar_launch_view.py
[0.336s] -- Up-to-date: /home/main/main_ws/install/share/ydlidar_ros2_driver/launch/ydlidar.py
[0.336s] -- Up-to-date: /home/main/main_ws/install/share/ydlidar_ros2_driver/launch/ydlidar_launch.py
[0.336s] -- Up-to-date: /home/main/main_ws/install/share/ydlidar_ros2_driver/params
[0.336s] -- Up-to-date: /home/main/main_ws/install/share/ydlidar_ros2_driver/params/ydlidar.yaml
[0.336s] -- Up-to-date: /home/main/main_ws/install/share/ydlidar_ros2_driver/startup
[0.336s] -- Up-to-date: /home/main/main_ws/install/share/ydlidar_ros2_driver/startup/initenv.sh
[0.336s] -- Up-to-date: /home/main/main_ws/install/share/ydlidar_ros2_driver/config
[0.336s] -- Up-to-date: /home/main/main_ws/install/share/ydlidar_ros2_driver/config/ydlidar.rviz
[0.336s] -- Up-to-date: /home/main/main_ws/install/share/ament_index/resource_index/package_run_dependencies/ydlidar_ros2_driver
[0.336s] -- Up-to-date: /home/main/main_ws/install/share/ament_index/resource_index/parent_prefix_path/ydlidar_ros2_driver
[0.336s] -- Up-to-date: /home/main/main_ws/install/share/ydlidar_ros2_driver/environment/ament_prefix_path.sh
[0.336s] -- Up-to-date: /home/main/main_ws/install/share/ydlidar_ros2_driver/environment/ament_prefix_path.dsv
[0.337s] -- Up-to-date: /home/main/main_ws/install/share/ydlidar_ros2_driver/environment/path.sh
[0.338s] -- Up-to-date: /home/main/main_ws/install/share/ydlidar_ros2_driver/environment/path.dsv
[0.338s] -- Up-to-date: /home/main/main_ws/install/share/ydlidar_ros2_driver/local_setup.bash
[0.338s] -- Up-to-date: /home/main/main_ws/install/share/ydlidar_ros2_driver/local_setup.sh
[0.338s] -- Up-to-date: /home/main/main_ws/install/share/ydlidar_ros2_driver/local_setup.zsh
[0.338s] -- Up-to-date: /home/main/main_ws/install/share/ydlidar_ros2_driver/local_setup.dsv
[0.338s] -- Installing: /home/main/main_ws/install/share/ydlidar_ros2_driver/package.dsv
[0.338s] -- Up-to-date: /home/main/main_ws/install/share/ament_index/resource_index/packages/ydlidar_ros2_driver
[0.338s] -- Up-to-date: /home/main/main_ws/install/share/ydlidar_ros2_driver/cmake/ydlidar_ros2_driverConfig.cmake
[0.339s] -- Up-to-date: /home/main/main_ws/install/share/ydlidar_ros2_driver/cmake/ydlidar_ros2_driverConfig-version.cmake
[0.339s] -- Up-to-date: /home/main/main_ws/install/share/ydlidar_ros2_driver/package.xml
[0.398s] Invoked command in '/home/main/main_ws/build/ydlidar_ros2_driver' returned '0': CMAKE_PREFIX_PATH=/opt/ros/humble /usr/bin/cmake --install /home/main/main_ws/build/ydlidar_ros2_driver
