running egg_info
writing ../../build/main_teleop/main_teleop.egg-info/PKG-INFO
writing dependency_links to ../../build/main_teleop/main_teleop.egg-info/dependency_links.txt
writing entry points to ../../build/main_teleop/main_teleop.egg-info/entry_points.txt
writing requirements to ../../build/main_teleop/main_teleop.egg-info/requires.txt
writing top-level names to ../../build/main_teleop/main_teleop.egg-info/top_level.txt
reading manifest file '../../build/main_teleop/main_teleop.egg-info/SOURCES.txt'
writing manifest file '../../build/main_teleop/main_teleop.egg-info/SOURCES.txt'
running build
running build_py
running install
running install_lib
running install_data
running install_egg_info
removing '/home/main/main_ws/install/lib/python3.10/site-packages/main_teleop-2.1.2-py3.10.egg-info' (and everything under it)
Copying ../../build/main_teleop/main_teleop.egg-info to /home/main/main_ws/install/lib/python3.10/site-packages/main_teleop-2.1.2-py3.10.egg-info
running install_scripts
Installing teleop_joy script to /home/main/main_ws/install/lib/main_teleop
Installing teleop_keyboard script to /home/main/main_ws/install/lib/main_teleop
writing list of installed files to '/home/main/main_ws/build/main_teleop/install.log'
