[0.038s] Invoking command in '/home/main/main_ws/build/main_motor': AMENT_PREFIX_PATH=/home/main/main_ws/install:${AMENT_PREFIX_PATH} CMAKE_PREFIX_PATH=/home/main/main_ws/install:/opt/ros/humble LD_LIBRARY_PATH=/home/main/main_ws/install/lib:${LD_LIBRARY_PATH} PATH=/home/main/main_ws/install/bin:${PATH} PYTHONPATH=/home/main/main_ws/install/lib/python3.10/site-packages:${PYTHONPATH} /usr/bin/cmake --build /home/main/main_ws/build/main_motor -- -j16 -l16
[0.069s] [35m[1mConsolidate compiler generated dependencies of target test_node[0m
[0.080s] [ 33%] Built target main_run_node
[0.080s] [ 83%] [32mBuilding CXX object CMakeFiles/test_node.dir/src/test.cpp.o[0m
[0.080s] [ 83%] Built target send_arduino_node
[1.808s] [100%] [32m[1mLinking CXX executable test_node[0m
[1.884s] [100%] Built target test_node
[1.895s] Invoked command in '/home/main/main_ws/build/main_motor' returned '0': AMENT_PREFIX_PATH=/home/main/main_ws/install:${AMENT_PREFIX_PATH} CMAKE_PREFIX_PATH=/home/main/main_ws/install:/opt/ros/humble LD_LIBRARY_PATH=/home/main/main_ws/install/lib:${LD_LIBRARY_PATH} PATH=/home/main/main_ws/install/bin:${PATH} PYTHONPATH=/home/main/main_ws/install/lib/python3.10/site-packages:${PYTHONPATH} /usr/bin/cmake --build /home/main/main_ws/build/main_motor -- -j16 -l16
[1.896s] Invoking command in '/home/main/main_ws/build/main_motor': AMENT_PREFIX_PATH=/home/main/main_ws/install:${AMENT_PREFIX_PATH} CMAKE_PREFIX_PATH=/home/main/main_ws/install:/opt/ros/humble LD_LIBRARY_PATH=/home/main/main_ws/install/lib:${LD_LIBRARY_PATH} PATH=/home/main/main_ws/install/bin:${PATH} PYTHONPATH=/home/main/main_ws/install/lib/python3.10/site-packages:${PYTHONPATH} /usr/bin/cmake --install /home/main/main_ws/build/main_motor
[1.902s] -- Install configuration: ""
[1.903s] -- Up-to-date: /home/main/main_ws/install/lib/main_motor/send_arduino_node
[1.904s] -- Installing: /home/main/main_ws/install/lib/main_motor/main_run_node
[1.909s] -- Set runtime path of "/home/main/main_ws/install/lib/main_motor/main_run_node" to ""
[1.909s] -- Installing: /home/main/main_ws/install/lib/main_motor/test_node
[1.909s] -- Set runtime path of "/home/main/main_ws/install/lib/main_motor/test_node" to ""
[1.909s] -- Up-to-date: /home/main/main_ws/install/share/ament_index/resource_index/package_run_dependencies/main_motor
[1.909s] -- Up-to-date: /home/main/main_ws/install/share/ament_index/resource_index/parent_prefix_path/main_motor
[1.909s] -- Up-to-date: /home/main/main_ws/install/share/main_motor/environment/ament_prefix_path.sh
[1.909s] -- Installing: /home/main/main_ws/install/share/main_motor/environment/ament_prefix_path.dsv
[1.909s] -- Up-to-date: /home/main/main_ws/install/share/main_motor/environment/path.sh
[1.909s] -- Installing: /home/main/main_ws/install/share/main_motor/environment/path.dsv
[1.910s] -- Up-to-date: /home/main/main_ws/install/share/main_motor/local_setup.bash
[1.910s] -- Up-to-date: /home/main/main_ws/install/share/main_motor/local_setup.sh
[1.910s] -- Up-to-date: /home/main/main_ws/install/share/main_motor/local_setup.zsh
[1.910s] -- Installing: /home/main/main_ws/install/share/main_motor/local_setup.dsv
[1.910s] -- Installing: /home/main/main_ws/install/share/main_motor/package.dsv
[1.910s] -- Up-to-date: /home/main/main_ws/install/share/ament_index/resource_index/packages/main_motor
[1.910s] -- Up-to-date: /home/main/main_ws/install/share/main_motor/cmake/main_motorConfig.cmake
[1.910s] -- Up-to-date: /home/main/main_ws/install/share/main_motor/cmake/main_motorConfig-version.cmake
[1.910s] -- Up-to-date: /home/main/main_ws/install/share/main_motor/package.xml
[1.912s] Invoked command in '/home/main/main_ws/build/main_motor' returned '0': AMENT_PREFIX_PATH=/home/main/main_ws/install:${AMENT_PREFIX_PATH} CMAKE_PREFIX_PATH=/home/main/main_ws/install:/opt/ros/humble LD_LIBRARY_PATH=/home/main/main_ws/install/lib:${LD_LIBRARY_PATH} PATH=/home/main/main_ws/install/bin:${PATH} PYTHONPATH=/home/main/main_ws/install/lib/python3.10/site-packages:${PYTHONPATH} /usr/bin/cmake --install /home/main/main_ws/build/main_motor
