[01m[K/home/main/main_ws/src/main_motor/src/test.cpp:58:29:[m[K [01;31m[Kerror: [m[Kcould not convert ‘[01m[K'0'[m[K’ from ‘[01m[Kchar[m[K’ to ‘[01m[Kstd::string[m[K’ {aka ‘[01m[Kstd::__cxx11::basic_string<char>[m[K’}
   58 |     std::string received1 = [01;31m[K'0'[m[K;
      |                             [01;31m[K^~~[m[K
      |                             [01;31m[K|[m[K
      |                             [01;31m[Kchar[m[K
[01m[K/home/main/main_ws/src/main_motor/src/test.cpp:59:29:[m[K [01;31m[Kerror: [m[Kcould not convert ‘[01m[K'0'[m[K’ from ‘[01m[Kchar[m[K’ to ‘[01m[Kstd::string[m[K’ {aka ‘[01m[Kstd::__cxx11::basic_string<char>[m[K’}
   59 |     std::string received2 = [01;31m[K'0'[m[K;
      |                             [01;31m[K^~~[m[K
      |                             [01;31m[K|[m[K
      |                             [01;31m[Kchar[m[K
In file included from [01m[K/opt/ros/humble/include/rclcpp/rclcpp/logging.hpp:24[m[K,
                 from [01m[K/opt/ros/humble/include/rclcpp/rclcpp/client.hpp:40[m[K,
                 from [01m[K/opt/ros/humble/include/rclcpp/rclcpp/callback_group.hpp:24[m[K,
                 from [01m[K/opt/ros/humble/include/rclcpp/rclcpp/any_executable.hpp:20[m[K,
                 from [01m[K/opt/ros/humble/include/rclcpp/rclcpp/memory_strategy.hpp:25[m[K,
                 from [01m[K/opt/ros/humble/include/rclcpp/rclcpp/memory_strategies.hpp:18[m[K,
                 from [01m[K/opt/ros/humble/include/rclcpp/rclcpp/executor_options.hpp:20[m[K,
                 from [01m[K/opt/ros/humble/include/rclcpp/rclcpp/executor.hpp:37[m[K,
                 from [01m[K/opt/ros/humble/include/rclcpp/rclcpp/executors/multi_threaded_executor.hpp:25[m[K,
                 from [01m[K/opt/ros/humble/include/rclcpp/rclcpp/executors.hpp:21[m[K,
                 from [01m[K/opt/ros/humble/include/rclcpp/rclcpp/rclcpp.hpp:155[m[K,
                 from [01m[K/home/main/main_ws/src/main_motor/src/test.cpp:1[m[K:
[01m[K/home/main/main_ws/src/main_motor/src/test.cpp:[m[K In member function ‘[01m[Kvoid TestNode::timerCallback()[m[K’:
[01m[K/home/main/main_ws/src/main_motor/src/test.cpp:81:45:[m[K [01;35m[Kwarning: [m[Kformat ‘[01m[K%c[m[K’ expects argument of type ‘[01m[Kint[m[K’, but argument 5 has type ‘[01m[Kstd::string[m[K’ {aka ‘[01m[Kstd::__cxx11::basic_string<char>[m[K’} [[01;35m[K]8;;https://gcc.gnu.org/onlinedocs/gcc/Warning-Options.html#index-Wformat=-Wformat=]8;;[m[K]
   81 |             RCLCPP_INFO(this->get_logger(), [01;35m[K"Received '%c' to port 1"[m[K, received1);
      |                                             [01;35m[K^~~~~~~~~~~~~~~~~~~~~~~~~[m[K
[01m[K/home/main/main_ws/src/main_motor/src/test.cpp:81:57:[m[K [01;36m[Knote: [m[Kformat string is defined here
   81 |             RCLCPP_INFO(this->get_logger(), "Received '[01;36m[K%c[m[K' to port 1", received1);
      |                                                        [01;36m[K~^[m[K
      |                                                         [01;36m[K|[m[K
      |                                                         [01;36m[Kint[m[K
In file included from [01m[K/opt/ros/humble/include/rclcpp/rclcpp/logging.hpp:24[m[K,
                 from [01m[K/opt/ros/humble/include/rclcpp/rclcpp/client.hpp:40[m[K,
                 from [01m[K/opt/ros/humble/include/rclcpp/rclcpp/callback_group.hpp:24[m[K,
                 from [01m[K/opt/ros/humble/include/rclcpp/rclcpp/any_executable.hpp:20[m[K,
                 from [01m[K/opt/ros/humble/include/rclcpp/rclcpp/memory_strategy.hpp:25[m[K,
                 from [01m[K/opt/ros/humble/include/rclcpp/rclcpp/memory_strategies.hpp:18[m[K,
                 from [01m[K/opt/ros/humble/include/rclcpp/rclcpp/executor_options.hpp:20[m[K,
                 from [01m[K/opt/ros/humble/include/rclcpp/rclcpp/executor.hpp:37[m[K,
                 from [01m[K/opt/ros/humble/include/rclcpp/rclcpp/executors/multi_threaded_executor.hpp:25[m[K,
                 from [01m[K/opt/ros/humble/include/rclcpp/rclcpp/executors.hpp:21[m[K,
                 from [01m[K/opt/ros/humble/include/rclcpp/rclcpp/rclcpp.hpp:155[m[K,
                 from [01m[K/home/main/main_ws/src/main_motor/src/test.cpp:1[m[K:
[01m[K/home/main/main_ws/src/main_motor/src/test.cpp:88:45:[m[K [01;35m[Kwarning: [m[Kformat ‘[01m[K%c[m[K’ expects argument of type ‘[01m[Kint[m[K’, but argument 5 has type ‘[01m[Kstd::string[m[K’ {aka ‘[01m[Kstd::__cxx11::basic_string<char>[m[K’} [[01;35m[K]8;;https://gcc.gnu.org/onlinedocs/gcc/Warning-Options.html#index-Wformat=-Wformat=]8;;[m[K]
   88 |             RCLCPP_INFO(this->get_logger(), [01;35m[K"Sent '%c' to port 2"[m[K, received2);
      |                                             [01;35m[K^~~~~~~~~~~~~~~~~~~~~[m[K
[01m[K/home/main/main_ws/src/main_motor/src/test.cpp:88:53:[m[K [01;36m[Knote: [m[Kformat string is defined here
   88 |             RCLCPP_INFO(this->get_logger(), "Sent '[01;36m[K%c[m[K' to port 2", received2);
      |                                                    [01;36m[K~^[m[K
      |                                                     [01;36m[K|[m[K
      |                                                     [01;36m[Kint[m[K
gmake[2]: *** [CMakeFiles/test_node.dir/build.make:76: CMakeFiles/test_node.dir/src/test.cpp.o] Error 1
gmake[1]: *** [CMakeFiles/Makefile2:193: CMakeFiles/test_node.dir/all] Error 2
gmake: *** [Makefile:146: all] Error 2
