[0.565s] Invoking command in '/home/main/main_ws/src/main_teleop': PYTHONPATH=/home/main/main_ws/build/main_teleop/prefix_override:/usr/lib/python3/dist-packages/colcon_core/task/python/colcon_distutils_commands:/home/main/main_ws/install/lib/python3.10/site-packages:/home/main/main_ws/install/lib/python3.10/site-packages:/home/main/main_ws/install/local/lib/python3.10/dist-packages:/opt/ros/humble/lib/python3.10/site-packages:/opt/ros/humble/local/lib/python3.10/dist-packages /usr/bin/python3 -W ignore:setup.py install is deprecated -W ignore:easy_install command is deprecated setup.py egg_info --egg-base ../../build/main_teleop build --build-base /home/main/main_ws/build/main_teleop/build install --record /home/main/main_ws/build/main_teleop/install.log --single-version-externally-managed install_data
[0.716s] running egg_info
[0.718s] writing ../../build/main_teleop/main_teleop.egg-info/PKG-INFO
[0.718s] writing dependency_links to ../../build/main_teleop/main_teleop.egg-info/dependency_links.txt
[0.718s] writing entry points to ../../build/main_teleop/main_teleop.egg-info/entry_points.txt
[0.718s] writing requirements to ../../build/main_teleop/main_teleop.egg-info/requires.txt
[0.718s] writing top-level names to ../../build/main_teleop/main_teleop.egg-info/top_level.txt
[0.719s] reading manifest file '../../build/main_teleop/main_teleop.egg-info/SOURCES.txt'
[0.720s] writing manifest file '../../build/main_teleop/main_teleop.egg-info/SOURCES.txt'
[0.720s] running build
[0.720s] running build_py
[0.720s] running install
[0.720s] running install_lib
[0.721s] running install_data
[0.721s] running install_egg_info
[0.722s] removing '/home/main/main_ws/install/lib/python3.10/site-packages/main_teleop-2.1.2-py3.10.egg-info' (and everything under it)
[0.723s] Copying ../../build/main_teleop/main_teleop.egg-info to /home/main/main_ws/install/lib/python3.10/site-packages/main_teleop-2.1.2-py3.10.egg-info
[0.723s] running install_scripts
[0.738s] Installing teleop_joy script to /home/main/main_ws/install/lib/main_teleop
[0.738s] Installing teleop_keyboard script to /home/main/main_ws/install/lib/main_teleop
[0.738s] writing list of installed files to '/home/main/main_ws/build/main_teleop/install.log'
[0.761s] Invoked command in '/home/main/main_ws/src/main_teleop' returned '0': PYTHONPATH=/home/main/main_ws/build/main_teleop/prefix_override:/usr/lib/python3/dist-packages/colcon_core/task/python/colcon_distutils_commands:/home/main/main_ws/install/lib/python3.10/site-packages:/home/main/main_ws/install/lib/python3.10/site-packages:/home/main/main_ws/install/local/lib/python3.10/dist-packages:/opt/ros/humble/lib/python3.10/site-packages:/opt/ros/humble/local/lib/python3.10/dist-packages /usr/bin/python3 -W ignore:setup.py install is deprecated -W ignore:easy_install command is deprecated setup.py egg_info --egg-base ../../build/main_teleop build --build-base /home/main/main_ws/build/main_teleop/build install --record /home/main/main_ws/build/main_teleop/install.log --single-version-externally-managed install_data
