[0.022s] Invoking command in '/home/main/main_ws/build/serial': CMAKE_PREFIX_PATH=${CMAKE_PREFIX_PATH}:/opt/ros/humble /usr/bin/cmake /home/main/main_ws/src/serial-ros2 -DCMAKE_INSTALL_PREFIX=/home/main/main_ws/install
[0.201s] -- The C compiler identification is GNU 11.4.0
[0.201s] -- The CXX compiler identification is GNU 11.4.0
[0.202s] -- Detecting C compiler ABI info
[0.203s] -- Detecting C compiler ABI info - done
[0.203s] -- Check for working C compiler: /usr/bin/cc - skipped
[0.203s] -- Detecting C compile features
[0.204s] -- Detecting C compile features - done
[0.204s] -- Detecting CXX compiler ABI info
[0.253s] -- Detecting CXX compiler ABI info - done
[0.262s] -- Check for working CXX compiler: /usr/bin/c++ - skipped
[0.262s] -- Detecting CXX compile features
[0.263s] -- Detecting CXX compile features - done
[0.266s] -- Found ament_cmake: 1.3.11 (/opt/ros/humble/share/ament_cmake/cmake)
[0.427s] -- Found Python3: /usr/bin/python3 (found version "3.10.12") found components: Interpreter 
[0.586s] -- Configuring done
[0.590s] -- Generating done
[0.592s] -- Build files have been written to: /home/main/main_ws/build/serial
[0.598s] Invoked command in '/home/main/main_ws/build/serial' returned '0': CMAKE_PREFIX_PATH=${CMAKE_PREFIX_PATH}:/opt/ros/humble /usr/bin/cmake /home/main/main_ws/src/serial-ros2 -DCMAKE_INSTALL_PREFIX=/home/main/main_ws/install
[0.600s] Invoking command in '/home/main/main_ws/build/serial': CMAKE_PREFIX_PATH=${CMAKE_PREFIX_PATH}:/opt/ros/humble /usr/bin/cmake --build /home/main/main_ws/build/serial -- -j16 -l16
[0.646s] [ 50%] [32mBuilding CXX object CMakeFiles/serial.dir/src/impl/unix.cc.o[0m
[0.647s] [ 50%] [32mBuilding CXX object CMakeFiles/serial.dir/src/impl/list_ports/list_ports_linux.cc.o[0m
[0.649s] [ 75%] [32mBuilding CXX object CMakeFiles/serial.dir/src/serial.cc.o[0m
[1.460s] [100%] [32m[1mLinking CXX static library libserial.a[0m
[1.497s] [100%] Built target serial
[1.509s] Invoked command in '/home/main/main_ws/build/serial' returned '0': CMAKE_PREFIX_PATH=${CMAKE_PREFIX_PATH}:/opt/ros/humble /usr/bin/cmake --build /home/main/main_ws/build/serial -- -j16 -l16
[1.510s] Invoking command in '/home/main/main_ws/build/serial': CMAKE_PREFIX_PATH=${CMAKE_PREFIX_PATH}:/opt/ros/humble /usr/bin/cmake --install /home/main/main_ws/build/serial
[1.518s] -- Install configuration: ""
[1.518s] -- Installing: /home/main/main_ws/install/share/serial/environment/library_path.sh
[1.518s] -- Installing: /home/main/main_ws/install/share/serial/environment/library_path.dsv
[1.519s] -- Installing: /home/main/main_ws/install/lib/libserial.a
[1.519s] -- Installing: /home/main/main_ws/install/include/serial/serial.h
[1.519s] -- Installing: /home/main/main_ws/install/include/serial/v8stdint.h
[1.519s] -- Installing: /home/main/main_ws/install/share/ament_index/resource_index/package_run_dependencies/serial
[1.519s] -- Installing: /home/main/main_ws/install/share/ament_index/resource_index/parent_prefix_path/serial
[1.520s] -- Installing: /home/main/main_ws/install/share/serial/environment/ament_prefix_path.sh
[1.520s] -- Installing: /home/main/main_ws/install/share/serial/environment/ament_prefix_path.dsv
[1.520s] -- Installing: /home/main/main_ws/install/share/serial/environment/path.sh
[1.520s] -- Installing: /home/main/main_ws/install/share/serial/environment/path.dsv
[1.520s] -- Installing: /home/main/main_ws/install/share/serial/local_setup.bash
[1.520s] -- Installing: /home/main/main_ws/install/share/serial/local_setup.sh
[1.520s] -- Installing: /home/main/main_ws/install/share/serial/local_setup.zsh
[1.520s] -- Installing: /home/main/main_ws/install/share/serial/local_setup.dsv
[1.520s] -- Installing: /home/main/main_ws/install/share/serial/package.dsv
[1.521s] -- Installing: /home/main/main_ws/install/share/ament_index/resource_index/packages/serial
[1.521s] -- Installing: /home/main/main_ws/install/share/serial/cmake/ament_cmake_export_include_directories-extras.cmake
[1.521s] -- Installing: /home/main/main_ws/install/share/serial/cmake/ament_cmake_export_libraries-extras.cmake
[1.521s] -- Installing: /home/main/main_ws/install/share/serial/cmake/serialConfig.cmake
[1.521s] -- Installing: /home/main/main_ws/install/share/serial/cmake/serialConfig-version.cmake
[1.521s] -- Installing: /home/main/main_ws/install/share/serial/package.xml
[1.524s] Invoked command in '/home/main/main_ws/build/serial' returned '0': CMAKE_PREFIX_PATH=${CMAKE_PREFIX_PATH}:/opt/ros/humble /usr/bin/cmake --install /home/main/main_ws/build/serial
