[0.203s] Invoking command in '/home/main/main_ws/build/stella_ahrs': CMAKE_PREFIX_PATH=${CMAKE_PREFIX_PATH}:/opt/ros/humble /usr/bin/cmake --build /home/main/main_ws/build/stella_ahrs -- -j16 -l16
[0.277s] [100%] Built target stella_ahrs_node
[0.332s] Invoked command in '/home/main/main_ws/build/stella_ahrs' returned '0': CMAKE_PREFIX_PATH=${CMAKE_PREFIX_PATH}:/opt/ros/humble /usr/bin/cmake --build /home/main/main_ws/build/stella_ahrs -- -j16 -l16
[0.334s] Invoking command in '/home/main/main_ws/build/stella_ahrs': CMAKE_PREFIX_PATH=${CMAKE_PREFIX_PATH}:/opt/ros/humble /usr/bin/cmake --install /home/main/main_ws/build/stella_ahrs
[0.344s] -- Install configuration: ""
[0.344s] -- Up-to-date: /home/main/main_ws/install/share/stella_ahrs//launch
[0.345s] -- Up-to-date: /home/main/main_ws/install/share/stella_ahrs//launch/stella_ahrs_launch.py
[0.346s] -- Up-to-date: /home/main/main_ws/install/share/stella_ahrs/rviz
[0.346s] -- Up-to-date: /home/main/main_ws/install/share/stella_ahrs/rviz/imu_test.rviz
[0.346s] -- Up-to-date: /home/main/main_ws/install/lib/stella_ahrs/stella_ahrs_node
[0.346s] -- Up-to-date: /home/main/main_ws/install/share/ament_index/resource_index/package_run_dependencies/stella_ahrs
[0.347s] -- Up-to-date: /home/main/main_ws/install/share/ament_index/resource_index/parent_prefix_path/stella_ahrs
[0.347s] -- Up-to-date: /home/main/main_ws/install/share/stella_ahrs/environment/ament_prefix_path.sh
[0.347s] -- Up-to-date: /home/main/main_ws/install/share/stella_ahrs/environment/ament_prefix_path.dsv
[0.347s] -- Up-to-date: /home/main/main_ws/install/share/stella_ahrs/environment/path.sh
[0.349s] -- Up-to-date: /home/main/main_ws/install/share/stella_ahrs/environment/path.dsv
[0.349s] -- Up-to-date: /home/main/main_ws/install/share/stella_ahrs/local_setup.bash
[0.352s] -- Up-to-date: /home/main/main_ws/install/share/stella_ahrs/local_setup.sh
[0.352s] -- Up-to-date: /home/main/main_ws/install/share/stella_ahrs/local_setup.zsh
[0.352s] -- Up-to-date: /home/main/main_ws/install/share/stella_ahrs/local_setup.dsv
[0.352s] -- Installing: /home/main/main_ws/install/share/stella_ahrs/package.dsv
[0.354s] -- Up-to-date: /home/main/main_ws/install/share/ament_index/resource_index/packages/stella_ahrs
[0.354s] -- Up-to-date: /home/main/main_ws/install/share/stella_ahrs/cmake/ament_cmake_export_include_directories-extras.cmake
[0.354s] -- Up-to-date: /home/main/main_ws/install/share/stella_ahrs/cmake/stella_ahrsConfig.cmake
[0.355s] -- Up-to-date: /home/main/main_ws/install/share/stella_ahrs/cmake/stella_ahrsConfig-version.cmake
[0.355s] -- Up-to-date: /home/main/main_ws/install/share/stella_ahrs/package.xml
[0.367s] Invoked command in '/home/main/main_ws/build/stella_ahrs' returned '0': CMAKE_PREFIX_PATH=${CMAKE_PREFIX_PATH}:/opt/ros/humble /usr/bin/cmake --install /home/main/main_ws/build/stella_ahrs
