[0.569s] Invoking command in '/home/main/main_ws/src/main_teleop': AMENT_PREFIX_PATH=/home/main/main_ws/install:${AMENT_PREFIX_PATH} CMAKE_PREFIX_PATH=/home/main/main_ws/install LD_LIBRARY_PATH=/home/main/main_ws/install/lib:${LD_LIBRARY_PATH} PATH=/home/main/main_ws/install/bin:${PATH} PYTHONPATH=/home/main/main_ws/build/main_teleop/prefix_override:/usr/lib/python3/dist-packages/colcon_core/task/python/colcon_distutils_commands:/home/main/main_ws/install/lib/python3.10/site-packages:/home/main/main_ws/install/local/lib/python3.10/dist-packages:/home/main/main_ws/install/lib/python3.10/site-packages:${PYTHONPATH} /usr/bin/python3 -W ignore:setup.py install is deprecated -W ignore:easy_install command is deprecated setup.py egg_info --egg-base ../../build/main_teleop build --build-base /home/main/main_ws/build/main_teleop/build install --record /home/main/main_ws/build/main_teleop/install.log --single-version-externally-managed install_data
[0.726s] running egg_info
[0.728s] writing ../../build/main_teleop/main_teleop.egg-info/PKG-INFO
[0.728s] writing dependency_links to ../../build/main_teleop/main_teleop.egg-info/dependency_links.txt
[0.728s] writing entry points to ../../build/main_teleop/main_teleop.egg-info/entry_points.txt
[0.728s] writing requirements to ../../build/main_teleop/main_teleop.egg-info/requires.txt
[0.728s] writing top-level names to ../../build/main_teleop/main_teleop.egg-info/top_level.txt
[0.729s] reading manifest file '../../build/main_teleop/main_teleop.egg-info/SOURCES.txt'
[0.730s] writing manifest file '../../build/main_teleop/main_teleop.egg-info/SOURCES.txt'
[0.730s] running build
[0.730s] running build_py
[0.730s] running install
[0.730s] running install_lib
[0.731s] running install_data
[0.731s] running install_egg_info
[0.733s] removing '/home/main/main_ws/install/lib/python3.10/site-packages/main_teleop-2.1.2-py3.10.egg-info' (and everything under it)
[0.733s] Copying ../../build/main_teleop/main_teleop.egg-info to /home/main/main_ws/install/lib/python3.10/site-packages/main_teleop-2.1.2-py3.10.egg-info
[0.733s] running install_scripts
[0.748s] Installing teleop_joy script to /home/main/main_ws/install/lib/main_teleop
[0.749s] Installing teleop_keyboard script to /home/main/main_ws/install/lib/main_teleop
[0.749s] writing list of installed files to '/home/main/main_ws/build/main_teleop/install.log'
[0.774s] Invoked command in '/home/main/main_ws/src/main_teleop' returned '0': AMENT_PREFIX_PATH=/home/main/main_ws/install:${AMENT_PREFIX_PATH} CMAKE_PREFIX_PATH=/home/main/main_ws/install LD_LIBRARY_PATH=/home/main/main_ws/install/lib:${LD_LIBRARY_PATH} PATH=/home/main/main_ws/install/bin:${PATH} PYTHONPATH=/home/main/main_ws/build/main_teleop/prefix_override:/usr/lib/python3/dist-packages/colcon_core/task/python/colcon_distutils_commands:/home/main/main_ws/install/lib/python3.10/site-packages:/home/main/main_ws/install/local/lib/python3.10/dist-packages:/home/main/main_ws/install/lib/python3.10/site-packages:${PYTHONPATH} /usr/bin/python3 -W ignore:setup.py install is deprecated -W ignore:easy_install command is deprecated setup.py egg_info --egg-base ../../build/main_teleop build --build-base /home/main/main_ws/build/main_teleop/build install --record /home/main/main_ws/build/main_teleop/install.log --single-version-externally-managed install_data
