[0.037s] Invoking command in '/home/main/main_ws/build/main_motor': CMAKE_PREFIX_PATH=${CMAKE_PREFIX_PATH}:/opt/ros/humble PYTHONPATH=/home/main/main_ws/install/lib/python3.10/site-packages:/home/main/main_ws/install/local/lib/python3.10/dist-packages:/opt/ros/humble/lib/python3.10/site-packages:/opt/ros/humble/local/lib/python3.10/dist-packages /usr/bin/cmake --build /home/main/main_ws/build/main_motor -- -j16 -l16
[0.069s] [35m[1mConsolidate compiler generated dependencies of target test_node[0m
[0.081s] [ 33%] [32mBuilding CXX object CMakeFiles/test_node.dir/src/test.cpp.o[0m
[0.082s] [ 50%] Built target send_arduino_node
[0.083s] [ 83%] Built target main_run_node
[1.816s] [100%] [32m[1mLinking CXX executable test_node[0m
[1.895s] [100%] Built target test_node
[2.006s] Invoked command in '/home/main/main_ws/build/main_motor' returned '0': CMAKE_PREFIX_PATH=${CMAKE_PREFIX_PATH}:/opt/ros/humble PYTHONPATH=/home/main/main_ws/install/lib/python3.10/site-packages:/home/main/main_ws/install/local/lib/python3.10/dist-packages:/opt/ros/humble/lib/python3.10/site-packages:/opt/ros/humble/local/lib/python3.10/dist-packages /usr/bin/cmake --build /home/main/main_ws/build/main_motor -- -j16 -l16
[2.009s] Invoking command in '/home/main/main_ws/build/main_motor': CMAKE_PREFIX_PATH=${CMAKE_PREFIX_PATH}:/opt/ros/humble PYTHONPATH=/home/main/main_ws/install/lib/python3.10/site-packages:/home/main/main_ws/install/local/lib/python3.10/dist-packages:/opt/ros/humble/lib/python3.10/site-packages:/opt/ros/humble/local/lib/python3.10/dist-packages /usr/bin/cmake --install /home/main/main_ws/build/main_motor
[2.021s] -- Install configuration: ""
[2.021s] -- Up-to-date: /home/main/main_ws/install/lib/main_motor/send_arduino_node
[2.021s] -- Up-to-date: /home/main/main_ws/install/lib/main_motor/main_run_node
[2.021s] -- Installing: /home/main/main_ws/install/lib/main_motor/test_node
[2.022s] -- Set runtime path of "/home/main/main_ws/install/lib/main_motor/test_node" to ""
[2.022s] -- Up-to-date: /home/main/main_ws/install/share/ament_index/resource_index/package_run_dependencies/main_motor
[2.023s] -- Up-to-date: /home/main/main_ws/install/share/ament_index/resource_index/parent_prefix_path/main_motor
[2.023s] -- Up-to-date: /home/main/main_ws/install/share/main_motor/environment/ament_prefix_path.sh
[2.023s] -- Up-to-date: /home/main/main_ws/install/share/main_motor/environment/ament_prefix_path.dsv
[2.023s] -- Up-to-date: /home/main/main_ws/install/share/main_motor/environment/path.sh
[2.023s] -- Up-to-date: /home/main/main_ws/install/share/main_motor/environment/path.dsv
[2.023s] -- Up-to-date: /home/main/main_ws/install/share/main_motor/local_setup.bash
[2.023s] -- Up-to-date: /home/main/main_ws/install/share/main_motor/local_setup.sh
[2.023s] -- Up-to-date: /home/main/main_ws/install/share/main_motor/local_setup.zsh
[2.023s] -- Up-to-date: /home/main/main_ws/install/share/main_motor/local_setup.dsv
[2.024s] -- Installing: /home/main/main_ws/install/share/main_motor/package.dsv
[2.025s] -- Up-to-date: /home/main/main_ws/install/share/ament_index/resource_index/packages/main_motor
[2.025s] -- Up-to-date: /home/main/main_ws/install/share/main_motor/cmake/main_motorConfig.cmake
[2.026s] -- Up-to-date: /home/main/main_ws/install/share/main_motor/cmake/main_motorConfig-version.cmake
[2.026s] -- Up-to-date: /home/main/main_ws/install/share/main_motor/package.xml
[2.026s] Invoked command in '/home/main/main_ws/build/main_motor' returned '0': CMAKE_PREFIX_PATH=${CMAKE_PREFIX_PATH}:/opt/ros/humble PYTHONPATH=/home/main/main_ws/install/lib/python3.10/site-packages:/home/main/main_ws/install/local/lib/python3.10/dist-packages:/opt/ros/humble/lib/python3.10/site-packages:/opt/ros/humble/local/lib/python3.10/dist-packages /usr/bin/cmake --install /home/main/main_ws/build/main_motor
