-- Install configuration: ""
-- Up-to-date: /home/main/main_ws/install/share/main_description/meshes
-- Up-to-date: /home/main/main_ws/install/share/main_description/meshes/wheels
-- Up-to-date: /home/main/main_ws/install/share/main_description/meshes/wheels/omo_r1_wheel.stl
-- Up-to-date: /home/main/main_ws/install/share/main_description/meshes/sensors
-- Up-to-date: /home/main/main_ws/install/share/main_description/meshes/sensors/omo_r1_lidar.stl
-- Up-to-date: /home/main/main_ws/install/share/main_description/meshes/sensors/omo_r1_camera.stl
-- Up-to-date: /home/main/main_ws/install/share/main_description/meshes/bases
-- Up-to-date: /home/main/main_ws/install/share/main_description/meshes/bases/omo_r1_body.stl
-- Up-to-date: /home/main/main_ws/install/share/main_description/rviz
-- Up-to-date: /home/main/main_ws/install/share/main_description/rviz/model.rviz
-- Up-to-date: /home/main/main_ws/install/share/main_description/urdf
-- Up-to-date: /home/main/main_ws/install/share/main_description/urdf/omo_r1.urdf.xacro
-- Up-to-date: /home/main/main_ws/install/share/main_description/urdf/omo_r1.urdf.g2.xacro
-- Up-to-date: /home/main/main_ws/install/share/main_description/urdf/omo_r1.urdf
-- Up-to-date: /home/main/main_ws/install/share/main_description/urdf/common_properties.xacro
-- Up-to-date: /home/main/main_ws/install/share/main_description/launch
-- Up-to-date: /home/main/main_ws/install/share/main_description/launch/omo_r1_description_rviz.launch.py
-- Up-to-date: /home/main/main_ws/install/share/main_description/launch/omo_r1_state_publisher.launch.py
-- Up-to-date: /home/main/main_ws/install/share/main_description/launch/omo_r1_description_launch.py
-- Up-to-date: /home/main/main_ws/install/share/ament_index/resource_index/package_run_dependencies/main_description
-- Up-to-date: /home/main/main_ws/install/share/ament_index/resource_index/parent_prefix_path/main_description
-- Up-to-date: /home/main/main_ws/install/share/main_description/environment/ament_prefix_path.sh
-- Up-to-date: /home/main/main_ws/install/share/main_description/environment/ament_prefix_path.dsv
-- Up-to-date: /home/main/main_ws/install/share/main_description/environment/path.sh
-- Up-to-date: /home/main/main_ws/install/share/main_description/environment/path.dsv
-- Up-to-date: /home/main/main_ws/install/share/main_description/local_setup.bash
-- Up-to-date: /home/main/main_ws/install/share/main_description/local_setup.sh
-- Up-to-date: /home/main/main_ws/install/share/main_description/local_setup.zsh
-- Up-to-date: /home/main/main_ws/install/share/main_description/local_setup.dsv
-- Up-to-date: /home/main/main_ws/install/share/main_description/package.dsv
-- Up-to-date: /home/main/main_ws/install/share/ament_index/resource_index/packages/main_description
-- Up-to-date: /home/main/main_ws/install/share/main_description/cmake/main_descriptionConfig.cmake
-- Up-to-date: /home/main/main_ws/install/share/main_description/cmake/main_descriptionConfig-version.cmake
-- Up-to-date: /home/main/main_ws/install/share/main_description/package.xml
