-- The C compiler identification is GNU 11.4.0
-- The CXX compiler identification is GNU 11.4.0
-- Detecting C compiler ABI info
-- Detecting C compiler ABI info - done
-- Check for working C compiler: /usr/bin/cc - skipped
-- Detecting C compile features
-- Detecting C compile features - done
-- Detecting CXX compiler ABI info
-- Detecting CXX compiler ABI info - done
-- Check for working CXX compiler: /usr/bin/c++ - skipped
-- Detecting CXX compile features
-- Detecting CXX compile features - done
-- Could NOT find SWIG (missing: SWIG_EXECUTABLE SWIG_DIR) 
-- Found PythonInterp: /usr/bin/python3.10 (found version "3.10.12") 
-- Found PythonLibs: /usr/lib/x86_64-linux-gnu/libpython3.10.so (found version "3.10.12") 
-- Found GTest: /usr/lib/x86_64-linux-gnu/cmake/GTest/GTestConfig.cmake (found version "1.11.0")  
-- build test is ON.....
-- 
-- +===========================================================================+
-- |         Resulting configuration for                             |
-- +===========================================================================+
--  _________________________ PLATFORM _____________________________
--  Host                        : Linux6.8.0-59-genericx86_64
--  Is the system big endian?   :  No 
--  Word size (32/64 bit)       : 64
--  CMake version               : 3.22.1
--  CMake generator             : Unix Makefiles
--  CMake build tool            : /usr/bin/gmake
--  Compiler                    : GNU
--  Configuration               : 
-- 
--  __________________________ OPTIONS _____________________________
--  Build YDLidar-SDK as a shared library?　　 :  No 
--  Build Examples?　　　　　　　　　　　　　　 : Yes 
--  Build C Sharp API?　　　　　　　　　　　　 :  No 
--  Build TEST?  			　　　 : Yes 
-- 
--  _________________________ INSTALL _____________________
--  Install prefix                    : /home/main/main_ws/install
-- 
--  _______________________ WRAPPERS/BINDINGS ______________________
--  Python bindings (pyydlidar)   :  No 
--   - dep: Swig found?       :  No [Version: ]
--   - dep: PythonLibs found?  : Yes [Version: 3.10.12]
-- 
-- Configuring done
-- Generating done
-- Build files have been written to: /home/main/main_ws/build/ydlidar_sdk
[ 12%] [32mBuilding CXX object CMakeFiles/ydlidar_sdk.dir/core/serial/serial.cpp.o[0m
[ 12%] [32mBuilding CXX object CMakeFiles/ydlidar_sdk.dir/core/network/SimpleSocket.cpp.o[0m
[ 12%] [32mBuilding C object CMakeFiles/ydlidar_sdk.dir/core/serial/impl/unix/lock.c.o[0m
[ 16%] [32mBuilding CXX object CMakeFiles/ydlidar_sdk.dir/core/base/timer.cpp.o[0m
[ 20%] [32mBuilding CXX object CMakeFiles/ydlidar_sdk.dir/core/network/PassiveSocket.cpp.o[0m
[ 25%] [32mBuilding CXX object CMakeFiles/ydlidar_sdk.dir/core/common/ydlidar_def.cpp.o[0m
[ 29%] [32mBuilding CXX object CMakeFiles/ydlidar_sdk.dir/src/ETLidarDriver.cpp.o[0m
[ 33%] [32mBuilding CXX object CMakeFiles/ydlidar_sdk.dir/core/network/ActiveSocket.cpp.o[0m
[ 37%] [32mBuilding CXX object CMakeFiles/ydlidar_sdk.dir/src/CYdLidar.cpp.o[0m
[ 41%] [32mBuilding CXX object CMakeFiles/ydlidar_sdk.dir/core/serial/impl/unix/list_ports_linux.cpp.o[0m
[ 45%] [32mBuilding CXX object CMakeFiles/ydlidar_sdk.dir/core/serial/impl/unix/unix_serial.cpp.o[0m
[ 50%] [32mBuilding CXX object CMakeFiles/ydlidar_sdk.dir/src/ydlidar_driver.cpp.o[0m
[ 54%] [32mBuilding CXX object CMakeFiles/ydlidar_sdk.dir/src/ydlidar_sdk.cpp.o[0m
[ 58%] [32m[1mLinking CXX static library libydlidar_sdk.a[0m
[ 58%] Built target ydlidar_sdk
[ 62%] [32mBuilding CXX object samples/CMakeFiles/etlidar_test.dir/etlidar_test.cpp.o[0m
[ 70%] [32mBuilding C object samples/CMakeFiles/lidar_c_api_test.dir/lidar_c_api_test.c.o[0m
[ 70%] [32mBuilding CXX object samples/CMakeFiles/tof_test.dir/tof_test.cpp.o[0m
[ 75%] [32mBuilding CXX object samples/CMakeFiles/ydlidar_test.dir/ydlidar_test.cpp.o[0m
[ 79%] [32mBuilding CXX object test/CMakeFiles/lidar_test.dir/lidar_test.cpp.o[0m
[ 83%] [32m[1mLinking CXX executable ../lidar_c_api_test[0m
[ 83%] Built target lidar_c_api_test
[ 87%] [32m[1mLinking CXX executable ../etlidar_test[0m
[ 91%] [32m[1mLinking CXX executable ../ydlidar_test[0m
[ 95%] [32m[1mLinking CXX executable ../tof_test[0m
[ 95%] Built target etlidar_test
[ 95%] Built target tof_test
[ 95%] Built target ydlidar_test
[100%] [32m[1mLinking CXX executable lidar_test[0m
[100%] Built target lidar_test
-- Install configuration: ""
-- Installing: /home/main/main_ws/install/include/core/base/datatype.h
-- Installing: /home/main/main_ws/install/include/core/base/locker.h
-- Installing: /home/main/main_ws/install/include/core/base/thread.h
-- Installing: /home/main/main_ws/install/include/core/base/timer.h
-- Installing: /home/main/main_ws/install/include/core/base/typedef.h
-- Installing: /home/main/main_ws/install/include/core/base/utils.h
-- Installing: /home/main/main_ws/install/include/core/base/v8stdint.h
-- Installing: /home/main/main_ws/install/include/core/base/ydlidar.h
-- Installing: /home/main/main_ws/install/include/core/common/ChannelDevice.h
-- Installing: /home/main/main_ws/install/include/core/common/DriverInterface.h
-- Installing: /home/main/main_ws/install/include/core/common/ydlidar_datatype.h
-- Installing: /home/main/main_ws/install/include/core/common/ydlidar_def.h
-- Installing: /home/main/main_ws/install/include/core/common/ydlidar_help.h
-- Installing: /home/main/main_ws/install/include/core/common/ydlidar_protocol.h
-- Installing: /home/main/main_ws/install/include/core/math/angles.h
-- Installing: /home/main/main_ws/install/include/core/network/ActiveSocket.h
-- Installing: /home/main/main_ws/install/include/core/network/PassiveSocket.h
-- Installing: /home/main/main_ws/install/include/core/network/SimpleSocket.h
-- Installing: /home/main/main_ws/install/include/core/network/StatTimer.h
-- Installing: /home/main/main_ws/install/include/core/serial/common.h
-- Installing: /home/main/main_ws/install/include/core/serial/serial.h
-- Installing: /home/main/main_ws/install/include/core/serial/impl/unix/lock.h
-- Installing: /home/main/main_ws/install/include/core/serial/impl/unix/unix.h
-- Installing: /home/main/main_ws/install/include/core/serial/impl/unix/unix_serial.h
-- Installing: /home/main/main_ws/install/include/src/CYdLidar.h
-- Installing: /home/main/main_ws/install/include/src/ETLidarDriver.h
-- Installing: /home/main/main_ws/install/include/src/ydlidar_driver.h
-- Installing: /home/main/main_ws/install/include/src/ydlidar_sdk.h
-- Installing: /home/main/main_ws/install/include/ydlidar_config.h
-- Installing: /home/main/main_ws/install/lib/libydlidar_sdk.a
-- Installing: /home/main/main_ws/install/lib/pkgconfig/YDLIDAR_SDK.pc
-- Installing: /home/main/main_ws/install/lib/cmake/ydlidar_sdk/ydlidar_sdkConfig.cmake
-- Installing: /home/main/main_ws/install/lib/cmake/ydlidar_sdk/ydlidar_sdkTargets.cmake
-- Installing: /home/main/main_ws/install/lib/cmake/ydlidar_sdk/ydlidar_sdkConfigVersion.cmake
-- Installing: /home/main/main_ws/install/share/YDLIDAR_SDK/FindYDLIDAR_SDK.cmake
-- Up-to-date: /home/main/main_ws/install/share/YDLIDAR_SDK
-- Installing: /home/main/main_ws/install/share/YDLIDAR_SDK/PackageConfig.cmake.in
-- Installing: /home/main/main_ws/install/share/YDLIDAR_SDK/PackageConfigVersion.cmake.in
-- Installing: /home/main/main_ws/install/share/YDLIDAR_SDK/common
-- Installing: /home/main/main_ws/install/share/YDLIDAR_SDK/common/ydlidar_base.cmake
-- Installing: /home/main/main_ws/install/share/YDLIDAR_SDK/common/ydlidar_parse.cmake
-- Installing: /home/main/main_ws/install/share/YDLIDAR_SDK/PkgConfig.pc.in
-- Installing: /home/main/main_ws/install/share/YDLIDAR_SDK/FindPackage.cmake.in
-- Installing: /home/main/main_ws/install/share/YDLIDAR_SDK/script_show_final_summary.cmake
-- Installing: /home/main/main_ws/install/share/YDLIDAR_SDK/install_package.cmake
-- Installing: /home/main/main_ws/install/share/YDLIDAR_SDK/cmake_uninstall.cmake.in
-- Installing: /home/main/main_ws/install/share/YDLIDAR_SDK/LICENSE.txt
-- Installing: /home/main/main_ws/install/share/YDLIDAR_SDK/README.md
-- Installing: /home/main/main_ws/install/share/YDLIDAR_SDK/doc
-- Installing: /home/main/main_ws/install/share/YDLIDAR_SDK/doc/tutorials
-- Installing: /home/main/main_ws/install/share/YDLIDAR_SDK/doc/tutorials/examine_the_simple_lidar_tutorial.md
-- Installing: /home/main/main_ws/install/share/YDLIDAR_SDK/doc/tutorials/writing_lidar_tutorial_c.md
-- Installing: /home/main/main_ws/install/share/YDLIDAR_SDK/doc/tutorials/writing_lidar_tutorial_c++.md
-- Installing: /home/main/main_ws/install/share/YDLIDAR_SDK/doc/tutorials/writing_lidar_network_adapter_tutorial_c++.md
-- Installing: /home/main/main_ws/install/share/YDLIDAR_SDK/doc/tutorials/writing_lidar_tutorial_python.md
-- Installing: /home/main/main_ws/install/share/YDLIDAR_SDK/doc/Dataset.md
-- Installing: /home/main/main_ws/install/share/YDLIDAR_SDK/doc/Diagram.md
-- Installing: /home/main/main_ws/install/share/YDLIDAR_SDK/doc/YDLidar_SDK_Communication_Protocol.pdf
-- Installing: /home/main/main_ws/install/share/YDLIDAR_SDK/doc/YDLidar-SDK-Communication-Protocol.md
-- Installing: /home/main/main_ws/install/share/YDLIDAR_SDK/doc/FAQs
-- Installing: /home/main/main_ws/install/share/YDLIDAR_SDK/doc/FAQs/Hardware_FAQs_cn.md
-- Installing: /home/main/main_ws/install/share/YDLIDAR_SDK/doc/FAQs/Hardware_FAQs.md
-- Installing: /home/main/main_ws/install/share/YDLIDAR_SDK/doc/FAQs/Software_FAQs_cn.md
-- Installing: /home/main/main_ws/install/share/YDLIDAR_SDK/doc/FAQs/Software_FAQs.md
-- Installing: /home/main/main_ws/install/share/YDLIDAR_SDK/doc/FAQs/README.md
-- Installing: /home/main/main_ws/install/share/YDLIDAR_SDK/doc/FAQs/General_FAQs_cn.md
-- Installing: /home/main/main_ws/install/share/YDLIDAR_SDK/doc/FAQs/General_FAQs.md
-- Installing: /home/main/main_ws/install/share/YDLIDAR_SDK/doc/quickstart
-- Installing: /home/main/main_ws/install/share/YDLIDAR_SDK/doc/quickstart/ydlidar_sdk_software_installation_guide.md
-- Installing: /home/main/main_ws/install/share/YDLIDAR_SDK/doc/quickstart/README.md
-- Installing: /home/main/main_ws/install/share/YDLIDAR_SDK/doc/Tutorials.md
-- Installing: /home/main/main_ws/install/share/YDLIDAR_SDK/doc/SDK.pdf
-- Installing: /home/main/main_ws/install/share/YDLIDAR_SDK/doc/images
-- Installing: /home/main/main_ws/install/share/YDLIDAR_SDK/doc/images/sdk_architecture.png
-- Installing: /home/main/main_ws/install/share/YDLIDAR_SDK/doc/images/frame.png
-- Installing: /home/main/main_ws/install/share/YDLIDAR_SDK/doc/images/YDLidar.jpg
-- Installing: /home/main/main_ws/install/share/YDLIDAR_SDK/doc/images/angle_q2.png
-- Installing: /home/main/main_ws/install/share/YDLIDAR_SDK/doc/images/EAI.png
-- Installing: /home/main/main_ws/install/share/YDLIDAR_SDK/doc/images/sequence.png
-- Installing: /home/main/main_ws/install/share/YDLIDAR_SDK/doc/images/sdk_init.png
-- Installing: /home/main/main_ws/install/share/YDLIDAR_SDK/doc/images/FlowChart.png
-- Installing: /home/main/main_ws/install/share/YDLIDAR_SDK/doc/images/system_workflow.png
-- Installing: /home/main/main_ws/install/share/YDLIDAR_SDK/doc/images/communication_mechanism.png
-- Installing: /home/main/main_ws/install/share/YDLIDAR_SDK/doc/images/sdk_scanning.png
-- Installing: /home/main/main_ws/install/share/YDLIDAR_SDK/doc/images/frame_intensity.png
-- Installing: /home/main/main_ws/install/share/YDLIDAR_SDK/doc/images/YDLidar.png
-- Installing: /home/main/main_ws/install/share/YDLIDAR_SDK/doc/YDLidar-SDK-Communication-Protocol.html
-- Installing: /home/main/main_ws/install/share/YDLIDAR_SDK/doc/YDLidar-SDK-Communication-Protocol.pdf
-- Installing: /home/main/main_ws/install/share/YDLIDAR_SDK/doc/howto
-- Installing: /home/main/main_ws/install/share/YDLIDAR_SDK/doc/howto/how_to_create_a_udev_rules.md
-- Installing: /home/main/main_ws/install/share/YDLIDAR_SDK/doc/howto/how_to_create_a_csharp_project.md
-- Installing: /home/main/main_ws/install/share/YDLIDAR_SDK/doc/howto/how_to_create_a_pull.md
-- Installing: /home/main/main_ws/install/share/YDLIDAR_SDK/doc/howto/how_to_gerenrate_vs_project_by_cmake.md
-- Installing: /home/main/main_ws/install/share/YDLIDAR_SDK/doc/howto/how_to_build_and_debug_using_vscode.md
-- Installing: /home/main/main_ws/install/share/YDLIDAR_SDK/doc/howto/images
-- Installing: /home/main/main_ws/install/share/YDLIDAR_SDK/doc/howto/images/vscode
-- Installing: /home/main/main_ws/install/share/YDLIDAR_SDK/doc/howto/images/vscode/tasks.png
-- Installing: /home/main/main_ws/install/share/YDLIDAR_SDK/doc/howto/images/vscode/run_tasks.jpg
-- Installing: /home/main/main_ws/install/share/YDLIDAR_SDK/doc/howto/images/csharp_running.png
-- Installing: /home/main/main_ws/install/share/YDLIDAR_SDK/doc/howto/images/ttyUSB0.png
-- Installing: /home/main/main_ws/install/share/YDLIDAR_SDK/doc/howto/images/cpack.png
-- Installing: /home/main/main_ws/install/share/YDLIDAR_SDK/doc/howto/images/csharp_library.png
-- Installing: /home/main/main_ws/install/share/YDLIDAR_SDK/doc/howto/images/ydlidar_lidar_monitor.png
-- Installing: /home/main/main_ws/install/share/YDLIDAR_SDK/doc/howto/images/sequence.png
-- Installing: /home/main/main_ws/install/share/YDLIDAR_SDK/doc/howto/images/sdk_init.png
-- Installing: /home/main/main_ws/install/share/YDLIDAR_SDK/doc/howto/images/csharp_exception.png
-- Installing: /home/main/main_ws/install/share/YDLIDAR_SDK/doc/howto/images/csharp_build.png
-- Installing: /home/main/main_ws/install/share/YDLIDAR_SDK/doc/howto/images/sdk_scanning.png
-- Installing: /home/main/main_ws/install/share/YDLIDAR_SDK/doc/howto/images/ttyUSB1.png
-- Installing: /home/main/main_ws/install/share/YDLIDAR_SDK/doc/howto/images/csharp_project.png
-- Installing: /home/main/main_ws/install/share/YDLIDAR_SDK/doc/howto/how_to_build_and_install.md
-- Installing: /home/main/main_ws/install/share/YDLIDAR_SDK/doc/howto/README.md
-- Installing: /home/main/main_ws/install/share/YDLIDAR_SDK/doc/howto/how_to_solve_slow_pull_from_cn.md
-- Installing: /home/main/main_ws/install/share/YDLIDAR_SDK/doc/README.md
-- Installing: /home/main/main_ws/install/share/YDLIDAR_SDK/doc/YDLIDAR_SDK_API_for_Developers.md
-- Installing: /home/main/main_ws/install/startup/initenv.sh
-- Installing: /home/main/main_ws/install/bin/etlidar_test
-- Installing: /home/main/main_ws/install/bin/tof_test
-- Installing: /home/main/main_ws/install/bin/ydlidar_test
-- Installing: /home/main/main_ws/install/bin/lidar_c_api_test
