[0.023s] Invoking command in '/home/main/main_ws/build/main_description': CMAKE_PREFIX_PATH=${CMAKE_PREFIX_PATH}:/opt/ros/humble /usr/bin/cmake /home/main/main_ws/src/main_description -DCMAKE_INSTALL_PREFIX=/home/main/main_ws/install
[0.202s] -- The C compiler identification is GNU 11.4.0
[0.202s] -- The CXX compiler identification is GNU 11.4.0
[0.202s] -- Detecting C compiler ABI info
[0.202s] -- Detecting C compiler ABI info - done
[0.202s] -- Check for working C compiler: /usr/bin/cc - skipped
[0.202s] -- Detecting C compile features
[0.202s] -- Detecting C compile features - done
[0.203s] -- Detecting CXX compiler ABI info
[0.262s] -- Detecting CXX compiler ABI info - done
[0.272s] -- Check for working CXX compiler: /usr/bin/c++ - skipped
[0.272s] -- Detecting CXX compile features
[0.273s] -- Detecting CXX compile features - done
[0.275s] -- Found ament_cmake: 1.3.11 (/opt/ros/humble/share/ament_cmake/cmake)
[0.435s] -- Found Python3: /usr/bin/python3 (found version "3.10.12") found components: Interpreter 
[0.525s] -- Found urdf: 2.6.1 (/opt/ros/humble/share/urdf/cmake)
[0.632s] -- Configuring done
[0.634s] -- Generating done
[0.635s] -- Build files have been written to: /home/main/main_ws/build/main_description
[0.643s] Invoked command in '/home/main/main_ws/build/main_description' returned '0': CMAKE_PREFIX_PATH=${CMAKE_PREFIX_PATH}:/opt/ros/humble /usr/bin/cmake /home/main/main_ws/src/main_description -DCMAKE_INSTALL_PREFIX=/home/main/main_ws/install
[0.645s] Invoking command in '/home/main/main_ws/build/main_description': CMAKE_PREFIX_PATH=${CMAKE_PREFIX_PATH}:/opt/ros/humble /usr/bin/cmake --build /home/main/main_ws/build/main_description -- -j16 -l16
[0.691s] Invoked command in '/home/main/main_ws/build/main_description' returned '0': CMAKE_PREFIX_PATH=${CMAKE_PREFIX_PATH}:/opt/ros/humble /usr/bin/cmake --build /home/main/main_ws/build/main_description -- -j16 -l16
[0.705s] Invoking command in '/home/main/main_ws/build/main_description': CMAKE_PREFIX_PATH=${CMAKE_PREFIX_PATH}:/opt/ros/humble /usr/bin/cmake --install /home/main/main_ws/build/main_description
[0.711s] -- Install configuration: ""
[0.711s] -- Installing: /home/main/main_ws/install/share/main_description/meshes
[0.711s] -- Installing: /home/main/main_ws/install/share/main_description/meshes/wheels
[0.711s] -- Installing: /home/main/main_ws/install/share/main_description/meshes/wheels/omo_r1_wheel.stl
[0.711s] -- Installing: /home/main/main_ws/install/share/main_description/meshes/sensors
[0.711s] -- Installing: /home/main/main_ws/install/share/main_description/meshes/sensors/omo_r1_lidar.stl
[0.712s] -- Installing: /home/main/main_ws/install/share/main_description/meshes/sensors/omo_r1_camera.stl
[0.712s] -- Installing: /home/main/main_ws/install/share/main_description/meshes/bases
[0.712s] -- Installing: /home/main/main_ws/install/share/main_description/meshes/bases/omo_r1_body.stl
[0.713s] -- Installing: /home/main/main_ws/install/share/main_description/rviz
[0.713s] -- Installing: /home/main/main_ws/install/share/main_description/rviz/model.rviz
[0.714s] -- Installing: /home/main/main_ws/install/share/main_description/urdf
[0.714s] -- Installing: /home/main/main_ws/install/share/main_description/urdf/omo_r1.urdf.xacro
[0.714s] -- Installing: /home/main/main_ws/install/share/main_description/urdf/omo_r1.urdf.g2.xacro
[0.714s] -- Installing: /home/main/main_ws/install/share/main_description/urdf/omo_r1.urdf
[0.714s] -- Installing: /home/main/main_ws/install/share/main_description/urdf/common_properties.xacro
[0.714s] -- Installing: /home/main/main_ws/install/share/main_description/launch
[0.714s] -- Installing: /home/main/main_ws/install/share/main_description/launch/omo_r1_description_rviz.launch.py
[0.714s] -- Installing: /home/main/main_ws/install/share/main_description/launch/omo_r1_state_publisher.launch.py
[0.714s] -- Installing: /home/main/main_ws/install/share/main_description/launch/omo_r1_description_launch.py
[0.715s] -- Installing: /home/main/main_ws/install/share/ament_index/resource_index/package_run_dependencies/main_description
[0.715s] -- Installing: /home/main/main_ws/install/share/ament_index/resource_index/parent_prefix_path/main_description
[0.715s] -- Installing: /home/main/main_ws/install/share/main_description/environment/ament_prefix_path.sh
[0.715s] -- Installing: /home/main/main_ws/install/share/main_description/environment/ament_prefix_path.dsv
[0.715s] -- Installing: /home/main/main_ws/install/share/main_description/environment/path.sh
[0.715s] -- Installing: /home/main/main_ws/install/share/main_description/environment/path.dsv
[0.715s] -- Installing: /home/main/main_ws/install/share/main_description/local_setup.bash
[0.715s] -- Installing: /home/main/main_ws/install/share/main_description/local_setup.sh
[0.715s] -- Installing: /home/main/main_ws/install/share/main_description/local_setup.zsh
[0.715s] -- Installing: /home/main/main_ws/install/share/main_description/local_setup.dsv
[0.715s] -- Installing: /home/main/main_ws/install/share/main_description/package.dsv
[0.716s] -- Installing: /home/main/main_ws/install/share/ament_index/resource_index/packages/main_description
[0.716s] -- Installing: /home/main/main_ws/install/share/main_description/cmake/main_descriptionConfig.cmake
[0.716s] -- Installing: /home/main/main_ws/install/share/main_description/cmake/main_descriptionConfig-version.cmake
[0.716s] -- Installing: /home/main/main_ws/install/share/main_description/package.xml
[0.717s] Invoked command in '/home/main/main_ws/build/main_description' returned '0': CMAKE_PREFIX_PATH=${CMAKE_PREFIX_PATH}:/opt/ros/humble /usr/bin/cmake --install /home/main/main_ws/build/main_description
