[0.195s] Invoking command in '/home/main/main_ws/build/obstacle_plugin': CMAKE_PREFIX_PATH=${CMAKE_PREFIX_PATH}:/opt/ros/humble /usr/bin/cmake --build /home/main/main_ws/build/obstacle_plugin -- -j16 -l16
[0.247s] [100%] Built target manual_obstacle_layer
[0.289s] Invoked command in '/home/main/main_ws/build/obstacle_plugin' returned '0': CMAKE_PREFIX_PATH=${CMAKE_PREFIX_PATH}:/opt/ros/humble /usr/bin/cmake --build /home/main/main_ws/build/obstacle_plugin -- -j16 -l16
[0.290s] Invoking command in '/home/main/main_ws/build/obstacle_plugin': CMAKE_PREFIX_PATH=${CMAKE_PREFIX_PATH}:/opt/ros/humble /usr/bin/cmake --install /home/main/main_ws/build/obstacle_plugin
[0.297s] -- Install configuration: ""
[0.298s] -- Up-to-date: /home/main/main_ws/install/share/obstacle_plugin/plugins.xml
[0.298s] -- Up-to-date: /home/main/main_ws/install/lib/obstacle_plugin/libmanual_obstacle_layer.so
[0.298s] -- Up-to-date: /home/main/main_ws/install/share/obstacle_plugin/plugins.xml
[0.298s] -- Up-to-date: /home/main/main_ws/install/share/ament_index/resource_index/package_run_dependencies/obstacle_plugin
[0.298s] -- Up-to-date: /home/main/main_ws/install/share/ament_index/resource_index/parent_prefix_path/obstacle_plugin
[0.298s] -- Up-to-date: /home/main/main_ws/install/share/obstacle_plugin/environment/ament_prefix_path.sh
[0.298s] -- Up-to-date: /home/main/main_ws/install/share/obstacle_plugin/environment/ament_prefix_path.dsv
[0.298s] -- Up-to-date: /home/main/main_ws/install/share/obstacle_plugin/environment/path.sh
[0.298s] -- Up-to-date: /home/main/main_ws/install/share/obstacle_plugin/environment/path.dsv
[0.298s] -- Up-to-date: /home/main/main_ws/install/share/obstacle_plugin/local_setup.bash
[0.298s] -- Up-to-date: /home/main/main_ws/install/share/obstacle_plugin/local_setup.sh
[0.299s] -- Up-to-date: /home/main/main_ws/install/share/obstacle_plugin/local_setup.zsh
[0.299s] -- Up-to-date: /home/main/main_ws/install/share/obstacle_plugin/local_setup.dsv
[0.299s] -- Installing: /home/main/main_ws/install/share/obstacle_plugin/package.dsv
[0.299s] -- Up-to-date: /home/main/main_ws/install/share/ament_index/resource_index/packages/obstacle_plugin
[0.299s] -- Up-to-date: /home/main/main_ws/install/share/ament_index/resource_index/nav2_costmap_2d__pluginlib__plugin/obstacle_plugin
[0.299s] -- Up-to-date: /home/main/main_ws/install/share/obstacle_plugin/cmake/obstacle_pluginConfig.cmake
[0.299s] -- Up-to-date: /home/main/main_ws/install/share/obstacle_plugin/cmake/obstacle_pluginConfig-version.cmake
[0.299s] -- Up-to-date: /home/main/main_ws/install/share/obstacle_plugin/package.xml
[0.355s] Invoked command in '/home/main/main_ws/build/obstacle_plugin' returned '0': CMAKE_PREFIX_PATH=${CMAKE_PREFIX_PATH}:/opt/ros/humble /usr/bin/cmake --install /home/main/main_ws/build/obstacle_plugin
