-- The C compiler identification is GNU 11.4.0
-- The CXX compiler identification is GNU 11.4.0
-- Detecting C compiler ABI info
-- Detecting C compiler ABI info - done
-- Check for working C compiler: /usr/bin/cc - skipped
-- Detecting C compile features
-- Detecting C compile features - done
-- Detecting CXX compiler ABI info
-- Detecting CXX compiler ABI info - done
-- Check for working CXX compiler: /usr/bin/c++ - skipped
-- Detecting CXX compile features
-- Detecting CXX compile features - done
-- Found ament_cmake: 1.3.11 (/opt/ros/humble/share/ament_cmake/cmake)
-- Found Python3: /usr/bin/python3 (found version "3.10.12") found components: Interpreter 
-- Found nav2_costmap_2d: 1.1.18 (/opt/ros/humble/share/nav2_costmap_2d/cmake)
-- Found rosidl_generator_c: 3.1.6 (/opt/ros/humble/share/rosidl_generator_c/cmake)
-- Found rosidl_adapter: 3.1.6 (/opt/ros/humble/share/rosidl_adapter/cmake)
-- Found rosidl_generator_cpp: 3.1.6 (/opt/ros/humble/share/rosidl_generator_cpp/cmake)
-- Using all available rosidl_typesupport_c: rosidl_typesupport_fastrtps_c;rosidl_typesupport_introspection_c
-- Using all available rosidl_typesupport_cpp: rosidl_typesupport_fastrtps_cpp;rosidl_typesupport_introspection_cpp
-- Found rmw_implementation_cmake: 6.1.2 (/opt/ros/humble/share/rmw_implementation_cmake/cmake)
-- Found rmw_fastrtps_cpp: 6.2.7 (/opt/ros/humble/share/rmw_fastrtps_cpp/cmake)
-- Found OpenSSL: /usr/lib/x86_64-linux-gnu/libcrypto.so (found version "3.0.2")  
-- Found FastRTPS: /opt/ros/humble/include  
-- Using RMW implementation 'rmw_fastrtps_cpp' as default
-- Looking for pthread.h
-- Looking for pthread.h - found
-- Performing Test CMAKE_HAVE_LIBC_PTHREAD
-- Performing Test CMAKE_HAVE_LIBC_PTHREAD - Success
-- Found Threads: TRUE  
-- Found Eigen3: TRUE (found version "3.4.0") 
-- Ensuring Eigen3 include directory is part of orocos-kdl CMake target
-- Found ament_lint_auto: 0.12.12 (/opt/ros/humble/share/ament_lint_auto/cmake)
-- Added test 'cppcheck' to perform static code analysis on C / C++ code
-- Configured cppcheck include dirs: 
-- Configured cppcheck exclude dirs and/or files: 
-- Added test 'lint_cmake' to check CMake code style
-- Added test 'uncrustify' to check C / C++ code style
-- Configured uncrustify additional arguments: 
-- Added test 'xmllint' to check XML markup files
-- Configuring done
-- Generating done
-- Build files have been written to: /home/main/main_ws/build/obstacle_plugin
[ 50%] [32mBuilding CXX object CMakeFiles/manual_obstacle_layer.dir/src/manual_obstacle_layer.cpp.o[0m
In file included from [01m[K/home/main/main_ws/src/obstacle_plugin/src/manual_obstacle_layer.cpp:9[m[K:
[01m[K/opt/ros/humble/include/tf2_geometry_msgs/tf2_geometry_msgs/tf2_geometry_msgs.h:35:2:[m[K [01;35m[Kwarning: [m[K#warning This header is obsolete, please include tf2_geometry_msgs/tf2_geometry_msgs.hpp instead [[01;35m[K]8;;https://gcc.gnu.org/onlinedocs/gcc/Warning-Options.html#index-Wcpp-Wcpp]8;;[m[K]
   35 | #[01;35m[Kwarning[m[K This header is obsolete, please include tf2_geometry_msgs/tf2_geometry_msgs.hpp instead
      |  [01;35m[K^~~~~~~[m[K
[100%] [32m[1mLinking CXX shared library libmanual_obstacle_layer.so[0m
[100%] Built target manual_obstacle_layer
-- Install configuration: ""
-- Installing: /home/main/main_ws/install/share/obstacle_plugin/plugins.xml
-- Installing: /home/main/main_ws/install/lib/obstacle_plugin/libmanual_obstacle_layer.so
-- Set runtime path of "/home/main/main_ws/install/lib/obstacle_plugin/libmanual_obstacle_layer.so" to ""
-- Up-to-date: /home/main/main_ws/install/share/obstacle_plugin/plugins.xml
-- Installing: /home/main/main_ws/install/share/ament_index/resource_index/package_run_dependencies/obstacle_plugin
-- Installing: /home/main/main_ws/install/share/ament_index/resource_index/parent_prefix_path/obstacle_plugin
-- Installing: /home/main/main_ws/install/share/obstacle_plugin/environment/ament_prefix_path.sh
-- Installing: /home/main/main_ws/install/share/obstacle_plugin/environment/ament_prefix_path.dsv
-- Installing: /home/main/main_ws/install/share/obstacle_plugin/environment/path.sh
-- Installing: /home/main/main_ws/install/share/obstacle_plugin/environment/path.dsv
-- Installing: /home/main/main_ws/install/share/obstacle_plugin/local_setup.bash
-- Installing: /home/main/main_ws/install/share/obstacle_plugin/local_setup.sh
-- Installing: /home/main/main_ws/install/share/obstacle_plugin/local_setup.zsh
-- Installing: /home/main/main_ws/install/share/obstacle_plugin/local_setup.dsv
-- Installing: /home/main/main_ws/install/share/obstacle_plugin/package.dsv
-- Installing: /home/main/main_ws/install/share/ament_index/resource_index/packages/obstacle_plugin
-- Installing: /home/main/main_ws/install/share/ament_index/resource_index/nav2_costmap_2d__pluginlib__plugin/obstacle_plugin
-- Installing: /home/main/main_ws/install/share/obstacle_plugin/cmake/obstacle_pluginConfig.cmake
-- Installing: /home/main/main_ws/install/share/obstacle_plugin/cmake/obstacle_pluginConfig-version.cmake
-- Installing: /home/main/main_ws/install/share/obstacle_plugin/package.xml
