[0.015s] Invoking command in '/home/main/main_ws/build/main_motor': AMENT_PREFIX_PATH=/home/main/main_ws/install:${AMENT_PREFIX_PATH} CMAKE_PREFIX_PATH=/home/main/main_ws/install:/opt/ros/humble LD_LIBRARY_PATH=/home/main/main_ws/install/lib:${LD_LIBRARY_PATH} PATH=/home/main/main_ws/install/bin:${PATH} PYTHONPATH=/home/main/main_ws/install/lib/python3.10/site-packages:${PYTHONPATH} /usr/bin/cmake --build /home/main/main_ws/build/main_motor -- -j16 -l16
[0.041s] -- Found ament_cmake: 1.3.11 (/opt/ros/humble/share/ament_cmake/cmake)
[0.154s] -- Found rclcpp: 16.0.12 (/opt/ros/humble/share/rclcpp/cmake)
[0.181s] -- Found rosidl_generator_c: 3.1.6 (/opt/ros/humble/share/rosidl_generator_c/cmake)
[0.183s] -- Found rosidl_adapter: 3.1.6 (/opt/ros/humble/share/rosidl_adapter/cmake)
[0.189s] -- Found rosidl_generator_cpp: 3.1.6 (/opt/ros/humble/share/rosidl_generator_cpp/cmake)
[0.197s] -- Using all available rosidl_typesupport_c: rosidl_typesupport_fastrtps_c;rosidl_typesupport_introspection_c
[0.206s] -- Using all available rosidl_typesupport_cpp: rosidl_typesupport_fastrtps_cpp;rosidl_typesupport_introspection_cpp
[0.231s] -- Found rmw_implementation_cmake: 6.1.2 (/opt/ros/humble/share/rmw_implementation_cmake/cmake)
[0.232s] -- Found rmw_fastrtps_cpp: 6.2.7 (/opt/ros/humble/share/rmw_fastrtps_cpp/cmake)
[0.308s] -- Using RMW implementation 'rmw_fastrtps_cpp' as default
[0.349s] -- Found geometry_msgs: 4.8.0 (/opt/ros/humble/share/geometry_msgs/cmake)
[0.358s] -- Found nav_msgs: 4.8.0 (/opt/ros/humble/share/nav_msgs/cmake)
[0.369s] -- Found serial: 1.2.1 (/home/main/main_ws/install/share/serial/cmake)
[0.370s] -- Found ament_lint_auto: 0.12.12 (/opt/ros/humble/share/ament_lint_auto/cmake)
[0.416s] -- Added test 'cppcheck' to perform static code analysis on C / C++ code
[0.417s] -- Configured cppcheck include dirs: 
[0.417s] -- Configured cppcheck exclude dirs and/or files: 
[0.417s] -- Added test 'lint_cmake' to check CMake code style
[0.418s] -- Added test 'uncrustify' to check C / C++ code style
[0.418s] -- Configured uncrustify additional arguments: 
[0.418s] -- Added test 'xmllint' to check XML markup files
[0.419s] [31mCMake Error at CMakeLists.txt:45 (add_executable):
[0.419s]   The target name "test" is reserved when CTest testing is enabled.
[0.419s] 
[0.419s] [0m
[0.419s] -- Configuring incomplete, errors occurred!
[0.419s] See also "/home/main/main_ws/build/main_motor/CMakeFiles/CMakeOutput.log".
[0.424s] gmake: *** [Makefile:308: cmake_check_build_system] Error 1
[0.451s] Invoked command in '/home/main/main_ws/build/main_motor' returned '2': AMENT_PREFIX_PATH=/home/main/main_ws/install:${AMENT_PREFIX_PATH} CMAKE_PREFIX_PATH=/home/main/main_ws/install:/opt/ros/humble LD_LIBRARY_PATH=/home/main/main_ws/install/lib:${LD_LIBRARY_PATH} PATH=/home/main/main_ws/install/bin:${PATH} PYTHONPATH=/home/main/main_ws/install/lib/python3.10/site-packages:${PYTHONPATH} /usr/bin/cmake --build /home/main/main_ws/build/main_motor -- -j16 -l16
